0
17016
361505
0
1
0
17016
1221
6
6
17016
17016
361503
1221
361503
361503
161928
453608
161928
9
0
7
361502
161926
9
5
453607
361499
453606
161925
7
258402
488218
161922
12
445114
488217
488214
488214
396969
10
473911
488213
488213
18
473910
453600
488213
450766
19693
488213
488213
161917
488213
488213
488212
473909
453599
453598
396966
450763
488210
490020
12
334155
488210
396966
78298
26
161914
488206
488206
490017
450761
473902
488205
473901
334154
490016
490016
488205
497724
497722
473899
344449
107339
497721
384773
384772
384772
263732
490010
488200
473896
473896
473896
384772
20519
497721
488200
438903
488200
488200
497721
490010
19686
497721
497720
497720
473896
473896
492421
497718
490005
490005
286094
492420
490005
221573
490003
497716
490003
490003
396950
490002
450747
497716
473892
473892
497715
492417
43
497712
53553
497712
492414
396945
201645
497710
489995
497710
492413
473888
497709
286085
34
492408
489989
492407
483258
286082
489989
473884
483257
497705
497705
384751
473884
497705
31716
483257
492407
497705
489989
489987
489987
483251
201638
286078
497700
489885
483251
492404
497699
489983
483250
332051
461057
49
483249
448000
489979
286077
106373
489977
483246
286076
489977
489880
489975
56
489975
384741
384741
289708
384741
289708
497692
489879
489879
489974
492398
106370
384740
488173
289706
289706
492398
489972
450716
497690
489971
497690
497687
473876
489969
241216
489877
497687
473876
63766
450711
489967
483235
492395
473875
489967
473874
489967
221552
497687
445056
492391
489965
498315
473869
466687
498311
498310
473866
498309
498309
489866
498309
384728
492380
492380
473864
106368
483228
498307
497675
241208
489864
453534
473863
396917
498305
498304
489956
489956
492377
483223
489955
175525
473859
498300
497666
498299
498298
473857
308979
492375
492375
106365
289690
483223
473857
106365
483223
492375
466677
483223
489859
489859
498298
308979
489954
492375
473855
492375
498297
201617
483222
492373
492373
492373
201617
497663
57355
483222
498296
498296
331709
498295
498295
466674
498295
359093
492370
489854
498295
489853
308975
489952
481561
498294
384719
498294
489848
384717
489847
498292
474377
489846
498292
175520
483218
492362
498292
489846
492362
498292
498292
221942
498292
498292
497656
489947
498292
445036
396893
498292
498292
498292
489946
489843
296747
492359
53533
437116
498292
489944
296747
498292
489944
498292
498291
492358
489942
455268
498290
498290
335641
335641
437116
498289
335640
498289
489940
489940
498289
498289
489940
482891
221938
492355
489940
498289
483208
492354
492354
498288
498288
483208
135331
492353
489939
498287
482889
497652
476090
396888
498286
300062
498285
106352
466662
335636
483206
498285
498285
296740
384707
483206
489832
476087
498285
335635
476087
57741
498285
498285
489935
489935
455260
498285
57741
489828
489935
289668
498283
498283
489935
241184
497647
498282
492343
489932
483199
438713
483198
483198
492341
464814
476078
489821
498279
498279
498279
498279
498279
498279
300050
476077
497643
498278
498278
476077
498277
498277
162414
489927
483189
476075
335618
162414
483187
489925
498273
492338
498270
489921
21154
498270
162410
489817
498269
489921
498269
498269
498269
84144
476070
474350
492335
498269
497634
489920
241163
248472
497634
454403
498267
483173
498267
498267
492333
498267
335607
489811
489917
384678
489915
384676
489915
498266
498266
384676
498266
489914
84142
498265
489914
498265
498265
489913
498265
497631
489913
498265
489912
489912
492328
489912
211200
492328
351320
489912
498265
335603
428160
345381
335603
498263
483164
289640
492326
489805
498263
483163
483163
497626
498263
489804
498263
453487
489804
489804
492326
498263
498263
351313
483161
498263
483161
351313
84139
384666
476053
498262
211192
221900
498260
482277
498260
495312
498260
482277
296701
442977
442386
474333
492322
468254
498258
483156
498258
495308
84138
162393
384661
483153
489798
474330
162392
468249
445524
483153
498254
495304
498252
498252
241148
335593
495303
489794
483150
482267
384659
498252
495303
388630
498251
492313
498251
492312
308915
84133
474322
455208
495300
492310
483149
489891
289625
84133
492304
296692
437060
15703
468243
84133
495296
497604
492303
474316
489785
495294
335584
300006
498240
498240
492302
498240
162386
498239
498239
492302
498239
351300
468238
498239
211178
483143
483142
498238
489784
492301
498238
498238
489883
153
162386
489781
489880
59
63700
495286
482253
483133
335574
483133
495286
498234
489878
489777
495286
492296
293292
388612
497596
498232
498230
498230
495281
497594
498230
483129
498230
498229
489773
483129
482244
495280
455189
489872
483128
498229
221877
489770
498228
335569
495279
162381
483126
498228
495278
498228
498228
388607
495277
463635
492288
498227
211167
482239
133679
221870
474296
482238
498225
455182
498225
468216
498225
495274
384631
495273
497589
482236
388601
299986
488343
497585
489864
498220
241117
483118
474291
133678
492282
162373
488342
498218
201540
498216
488341
299984
497582
384628
388599
498215
241116
492277
482225
498213
498213
175453
241115
463621
492274
489755
164
483111
147
498211
498211
335553
497575
335551
211163
492271
498210
498210
482223
211162
455169
498210
384616
492270
498209
495259
497570
84117
492268
335547
296657
84117
495258
497568
495257
489748
488329
498204
498204
489746
299966
495254
483101
495252
483100
483100
492263
483100
489846
498200
495251
498200
335540
85798
388580
483099
498199
384607
498199
482210
335540
162366
492262
495249
495249
162365
495246
488319
492260
498198
299959
57709
489738
498197
498197
492258
488317
57709
492258
498197
492258
489738
162363
455151
497561
498197
489837
471323
492258
498197
498197
84111
489736
483089
495242
489735
483088
499568
499568
308858
388572
499568
296643
488305
499567
39956
499566
499566
299942
488299
481668
483084
492250
495237
499563
499563
495237
492250
497552
495236
495236
499560
489722
489722
497550
489722
482782
468177
335523
483081
499559
499559
299937
492247
455141
488294
499558
483079
495232
259018
335519
489721
468171
499557
497547
492246
474242
259017
499555
492246
497546
499555
499555
384590
468169
388561
296631
499555
492246
481453
211129
455134
489823
489717
489822
388558
489715
497540
384585
483072
499549
499549
495225
483071
488287
409450
499548
495224
229467
499548
489712
351230
485825
335528
455126
492234
218038
495215
489707
499541
474232
473628
474232
455123
499540
499540
229466
499539
483059
335506
495213
468151
499538
492230
495212
499538
499538
499537
445427
499537
489702
492229
488278
483054
259003
485817
88240
499537
499536
499536
351220
499532
499531
492222
497520
497519
492221
485812
499527
149658
499527
488269
499527
499527
499527
495200
499527
499527
489694
495200
499527
223
495200
477884
483047
499527
499527
483047
477884
499526
499526
492218
376835
499522
483044
499522
447965
258994
499520
477883
488264
477883
492211
495193
499517
499517
499517
495192
485803
492208
492554
499516
497509
499516
489682
498142
495191
384559
455101
492552
488257
495244
499513
495244
499513
497506
499513
499513
495189
495189
229452
499512
300791
388523
139141
495186
483033
499512
499512
499512
499512
495186
485794
495237
492198
495185
499511
495236
162338
39948
495235
479591
499507
482730
495233
483029
499506
499504
495180
393195
335496
483028
488245
495232
499503
477868
296591
499503
455091
499503
495232
495180
483028
483028
499502
495178
335477
468119
499502
495232
495232
162333
488245
393193
499501
499501
495176
499500
71
495232
485787
498124
468113
229440
492525
485785
423803
499490
499489
499488
495160
495160
483011
393185
258971
488240
495226
495159
39943
499486
495224
488238
499485
499484
482705
499483
483008
495224
13607
499483
258967
335483
495222
495155
499483
483007
495155
495220
495220
258963
495220
495220
335480
296573
499481
455070
492167
499479
495219
495154
499476
495216
495216
499473
229428
495152
335456
499473
483003
495151
495214
499473
289500
495211
468092
495211
483003
495211
492508
495211
483002
490599
477844
477841
455065
162315
499470
499470
497461
495149
499467
499467
495148
393696
495148
495207
495147
499465
495147
495147
499465
495206
468090
483001
444406
482690
495206
495206
468089
300754
468089
481360
499465
162313
88218
499465
499465
229422
495204
482688
393692
495204
455061
482688
488216
495145
499462
36
499462
482997
393689
495200
499462
495142
110621
258947
296558
497452
492142
499462
495197
485749
499461
393685
300742
331809
495194
482993
499460
495193
393684
495193
382115
300741
497450
335438
495192
495140
432744
495140
393683
499460
393683
495191
499459
229412
499459
495139
499456
499456
499456
495186
499455
495186
495185
499454
499454
495185
495185
88211
482986
382109
499453
495185
244433
162300
468073
168469
495183
495134
477816
499448
499448
488193
488193
393673
468071
495087
495182
499445
495182
499442
482980
229399
477813
495130
499442
488190
495180
482980
499442
499441
499441
499441
492486
495179
495179
495178
335423
299844
495125
499440
432728
258926
499438
499438
495124
499438
495124
487896
499438
482973
455033
495173
499436
499435
499434
499434
468058
393662
495166
499431
495166
495166
482969
488177
492111
495119
499428
162291
499426
482969
495165
495165
495165
382096
499426
497417
495165
264516
499426
495073
495165
241251
492109
499426
499425
495072
88200
162288
393657
482656
495163
495115
499423
495115
495161
495111
499417
499417
162285
499417
495157
497406
499416
499416
495156
477792
499416
162284
482648
492097
499415
299824
495067
495155
495110
485711
122870
495154
335432
497402
495154
499412
495066
485711
229385
482960
229384
495154
499411
482960
499411
335413
495153
499410
88
499410
339
455020
495151
482959
499407
485704
492090
495106
496180
499407
499407
495151
382085
499406
468044
335411
498031
382084
499406
335410
495149
264508
499405
495102
495144
495144
499404
382081
482637
477774
393643
497395
149594
258911
382080
499404
499404
495143
495143
495058
488148
495058
499404
485691
499404
460763
499403
495098
237596
477768
495056
499403
13741
497394
15560
437247
477767
88192
495136
495136
495096
495135
468034
300704
474623
499402
499402
488141
482948
39928
482948
497389
495053
499400
499400
499400
484304
495131
495131
495093
296516
499399
474621
499398
499398
495091
496168
499397
482945
499397
499397
499397
382071
382071
495049
499396
492072
498020
482942
495086
495125
335397
495124
496162
482938
495083
488127
495081
482936
499389
499389
499389
361846
482936
495121
393624
495121
496157
393624
162271
244
477753
499387
499386
482933
495116
477751
393621
482932
393104
495075
485669
495116
499386
335390
488121
490584
473487
496152
482931
495033
499385
499385
499385
499385
499384
482929
495109
393618
258891
499383
495108
482927
499383
499383
497373
456415
477740
270807
488109
495105
499381
245532
498003
499380
499379
499379
495031
393616
499377
495100
264480
495063
499373
495100
499373
499373
499373
499373
482922
495099
499372
495026
482596
497996
495097
499372
499372
308424
39922
488099
488099
495096
335383
499372
488099
495024
499372
495096
492045
495024
57648
497227
477728
454143
497227
499369
495059
499369
495023
454979
258881
497225
499367
482916
497358
497225
497225
499367
495057
499366
499366
497225
499365
393607
497355
229347
467997
229347
499364
485641
499361
477719
499359
499359
393600
229345
122842
477718
499359
499359
382036
335379
393080
490551
499355
312358
477716
229339
474574
296474
499353
454957
492025
499351
498127
498127
498127
497342
497212
477712
454953
497212
495003
499349
499347
48
335354
499347
499347
454951
482894
498123
498123
497208
393584
141156
497208
312349
497206
499343
133552
258855
162243
498118
499342
497332
477708
499341
413
499341
497203
497203
497203
494996
492397
264447
499340
497330
312345
497202
244354
88172
494993
393575
497202
477707
477707
494993
482567
499335
122833
497326
133548
497197
499333
499333
497197
482880
482880
162234
229325
454933
499331
497196
498108
162233
497196
498107
497196
494985
497195
495706
477699
482877
229323
498104
498104
497195
497194
162232
498103
499327
499327
498103
499327
499327
162230
264437
497319
497318
498101
494982
497188
393567
382007
498100
494982
482874
498100
497188
335334
499322
497187
229318
498098
498098
393563
499321
499321
498098
497186
497185
492000
494978
499318
497183
498097
499318
393563
229318
498097
393563
497182
39914
499317
497182
491260
497181
491995
499315
71214
494975
497179
494975
495691
497179
499315
499315
494975
290785
499315
497307
312331
499313
296445
497174
497174
497174
499311
498086
497173
497172
495684
494965
296443
454911
499302
467937
496071
477678
393554
499302
492362
499300
498078
499298
405839
497167
498075
361770
482849
497167
494958
482849
497167
499292
498071
499291
393547
497165
498069
497164
497164
393546
164988
498069
175255
498069
497163
476022
393544
497163
497163
495676
335327
393542
494948
494948
498067
499287
497160
393541
499285
494946
499285
482836
497159
229304
477665
296429
122812
499285
229302
499285
482836
499283
447024
162215
499283
477662
497155
499283
497155
498062
497155
393536
498062
476013
499283
498062
499283
393534
499283
229297
229297
497151
244316
499282
498060
482829
499281
264403
122808
499281
244315
476009
499281
494978
499281
497148
477655
495660
485573
499281
497148
498060
489442
494976
499279
467909
481725
495659
494975
497147
454877
264398
499277
258808
497147
447008
482821
499276
494931
437123
244309
491214
494929
454745
482817
499276
499276
229288
497143
467902
164969
499276
499276
162203
467901
88145
497143
381958
494926
497139
497139
393516
39904
498044
497136
494959
454866
499269
499269
497136
499269
393514
498039
487013
393514
482810
499268
149517
497136
477644
498037
495650
499267
497134
497134
497134
497134
296407
258799
499267
446997
499267
499266
494917
495647
482808
290742
497132
258796
229281
497131
477640
497131
498035
498034
477639
499263
454859
388756
497125
393508
487718
498029
497125
499260
393506
482485
477636
498028
498028
497125
494911
495642
494911
393506
499258
499255
497246
454853
497122
499255
497122
498025
497121
497246
499255
494906
499254
497121
497245
499254
498024
296395
494904
477632
499253
499253
497244
499251
482794
497119
499251
497119
499251
162186
497119
497119
497119
494903
229270
499249
494902
494902
498021
499249
498020
497115
499248
499247
482791
497112
494936
498017
497112
482791
498017
265929
494899
499245
482790
258777
498013
497107
381930
436814
361707
498011
499244
461
482786
499244
499244
477618
477617
495623
656667
482784
265927
656666
656665
392971
498008
381926
499239
352017
237466
454838
656664
656664
39898
656664
499238
656664
475958
312264
499238
454835
656664
656664
489026
474472
656663
499235
494884
495619
499235
494922
499235
499235
498002
656660
497098
88128
475952
499233
656660
656660
656660
656660
656660
498000
498000
656660
498000
446962
499231
378728
656657
656655
656655
656655
494878
495609
497997
656654
83982
393479
495304
497997
499225
656654
499224
497995
258763
656652
495301
499219
656650
656650
477599
656650
495299
497990
656650
229256
495606
482441
499215
497089
436794
482760
499215
495298
477597
656649
290706
477597
467842
497986
656648
482759
494905
494863
497986
656648
491146
656648
122779
497984
499213
656647
477596
656646
475933
164939
312247
656645
477594
656645
656645
397851
454817
497983
497983
497982
656644
477592
351999
494901
39893
656643
499212
499211
656642
499210
656642
499210
497981
499208
656641
499207
497977
491139
495356
499206
497975
477585
480837
467828
656638
656638
499204
497974
656638
482743
454805
361676
656637
656637
656636
656636
497971
656635
656635
499202
477582
229244
497971
482425
495287
393451
499202
656633
482739
499201
495587
499201
497967
296353
258744
494849
499199
499199
319474
494848
454799
499199
656629
494846
499198
393447
454796
499198
290681
499198
499198
497964
656628
499198
388371
319472
656628
495280
497960
258737
497960
265884
335221
656626
164923
447528
656625
494843
656624
233512
499190
340251
497959
656623
296343
499189
656622
656621
656621
482730
499187
656620
497956
497956
482729
656619
656619
491123
656618
497704
497954
477566
388222
499184
497953
499183
656617
656617
497949
499182
656617
497948
482724
244236
494833
656615
499180
351969
499180
656614
482723
162152
499178
296337
497692
499177
446916
491113
656612
381876
656612
656612
656612
497945
361655
499177
499177
489337
482718
495567
656610
494861
351963
494826
497942
656605
656605
656605
497940
499170
499169
499169
656604
393419
656603
482708
656601
499167
454770
482706
656600
494815
319445
381862
258715
482705
492208
482705
499162
656597
499162
656597
381861
494847
335196
265860
402569
256199
656597
499160
497678
656596
482702
497927
495246
499159
265858
656596
296317
499158
499158
656595
656595
497925
499156
388337
497779
494810
482702
499156
656594
495243
477543
499154
494809
656593
656593
499152
656593
497922
497033
471907
392891
656593
656593
149454
499151
490368
656593
335196
265853
491835
351943
497918
494802
497917
499150
499150
497916
467779
498500
656591
656591
475870
499149
497914
475870
494800
495237
397921
497914
499148
497914
656589
656589
351936
494799
656587
656587
656586
397917
656585
499145
497663
480783
495910
319426
237390
477530
499144
656584
656584
495540
499144
39878
499142
477529
656582
656582
656582
656582
499141
495229
656582
482685
491074
656581
290630
656580
482684
497658
656580
656580
656580
477528
497901
162127
442495
656580
474385
497900
497900
497900
656577
656577
230818
497656
494788
244195
498486
656576
491068
149445
497898
497898
656574
497896
499131
397907
656573
497895
446870
499129
497892
497892
497892
162127
296292
497892
656571
477516
656570
20
177125
656569
230816
482674
482674
499127
477514
467760
230815
482673
492167
177124
498937
337366
499126
656566
499126
499125
656566
499125
122735
149440
494779
296287
397900
656563
499123
319407
467755
498933
244188
499122
656563
656563
382096
361154
495207
499118
432610
498929
499117
656563
482666
495206
495520
499117
495520
290618
491052
656561
499116
477506
381827
497636
499116
446859
482662
491049
482662
656555
656555
499111
494863
455809
497632
495510
499108
173095
656552
494764
626
499108
656551
656551
498919
656551
497627
397885
656549
494760
462636
656548
491790
499106
656546
494759
656546
497625
656546
499104
497869
499104
494857
319390
407065
182863
498912
337342
497865
499101
499101
494786
499101
296265
499101
182860
499101
656544
656544
656544
656543
454707
656543
656543
499099
295031
446835
482637
397874
498448
475817
494749
471848
356
499098
499096
499096
656538
361580
494747
382069
482633
482633
499094
477485
361126
482629
656535
482629
381801
182856
57564
482629
494742
656534
482629
497609
408989
499090
499089
499089
491771
499088
133424
495489
494741
182855
656533
498898
499088
656532
497607
498897
656532
656532
499085
397864
656531
656531
656531
477479
482624
491016
499085
498896
656530
499085
477477
656530
494770
656530
498895
656530
499085
495487
382060
499085
656530
499085
656530
498895
474332
656529
482617
499080
656528
494731
499080
656528
499080
656528
494730
495486
499080
494730
499080
498889
477473
497841
122716
498886
497065
656526
499077
495482
656524
656524
656523
656522
482609
656519
499072
499072
397851
498881
497834
656518
482608
230775
296239
265790
498881
656517
436648
141015
656517
498881
497591
656517
656517
656517
499072
656517
319358
656517
477461
499072
122711
477461
656516
133413
498879
499071
162091
477460
499070
656513
499070
182845
122711
499068
497829
656509
499067
230771
656509
656509
471368
57558
656509
656509
498873
490996
656509
499066
474312
230771
499062
477456
499060
489237
498866
319353
475779
497580
495465
499057
490990
498865
656505
436637
122710
656504
475777
656502
494705
656501
498861
381772
656501
494705
481512
57556
498861
499051
397836
482589
499051
656498
335106
496769
498859
656498
498858
446789
497809
496767
656497
482588
499049
471803
390655
482588
494700
460391
499049
475771
499048
656496
656496
471802
496936
497565
656489
475770
494698
499045
495136
497807
656489
496244
656489
656489
656488
499044
499044
495445
482584
656485
499042
490977
499042
498851
497560
482584
152523
498848
495794
656481
656479
335097
656478
497800
482580
229139
397825
323585
498171
497799
13854
490972
497799
656476
499036
497798
494717
656475
382021
499034
397824
381756
656475
499033
498168
494715
497796
499032
656473
475759
482573
497795
499032
499032
296217
656471
499032
477425
488439
494684
499029
656468
492073
656468
499028
499028
499028
497791
397815
497791
167380
656466
496739
499026
499026
656465
474279
499026
499026
499026
656463
656463
182819
498835
494675
499026
497788
490955
656461
39861
454633
497787
382002
498834
495426
488432
361061
499022
482557
656456
182816
361060
499022
498831
499022
471772
656454
499020
474269
217651
497783
656454
482553
296199
381997
656453
494667
499018
495416
656452
454621
481467
182813
499017
490943
499017
498826
656450
244111
258605
229118
498825
497533
656448
499016
436591
497778
499016
498142
182812
498824
499014
498141
499014
490942
499014
656448
173036
475729
237296
397793
475727
656445
499013
499013
498821
337260
381989
319308
482541
496887
656445
499012
455711
494691
337258
656443
498817
499009
475720
481459
397789
656441
499008
656440
499006
497527
656440
397782
656440
496720
498814
499005
498814
494650
656440
656440
182804
497766
490926
656439
494649
495404
656437
494649
499003
436574
436574
499003
494648
656437
499003
244096
656436
167362
656436
656436
265732
467617
656436
656436
372799
498807
397776
497759
490919
497757
397775
656433
381971
258588
656431
498996
498996
656431
498996
498995
258585
498804
492036
39853
294946
498804
122673
498994
498994
381966
656426
498994
498994
498993
481446
489164
482519
494633
495387
498121
656422
498988
498797
182796
656422
656422
656422
498988
381697
498988
309502
490907
656422
488398
39849
265719
488397
162040
498120
294935
656419
656419
680281
498793
656418
656418
656418
680281
680281
498792
680280
182791
656418
498983
498983
656417
656417
680279
258572
319280
656416
680279
265713
680279
498114
454580
495383
290497
680278
656414
656414
488394
680278
309493
680277
372777
656414
656414
473713
496697
656414
656414
496697
656413
498978
680275
498978
230706
498978
446706
680273
88035
680270
656409
498943
680268
680268
430155
498969
397747
397747
498968
656405
656405
656405
495372
656405
167342
656403
680263
656403
656403
656402
680260
397742
497482
296146
656399
680258
680258
182776
680258
656399
454558
680258
680256
495365
656397
656397
187
497477
446686
488374
680250
680249
680249
680249
454548
656395
656394
680249
680249
498095
570668
392693
680245
656393
570662
488365
498950
680241
680241
656391
39843
496834
454539
656391
680240
656391
498950
13705
680239
477350
656391
656391
233324
656391
656391
498949
656391
680238
397724
680238
656390
570660
496670
656390
656389
122650
498943
474201
309460
570656
498090
680233
680233
570654
570654
680232
656385
265673
436507
656385
656385
498942
496827
680232
680232
656385
570653
498942
656385
680232
656385
656383
309454
680230
656382
182762
318027
497464
656381
456680
656381
656381
495345
656380
454525
294888
656380
294888
495344
454523
491640
495344
656380
570648
656380
656380
656380
498935
296118
656379
498902
570646
477336
656377
680222
680221
656377
498928
680221
656374
680221
498928
656374
656374
318021
680220
680220
680220
495335
498079
498899
680220
680220
498927
495334
570643
656371
680220
233313
324659
570642
498925
656368
230673
397706
656367
656367
372728
656365
656365
656365
182755
496806
570637
88012
680218
656365
656365
488337
498917
680216
570631
656365
570630
477322
656365
680215
570630
680215
656365
230666
656365
498073
656365
680213
67575
496114
397697
656365
570630
570630
122639
395239
309440
498719
656363
680210
265651
454508
656358
656358
496798
656358
265650
570619
570619
498905
570618
680208
656357
656357
656356
415940
656353
680207
182749
680207
680207
656353
656353
656352
570617
497433
656352
680205
656352
182746
495313
680204
477310
680204
498902
656349
656349
656349
498901
656349
656349
122634
436477
570615
570614
570614
656347
477308
570613
474165
680200
570613
230656
319209
495308
498897
656346
494548
498897
680199
680199
680199
680197
498895
680197
656344
680197
680197
656343
488318
656340
309422
656339
265637
570608
680191
477299
474157
656338
570604
446620
656337
393154
498692
680188
680188
570603
496618
656334
680187
656333
570601
656333
680183
172954
680183
392628
474149
495294
267603
680179
498876
680178
397662
656331
495164
656330
454474
680177
172951
388063
39823
570589
680175
477286
680175
497677
656324
656324
203571
494643
229016
680169
122970
497674
243995
466841
498035
570585
381593
680169
496764
656323
570584
309400
498672
267593
494521
680168
497671
656316
680168
680168
656315
570583
498030
436440
324601
415900
570581
680165
498029
680165
656313
570581
680164
656313
122963
680161
656313
497667
493513
656313
680160
397648
680156
372668
656308
570575
656308
656308
436432
680156
656307
290398
656306
415890
454449
656306
161970
570573
680153
397640
656306
656306
392602
680151
436427
680151
495267
474120
680150
397638
496591
680150
87983
495265
680149
680149
496744
656303
360899
656303
680149
680149
498013
570565
656300
680148
656299
498850
656298
498848
290393
680147
495260
656298
680147
489052
656298
309383
570559
680144
570559
680144
497649
351655
680144
656294
656293
680143
498844
140898
462401
498843
680141
680141
680141
656290
680141
656289
497998
680141
680141
680140
680140
656289
680140
203548
656288
680140
498645
497996
436416
436416
497639
680139
570552
680137
680135
656286
488260
680132
680132
498834
656282
230604
446562
656278
680130
317939
488252
680130
656277
337090
570546
85288
656277
496715
656276
243964
656275
570542
570542
680126
570539
656273
680123
680123
680123
570539
495235
392571
680122
498826
482352
498826
155222
477233
680122
656270
680122
477233
680122
267558
656269
393091
317931
656267
680120
497979
360873
161952
680120
473565
495230
397608
656267
680118
498823
495229
570531
496706
656266
656265
680114
498821
494580
237140
570528
393083
497615
182689
498818
656263
680109
656262
372623
680108
309349
296017
477223
680106
140882
570521
656260
498815
656260
656260
497974
680103
680103
570521
680102
680101
570520
495222
172912
656259
570520
290354
436380
570518
570518
680100
397588
258422
656257
656257
570518
290351
570515
498810
680098
570515
656256
680097
237128
319113
324536
656254
680096
497333
498809
680096
680095
656253
656253
397583
488229
656251
680094
680094
656249
570511
495211
570509
498804
317906
680090
680090
495208
570506
680090
104021
309334
680090
680090
656244
656244
397580
680090
182675
656243
104020
495076
656243
656243
204897
656242
267531
446518
656241
496525
446518
570504
495204
680085
570504
680085
570504
477207
570504
680084
680084
436363
498797
495202
680081
680081
474061
680080
381506
680077
495201
680075
496678
656236
680075
656236
498795
680075
680074
153856
680074
656235
656235
498793
656235
495200
656235
230563
392526
167228
656234
656233
237108
656233
22146
381502
570500
498790
680072
233193
680072
656226
397562
497944
680071
656225
656225
267516
230560
680071
656224
680071
656222
656222
570497
570497
656221
570497
446504
570495
680069
680069
324516
497576
656218
680069
495185
570494
497933
498779
498779
454368
680068
570493
228940
454368
267511
140858
570492
497931
290322
397558
495183
656216
570492
387963
228938
570492
493413
497930
656214
656214
680065
680065
319089
656212
680064
680064
656212
397557
656210
570490
656210
479606
656209
680063
479606
104010
680063
680062
498581
498581
488189
680062
656207
680062
497922
109208
309311
656205
570484
680061
570483
656204
446496
498771
680060
122915
680060
680060
680060
680060
570482
680060
496645
680060
680060
243907
656203
87953
479601
360818
496644
680058
570478
203402
680057
656203
680056
656202
570478
415800
415800
159287
495168
656202
203399
680054
495166
656198
680053
436337
656197
446487
490866
341616
140847
498565
570469
656195
495160
570467
680048
656189
498754
656189
161909
498753
656189
436332
230542
267498
680045
680044
294736
680043
656187
656187
498751
680043
570461
309297
570461
479587
498750
680043
656185
680043
680043
656185
498748
680043
656185
570458
210948
656184
482108
488167
479585
680039
488167
498746
230541
656183
161908
656182
496461
570450
656182
656182
372561
680033
495148
656181
203390
680031
446466
397527
497897
656181
656181
680028
494374
680028
680028
498739
656176
446462
680026
586173
625303
656175
656175
656175
656174
680025
656174
680025
230534
680025
625303
267491
656173
339877
570440
656173
656173
341604
586171
680023
680023
680021
586170
680021
656171
680021
680019
586168
104000
680018
680018
496607
498732
656167
319056
656167
656167
267486
680016
488152
656166
570435
656165
680015
680015
680015
680014
309282
498530
656163
497508
680014
680014
495130
497343
680013
397508
680012
586158
267484
680012
656160
680012
372541
586158
656160
680009
230523
341589
656159
586157
680008
680008
656157
680007
479558
656155
392465
680007
495121
381701
454307
656154
656154
656154
656154
680006
309271
488138
570423
570423
656154
680005
656153
495120
360368
680004
656152
680004
656152
570422
680004
680004
680004
656150
488133
656150
656150
387903
656150
680003
233149
454304
656150
680003
680003
133229
454304
656149
656149
493337
680003
586144
680002
656147
656147
479548
680000
656147
680000
488128
586143
679999
656147
230510
656146
290279
656146
679998
13688
113115
586138
625273
230510
230510
625273
497487
498666
656142
679996
679996
656141
192107
267470
339847
267470
656141
679996
656141
570407
656141
679996
586136
494332
656138
586136
436285
656137
228892
341569
656133
679987
570400
498495
679987
586131
586131
679987
237051
679987
290270
679986
570399
656130
203361
679984
656129
656129
656128
267460
679982
488110
656126
679982
498488
679982
656124
679981
397481
484565
679980
679980
267455
586119
656118
679980
290262
498684
679980
586119
679980
679978
309246
656114
679978
436269
679978
494966
679978
679978
122542
679977
679977
656113
679977
495079
498681
679976
679976
656113
679974
656111
656111
570388
570386
656110
679971
586107
679969
656107
679968
679968
656104
493303
679968
586101
570382
395897
203346
494954
122592
586098
679964
172832
656100
495066
372497
679963
490770
625239
656100
656099
679960
488082
230480
656097
395883
496536
656097
498663
679954
656094
656093
656093
570370
679954
339807
625229
679953
210664
679953
309221
656089
656089
679952
267435
586087
203334
656087
570366
679950
230476
679950
454252
381385
679950
656086
484524
679950
479486
679950
498655
656086
488066
586080
679948
656084
210661
498654
656084
656081
679944
679944
586076
397440
656079
679941
679941
360708
679939
446374
656079
656079
381627
679939
679939
397435
230464
679938
586073
679937
679937
497430
656076
656075
149176
656075
454236
656075
586072
656075
679934
656073
656072
656072
134758
656072
679932
488051
134758
679932
570356
324391
570356
656070
656070
679930
341509
679930
497425
656070
679929
679927
656070
586067
494280
586066
436219
656068
192057
656068
267415
498639
656068
679925
570353
586065
679925
588908
586063
656064
570352
656064
679922
656063
679921
656062
318962
679921
243811
479460
586058
679921
679921
570349
656060
570349
679920
656060
656060
679919
679918
679918
381352
679918
495020
656060
192055
679916
488040
381605
541421
230452
454217
656059
656059
679916
498628
656059
309194
498628
484495
656057
103957
497406
586052
679913
570338
679913
656054
679913
498624
656054
679913
570334
360684
491658
625185
473295
679908
395833
656051
586048
656050
375388
679907
679907
495005
496328
679906
679905
656047
479445
656047
679905
656047
656047
679904
679903
679903
484481
679902
679902
236990
58
570326
656042
415656
656042
679901
679901
381592
570322
656039
656039
679900
495351
309180
679899
679899
372431
679899
455547
497386
481956
295849
436193
656036
498605
498605
625172
656035
497385
679894
656035
656035
656035
586032
679893
586031
397394
656035
679891
381583
656035
679890
656035
586031
309173
494992
656034
656034
679889
656033
679889
656033
381581
498600
656031
679889
679889
656031
656031
679889
679888
679887
656031
243790
625164
679887
625164
679887
679887
656030
656029
586024
381319
656029
656029
588867
625156
570302
324351
656027
484465
436039
656026
625154
498593
469091
656026
656026
494874
625154
586023
656026
679878
679878
586022
679878
481946
498589
436172
484460
679877
625153
497205
258262
570298
679877
228811
203283
498588
679876
679876
656018
656018
679874
489807
454175
656017
656017
679873
679873
495326
679873
570292
656017
586015
267379
497725
570292
203280
588855
656017
656017
397375
656017
454174
172773
679871
494973
656015
679870
679870
656015
656015
588853
679869
656014
679867
498579
679865
656010
498578
679864
679864
588846
656008
656008
656008
586004
656006
679863
656005
679863
395790
679862
679862
656004
656004
318907
487982
656002
656002
679857
415613
679857
497347
656000
656000
679856
656000
679856
479400
679855
655999
679855
679855
679855
487979
570269
497707
436148
655999
679855
498565
679855
487979
39767
679854
679854
570267
585993
655997
585993
655997
230406
341436
625127
494956
274333
679851
655996
415606
436142
679850
570265
161802
487975
679850
679850
182521
491839
679847
679847
655993
655993
625121
679846
655993
570259
679844
655993
585988
679841
585985
679839
134712
679839
679837
498550
395766
487964
172754
496938
655983
655983
278948
655983
585979
233025
679834
228783
588821
655982
655982
679834
498547
655981
487962
655981
494942
497322
679832
655980
103930
570249
182516
655980
498543
655979
679831
655978
498542
679829
679829
655978
484417
679829
496416
679829
498541
655977
655977
679826
679826
395756
679825
679825
679825
679825
167095
655976
679825
679825
655976
585972
679824
655975
625099
570243
497316
679823
498539
655975
655975
122814
436116
397331
312608
655974
655974
570242
585971
487952
210580
395754
167090
454125
585971
585969
655972
655972
479368
570241
341413
655972
655969
655967
679819
655967
570236
655965
679819
182508
655965
655965
210579
233013
444714
318868
360195
585959
679815
436108
679814
570231
494924
122809
134702
679813
585956
381511
679812
161789
679812
454115
570228
484401
655961
570224
679808
454111
655960
655959
45531
585956
655959
498522
655959
494017
655959
655959
585955
655958
182501
679805
122526
655956
496229
655956
45531
258197
498519
258197
341400
484398
625076
243722
397315
679804
415564
228762
655955
625075
655954
167083
655954
497666
497666
267316
397311
312586
679799
415560
655951
679798
267315
570211
679798
679798
679798
341393
497657
588783
570210
679797
655943
655943
655943
679796
679796
655943
341391
498507
484385
655943
498507
415555
679794
415552
679791
487924
679791
397300
479341
679790
679790
585936
625061
655936
570202
679789
679789
679789
655935
243712
679789
498502
498502
655934
655934
655934
679789
655934
655934
122516
161775
655933
317637
679787
570200
655933
267298
655933
655933
655933
679786
655933
312568
679786
65755
498500
479336
228746
655933
436078
625057
655933
655933
655933
295740
585932
655933
203226
655931
655931
655931
497280
679785
103910
436076
585929
625053
679782
585927
655929
679782
679782
655928
585927
69613
488746
487912
585925
679782
679782
679782
655924
570191
679782
679782
679782
588760
679782
585923
655921
585921
655921
679779
397287
679778
679777
679777
497266
655919
498486
655918
493979
172714
679776
570184
655918
679775
655918
498484
655918
679773
494106
655918
585915
679772
655915
679772
585914
454076
679772
167571
655914
655910
134677
497626
324249
655910
243696
585909
484351
655909
655908
655908
655908
312556
679768
655908
585908
570175
498476
655907
482068
655907
585902
585902
570173
679767
498471
655905
161758
570171
570171
415525
243690
655904
655904
655902
381206
585896
679764
655900
588734
679761
318817
679761
655898
655897
122777
339626
381199
228722
655895
122498
122448
294489
570158
498458
588727
411623
655892
655892
570153
655891
655891
679753
585882
309040
167044
679753
655888
679753
454058
411620
655888
625017
411619
494846
487867
541243
655884
570150
228716
570150
655883
679750
585878
484322
570149
479280
411615
655880
679748
372289
655880
655880
655880
494842
679748
498446
243670
625014
679748
200695
679748
381443
153679
655878
267262
479279
381186
655878
655878
679746
585873
679746
655876
498439
267261
655876
487860
585871
679746
679743
655875
655875
172689
655875
655875
210515
679743
411607
655875
230322
679740
655874
588710
585867
679738
323509
679737
312527
679736
679736
679734
655872
655872
655871
655871
655871
484314
679733
655869
570127
655869
655869
161733
267252
395661
570127
679732
655868
541230
655867
436020
381172
186169
679729
655864
655863
570126
655863
679728
395657
664056
664056
664055
585857
655863
664055
395655
664054
664054
655863
359509
655863
655863
664054
655863
318782
664054
655862
588699
655861
679717
655860
655860
679717
655859
664047
679717
679717
381161
541221
446149
679715
497563
664047
679713
655856
664046
679712
664045
679711
655854
484295
624978
87835
655854
664045
679711
664044
312507
664044
612681
664044
679709
36819
679709
655852
498412
664044
487835
395637
312500
446138
664042
395634
487833
655849
655849
664040
411570
679701
487833
679701
664040
570099
679701
570099
664040
679701
655847
655846
679698
243638
664037
664037
664037
679695
496118
664036
679695
679695
585839
664035
664035
679692
679692
679692
679691
664034
360484
664034
172670
655844
372238
679691
664034
312489
664034
585837
664031
664029
679688
487824
655841
679687
664028
655840
679687
360477
167015
664025
140672
497540
655835
664022
570077
103876
435975
679683
679683
395616
495575
679682
655831
655831
664020
679682
679682
679680
312482
570073
585822
679680
494006
664020
415443
664020
395613
664019
679678
664019
479227
612648
411548
679675
484269
484269
122473
122750
679670
655829
278814
679670
109065
133077
360467
487810
295649
655829
664018
679670
664018
624937
655828
664018
664018
664018
395601
435959
679667
360463
664018
655827
655827
664018
679665
679665
655826
664018
664016
466375
679663
679663
679662
294413
679662
541189
655825
664015
585816
679662
679662
664013
679661
360457
679661
679661
258086
360061
236800
570059
664012
664012
497526
446094
679661
679660
664010
360058
679660
679660
258084
664007
679660
679659
679659
679659
381104
679659
655819
664007
655819
186138
318729
655818
655818
624921
664005
655816
664004
395583
655816
411521
679651
415411
679651
243604
679651
655816
541179
655815
494777
831835
134619
679646
267189
655813
831835
655813
831835
664000
479203
831834
497153
69570
203138
588648
679642
831831
655813
663997
831831
663997
655812
831831
663997
655812
324137
435925
831831
663996
831829
655809
624899
831828
679635
831827
203134
831826
831824
831824
585796
588644
663988
655809
655809
663987
679629
294383
831820
570031
133052
655804
831815
210446
479192
453926
663982
655804
494116
831815
679624
679624
663981
655802
831813
655802
498347
831811
494758
831811
831811
585785
487776
679620
679620
381857
655799
679620
831804
831804
341244
831804
679620
301339
44162
679620
831801
831801
191872
679616
203124
122719
517469
655791
360416
831798
570011
453918
831797
831797
831797
487767
235719
679616
491338
487766
831797
663965
679615
228627
831795
570009
831795
679612
663964
655787
326858
663962
679609
831791
831791
655785
679608
831791
679607
679606
182087
679606
122394
831791
487764
831791
679606
495119
663959
655783
495118
663959
831790
569999
235711
831790
679604
624868
655780
411476
831788
831788
831788
122439
569995
487759
663956
655780
679601
252691
372157
588614
679600
831786
831785
831785
453896
312417
339496
679593
663950
663949
831785
831785
679592
655774
831785
831785
655774
655774
831785
831785
203112
134593
655773
411466
487753
326846
679590
360003
186102
655772
360398
831783
655770
235703
679588
65701
831781
831781
663942
655770
831780
435869
487749
831779
569982
831777
655767
655767
655766
831777
679583
831777
831777
831777
679582
186100
679580
831774
341215
498307
588592
252683
210423
831773
663933
415336
655759
831772
341213
679577
166960
655759
411457
679577
831771
831771
663933
831770
831770
497459
655758
494717
267146
375085
679573
210420
679572
655757
831767
831766
831764
122701
831764
161963
831762
318665
679566
663925
45486
679566
435853
655752
679565
831759
831759
679564
831758
679564
210417
663920
679564
679564
831758
831758
679564
655750
588581
679563
679563
487728
435506
679563
655749
341198
663917
663917
831757
585731
831757
663917
679561
663916
663916
624824
517420
655744
679559
831755
497442
831754
831753
679557
569952
663915
831752
267132
182070
679556
679556
679556
831751
663914
289909
655742
679556
588572
153598
663914
831750
663914
831750
487717
655740
679554
341190
663912
679554
326819
655738
663912
831749
679554
655737
17127
655737
359975
831749
831749
585722
831749
831748
831748
381805
415316
679552
655736
655736
235681
395508
831747
831747
484160
655736
831747
655736
663906
655736
679547
831745
831745
679547
831745
679547
655735
679546
831744
663904
655735
294328
831744
612515
435837
663902
655733
831742
663901
831742
663900
655731
831741
655730
655729
831741
360360
679543
497423
655728
517399
831740
679541
294324
267122
663897
267121
831737
435831
831737
831737
588551
325399
831737
679537
831737
831737
496673
679537
494677
831737
312373
395494
831737
359959
679537
663895
831737
831737
479107
831737
655720
655720
278707
354452
679536
679536
831736
210394
663894
235667
453839
487696
831735
831735
831734
831734
831734
494676
831734
679534
655718
435825
663892
395491
326795
679533
831732
679533
831731
359950
679532
679532
497613
498260
679532
831731
831731
831729
87770
679530
679530
831729
655713
679530
655712
679528
655712
831728
109000
679526
411417
267104
679524
663880
831726
831726
655709
411413
831725
588536
663878
831725
487684
612492
831724
679522
663877
494662
831723
569923
312357
655704
831722
679522
411410
655703
655703
588533
663874
655703
679521
182040
655703
375030
496125
679521
663873
679519
679518
831717
134551
381765
588529
831715
831715
831715
679516
831715
381763
257974
679512
655699
831713
831713
1467
831712
663869
235645
411399
663869
831712
831712
663867
831710
655696
289866
655696
663865
679503
679503
341140
679503
655696
831706
663865
267086
831706
655695
569906
655695
29320
252617
655692
318598
663864
588520
679498
655692
655692
679498
655692
435441
395457
569904
655691
230158
831703
679495
831703
831703
679495
831702
415260
679494
325354
395454
655687
679494
411384
655686
831698
831698
831698
655684
679492
831697
585664
493827
831697
655684
655684
655684
395451
679491
655681
655680
831693
831693
831693
655680
182027
831693
663853
679490
831693
831693
663852
655678
679490
498159
498223
380955
210363
186044
588505
484104
831692
831691
679489
679489
679489
831690
831689
497375
230154
663848
655674
831689
831689
655672
663847
679484
655671
831688
831687
655669
494624
372050
655669
72
831687
203047
831687
663846
831687
831687
655669
663846
831686
663846
831686
831686
267070
679481
487648
479058
153547
585651
831686
663846
679480
312312
655669
411368
831686
831686
655669
381725
831684
585647
831684
359895
480756
663842
663841
831683
679476
679476
663840
663840
182014
487640
679476
487640
831682
679476
655660
679476
663839
655660
588489
655660
679476
655660
663837
679476
541016
663836
166896
831678
663835
663835
655659
655659
831678
679471
831678
831678
655659
487639
831678
435757
679470
341100
252595
663832
831677
585637
655653
663832
663832
679469
312303
831677
679469
341099
496604
517329
663830
517329
655648
435754
453768
831674
831673
831673
831673
45463
831672
831672
679460
655643
679460
103791
487624
655643
679460
474869
210338
453762
341088
132971
655639
679457
831668
569868
831668
831668
679455
679450
831665
679450
540994
122642
655636
312286
831664
341082
831664
679449
558105
166885
588466
663815
496179
831663
372018
679449
663812
831662
831662
585617
831662
569861
663812
372017
679449
679449
831662
655629
831662
360264
831660
831659
831659
831659
493779
612416
831659
294231
372016
831657
341079
435733
663806
679445
831655
585613
831655
585613
663806
831655
341078
831654
679444
108970
312280
679443
235595
679443
663803
655624
831653
831653
831653
655624
679442
341074
374953
655623
228505
831651
831651
517301
395404
679441
411334
479010
624707
831650
655622
445872
655621
235590
831649
831649
679441
831649
166872
831649
679441
831649
831648
679441
655620
655620
663798
235589
831645
831645
831645
289801
679434
588447
831640
655615
585603
663794
655615
453736
663793
831638
267029
679431
831637
663792
831637
435372
588447
36784
663790
831635
210315
831635
663790
235584
655612
496943
765
655611
487595
655610
381680
655610
679425
395387
831630
484037
395385
655608
655607
831629
679423
655606
679422
655606
655606
831628
663778
679421
166866
831625
588434
679419
679419
831625
663773
203005
831623
122313
831623
655601
411311
267021
679416
655601
679416
679415
831620
558073
831620
679413
831620
359843
655598
172509
312258
831620
435704
663769
831620
831620
663768
458114
267017
395374
663766
655590
411307
203000
831617
831616
679411
663763
360233
326680
663763
655587
540944
235573
395371
655587
655587
140524
679404
663762
295418
360227
679402
435695
558062
381662
202992
831614
655584
488988
585576
445833
663761
831614
655583
235567
381659
478971
831613
663759
831613
655582
453702
663759
655582
831612
655582
395360
831611
655582
341034
140519
831611
679394
252536
411290
679391
655580
453693
588411
831606
831606
831606
588410
831606
663754
655577
355691
663753
655576
679386
495457
655574
679383
663748
831600
663748
831600
655573
663748
655573
679382
831599
831596
663744
487554
655571
359815
655571
831594
655570
289753
371955
663741
679374
831593
663740
588402
585555
679371
679370
831590
655570
831590
655570
831589
663739
540925
453673
478953
453673
831589
517248
663738
655568
341010
496891
655568
831589
360197
679366
655568
679366
831589
278563
341010
831589
831588
453670
435657
371947
498121
655567
831587
569774
487542
663734
679363
478946
235545
831584
831584
161840
89284
831584
317278
655562
655562
831584
679361
831584
831584
624618
483981
831582
679360
230065
540911
588387
422580
655556
411259
569770
202968
831581
312212
585542
663729
679356
655552
831579
831579
831579
381621
312212
453658
278555
655551
831579
655551
679352
831578
679352
134471
663729
831578
230062
569766
831578
831578
679350
831577
679350
289734
655550
478932
679348
831575
679348
663725
831574
487521
831574
411246
831574
663723
679347
132911
679347
655542
374868
831572
831572
831572
663722
655542
340991
831571
679346
202955
161823
655541
585533
831570
655540
289726
831568
663719
679343
831568
831568
679342
266956
569755
655535
486732
655533
831565
831565
295365
679339
252488
831565
831563
235520
266955
831562
381596
831560
679335
395304
487507
831560
122317
294145
679335
831559
831559
360165
612304
402748
831559
679334
679334
679334
831558
312193
679330
655527
831557
312192
831556
588360
831556
380803
679327
663702
679327
831554
483946
831553
289715
381587
831552
381587
612294
831552
395293
679323
435616
655523
831552
51959
679320
663699
51959
831550
453623
831548
569731
831547
569731
831547
411220
278531
831546
612289
679319
655517
831546
585512
663697
831546
679319
495775
679319
312184
831544
386658
122311
831544
831544
679317
663696
831544
495775
679317
453620
679317
831543
831543
495390
289710
831543
557987
655512
831543
655512
663693
340970
831542
831542
411215
340969
494836
655508
588341
210241
202942
569724
498069
679314
134449
411214
831540
266937
831538
679313
655504
289706
663688
655503
831538
655503
480661
483930
488312
679312
831537
655503
831536
831536
161808
663686
831536
831536
655501
326594
585499
831533
679307
663684
663684
831533
663682
679305
557975
496832
655497
540857
679305
679305
655495
655493
655493
679303
663676
679301
381563
655488
312169
679300
655488
140467
655487
655486
663674
679295
831525
371883
679291
588320
235492
655485
831525
831525
487467
655485
831525
831525
161798
453598
655482
663672
679290
831524
228408
289689
679289
663672
569706
202924
663672
831522
655481
340947
655481
831520
679283
655480
294109
381550
679281
374809
122295
494439
831519
655479
557960
831518
655479
831518
612251
679280
252452
655478
831517
655477
663667
655474
679278
588310
831511
655473
831510
679276
831509
360119
831508
487452
663660
235483
831507
831507
588307
480627
679274
655471
655471
679273
679273
831503
831503
557949
831502
383781
624535
663655
831502
679273
663655
663655
679270
487447
395241
655466
655466
831497
655464
585471
411172
655464
679267
487443
679266
831494
486668
831494
831494
655461
295314
831493
655460
318399
588296
494419
317200
679263
663648
663648
831490
831490
228397
494906
663647
663647
831487
445694
655457
679259
443958
383767
257786
663645
663645
655454
831486
585466
588291
679258
831486
557939
831486
655454
831486
831486
831486
831486
679258
679258
202913
679258
679258
569673
210211
679256
494412
679256
663639
679256
831482
679256
831482
679256
831481
679256
831480
679256
831480
480602
663637
663636
140453
655449
266899
181889
655449
679252
679252
831475
679252
831475
381522
679251
340917
381521
679249
295304
679248
831472
831472
831472
663631
831472
663631
679248
655440
585449
655438
453554
679246
679246
655437
383753
663626
663624
339183
831466
831465
831465
266890
679242
474649
831463
663622
655432
202903
1744
831461
103712
679239
679239
831459
655430
655428
228380
831459
612210
831458
252419
496770
655425
831457
831457
487404
663615
655424
831457
679233
831454
493259
831454
317177
679231
831453
317173
494382
831453
699605
699605
588257
831452
655419
569637
318369
831452
244754
326530
411130
122278
663608
122240
699604
831450
831449
699604
166763
831449
655415
831445
831445
161773
679222
655410
831444
294061
699599
278456
831444
663599
831443
655406
624482
381488
699596
87670
831441
655405
831441
244747
831441
699596
679218
266871
497978
831441
699596
831441
588240
663596
831439
663596
540764
831439
266868
831437
655400
831436
699592
831436
185887
244741
655400
699591
699591
699591
588235
317156
655398
831434
699589
831434
831434
831434
699588
831434
699588
699588
699586
699586
699585
487376
294050
445642
585401
831429
161768
699584
655396
655396
831428
699584
831428
495661
831427
831426
699584
266863
375135
831425
655392
493391
831425
497103
312095
699581
663579
663579
831424
831424
229959
831422
699579
202883
831420
831420
312091
663576
494317
699575
161762
411103
831418
494349
68587
318343
699574
266855
411102
375130
831417
831417
435494
831417
699572
699572
831416
663570
699572
831415
655384
540749
663570
655384
588222
588222
655383
831414
655383
89222
655382
411098
663568
831412
699572
289931
831412
655380
624451
655380
831410
540744
490938
588218
87660
381462
831408
831408
699565
381461
655379
655377
831407
655377
229951
655377
663564
359639
487353
487353
699563
480527
831407
244723
312079
312078
699561
699561
655374
295249
655373
487348
486412
699559
699559
655369
831401
831401
557842
699559
612148
831399
699559
699558
588200
494064
655360
483786
655360
663547
411083
655360
831395
831395
492654
831395
831395
831393
414956
831393
663543
312071
495242
103689
89216
831392
497857
663542
831391
395153
831391
831390
487333
655352
831389
252372
831388
655350
699554
494676
340844
359621
831387
655349
387117
663537
831386
588188
655349
831386
831386
483774
185861
266836
480504
435469
699548
831385
831385
318309
655344
699544
483765
569570
457865
831380
655341
244703
663531
383672
585334
831380
699541
663531
585331
494642
494294
655332
663530
699538
663530
831379
461983
235397
655332
699536
663528
831377
663528
655330
334796
655330
612125
655329
831376
411059
140408
655329
663527
655329
699535
831374
655329
411058
655329
569563
699534
699532
699531
411055
495210
148779
411053
663522
831367
655325
334790
435450
293995
655325
831366
831365
699527
699525
493521
831365
699523
497670
411046
191597
663517
831364
516992
655314
663516
831364
585314
699520
497898
252344
699520
831363
371743
395118
588149
395118
486238
624398
679138
68568
699515
831360
831359
831359
334781
699514
37453
663511
359587
655310
831359
663511
655310
663511
655310
435434
266805
266805
69413
655310
244682
831357
831357
655309
663510
475730
831357
699513
487286
487286
831355
831355
655303
831354
487281
655303
655303
699511
655303
655303
655303
494265
831353
699511
161726
69412
359982
699511
831349
588138
699509
655301
831347
699508
699508
831347
395105
699508
831347
663499
153371
445563
831347
266799
655301
655301
663499
655301
663498
414902
699504
655300
663497
699502
663497
483720
244674
483720
699502
699499
312024
699498
831341
278373
655296
699498
663495
655295
371725
655294
414897
699498
235373
831341
663494
334767
478025
51915
699497
655289
414896
699497
699497
359575
699497
663492
831339
540651
699497
655287
699497
494247
831338
569527
588124
244669
289865
588123
831337
453423
663490
699495
655285
569524
69408
395092
831334
831334
699495
257676
497221
831333
831333
831333
244665
69408
402533
494616
655281
435412
483700
663484
831330
112955
493288
588116
663484
831330
699488
663484
831330
435407
831330
663484
663483
655280
340781
831329
831329
655280
655280
655280
293964
831329
51912
655279
588113
831327
483696
655276
359956
312008
487250
435402
699481
831326
2
831326
663475
487248
435399
383609
663474
831323
235349
275702
172332
831322
831321
497855
266772
663472
494225
831320
69403
497853
624358
655269
699477
375028
655268
831318
831318
655268
395072
699477
831318
831318
831318
655268
699477
655267
293952
371695
655267
831315
402514
655267
831315
655267
493272
699476
663466
831315
655266
381367
699476
414872
493462
483681
487236
487235
339037
831313
831312
831312
655263
655263
831310
699474
831310
831309
655262
831309
655261
831306
453393
495832
410990
831305
699468
655260
202800
831305
831305
699468
699468
585256
202799
699468
493901
663451
494210
655257
381358
24329
831303
831302
252296
311988
51905
655255
655255
340751
831300
655254
831300
699462
655253
122210
831300
831300
831300
699461
496432
435377
655252
185800
655251
655251
831298
655250
831298
831297
831297
831297
831297
699461
831297
585246
831296
495136
831296
585245
831296
229860
445510
831292
655246
699458
831291
831290
483663
318225
359528
132850
210080
699453
831288
699453
831288
831287
375007
663435
210079
663433
402490
487216
569473
699450
340740
359923
831284
699450
266747
831283
494201
414841
831283
311972
490496
235323
193081
831282
831282
655241
359919
289812
395041
235322
663426
414839
663426
655239
699444
588074
699444
831282
699444
699444
663424
831281
655238
655238
655238
655238
663424
655237
488476
699440
831281
831281
655237
699439
663424
831281
831281
569468
624318
235315
831280
311963
831280
699437
624317
108817
257621
699437
494187
663422
275664
540591
655231
663422
516906
655231
410956
569466
831278
266736
381327
831277
655229
655229
569464
257615
105994
655229
831277
831276
655229
699425
663416
655227
699425
494030
663416
487196
699424
831273
655226
278301
266726
663416
663416
51898
435339
569457
585220
663415
540587
487196
831271
655225
655225
831271
831271
340714
831270
655224
831268
495488
655223
202759
663410
831267
831267
663410
655223
655223
266716
699414
699414
831266
831266
655221
655221
435329
831266
831266
492325
699412
166638
831264
663408
655221
383539
453336
699410
410933
122152
679029
624290
831262
487187
655219
13626
69376
381304
831261
655216
340706
699407
495090
655216
831260
663404
655216
831260
585211
252249
699407
655213
585210
663404
699407
663404
655213
655213
311940
699405
495480
293893
831259
831259
831259
663401
181739
278284
266709
663400
699404
831258
655210
540571
831257
588046
831257
275636
831257
699402
831257
663400
663400
311934
134303
831257
831256
483622
655210
655210
655210
337968
588046
831256
295104
588045
663400
185754
663400
699397
831254
655209
655209
831254
316979
663399
663399
487176
340690
831252
381289
831252
435312
663398
611982
161652
831251
831251
494161
663397
699391
699391
663397
699391
569434
663395
663395
408212
266699
831250
483616
655203
831249
483614
663394
69369
831249
655202
831248
655200
495471
338958
588035
655200
663391
831246
831246
663391
483606
831245
87051
831245
831244
495765
831243
663390
699382
410902
663390
831243
655195
655195
663390
489703
831243
655193
487157
557669
831243
132806
487156
699377
663389
655192
831242
655192
831242
663389
311914
663389
453302
831240
699375
105966
166615
831240
699375
699375
663385
383503
831238
831238
831238
831238
497765
166612
655187
453301
266683
410894
655186
483594
663384
655185
585188
831236
831236
655185
663383
655185
699369
831236
359448
831234
663382
161634
699368
381261
663381
414098
663380
831232
699368
68514
699368
252216
311901
699368
831232
663380
831231
831231
481904
831231
663380
187452
655179
588015
588015
831230
831230
699366
408186
655178
585180
655176
663375
181716
831227
831227
678985
655175
831226
831226
266676
394961
699363
624247
699363
624246
334641
831221
585175
435275
699361
359834
831219
831219
655172
831217
105961
585172
381251
663368
569400
453283
831217
483581
699358
699357
831214
831214
831214
293846
831213
831213
655165
371577
487132
699354
585168
663363
334634
414082
831210
655161
831210
496512
185728
831210
494115
831210
699349
663361
663360
831209
434919
557633
655156
655156
334628
831207
663359
663359
655153
831207
831207
655150
435259
655150
655150
699344
655149
494108
655149
266661
655147
569389
663354
831206
831206
831206
831206
1
585157
457663
831206
655146
831204
831204
831203
655144
831203
699342
487115
831203
699342
587984
663352
831201
831201
438522
247238
831201
699340
202709
655142
275579
587982
831201
831201
191460
699340
202707
699340
699340
663351
831200
374890
494101
663350
655141
569386
655141
540506
408158
569385
831197
699336
663344
831196
831195
663342
435244
359404
699330
87560
494093
497719
831192
497719
340622
663337
252185
540495
831191
663334
483544
209989
494468
831188
831188
831188
663333
655124
495018
410843
699324
410841
394916
831180
334600
831180
624206
655122
311856
699320
655121
289700
699319
655117
831179
831179
587957
410837
663327
487082
831179
831179
244525
655115
831179
831179
655114
483527
699316
831178
311853
295023
410834
831177
228154
831177
497481
831177
487481
386434
831176
235221
483518
655107
655107
386429
655105
831172
655105
699306
386429
831170
699305
569352
655105
699304
699304
831170
655105
655105
497698
540465
699301
434871
655103
394897
495686
831169
585114
663313
699297
386423
655101
663312
655100
655100
831167
585113
831165
663308
655095
483504
496189
831162
699292
540457
655094
663307
699292
487057
410813
611883
655094
831160
663305
386418
831159
699289
831159
655092
663304
663304
831159
655092
655092
655092
655092
699288
831156
831156
699287
655089
831153
414018
410811
699286
497678
699284
831150
831150
289673
831150
699283
655086
487048
831149
655085
663295
831149
831149
209963
495621
247197
663294
663294
410806
494037
831146
831144
699276
585091
699276
435196
386413
699276
831142
611866
585086
831141
699274
699274
831141
655073
663286
655072
235199
655070
494029
699271
831138
386408
494605
494024
487032
585081
663283
699271
831137
655068
569315
831137
831137
831137
494028
663283
831137
655068
655068
278171
831136
831136
699267
585080
678886
663281
386402
655067
394871
699265
699265
569312
655065
569311
278165
699265
831133
487026
483472
655063
108733
831132
386400
663274
655062
831130
663274
831130
655061
831130
831130
445311
831129
386394
831129
655058
831129
831129
699258
699257
699256
655056
51856
487019
585063
831125
289335
655054
294974
699252
699252
699252
655054
311800
663264
943125
943124
699247
209936
663263
699247
655047
699247
487012
655047
943121
311792
624131
293750
552409
655046
699245
699245
655045
699245
699245
655045
699244
394847
943119
699238
699237
943119
487008
235171
494928
831116
943119
552401
655042
831116
663259
943119
831115
699235
655042
386374
540401
552400
699235
655041
699235
831112
699235
585050
291314
943115
278135
943115
699234
386371
943115
663254
394836
552397
557511
943115
943115
943115
278132
699232
655035
569285
943115
943115
831110
655035
943115
699232
494922
943115
655035
943115
943113
699230
943113
557510
585045
552396
394835
699228
943112
655032
943110
655032
587868
386367
663250
202094
655031
831106
103547
943108
943108
943106
266566
655029
943106
699224
699223
386364
335935
943106
699222
655029
386363
655029
699221
831100
140229
611820
943103
943103
185650
699220
655027
943102
943102
699220
831098
569272
394826
552389
943102
122091
699220
831098
655022
655022
943102
569271
585036
943102
943102
386361
494911
134204
655022
943099
943099
699217
699217
663238
699215
943098
495562
655019
655019
655019
540380
552382
655019
663236
699212
587856
831092
132722
943096
831092
943095
699210
494903
943095
655015
663234
943093
663233
488275
943092
655013
831089
831089
943092
943092
943092
257445
943092
552376
624093
943091
655011
569258
943091
699207
494899
699207
655007
488271
655007
943091
585021
943090
699203
663229
275469
699201
699201
831082
699200
831082
943084
587841
585016
552370
655001
552370
699198
655001
386348
943083
699198
552369
831079
654995
831078
654994
943079
654994
252086
943079
943078
386346
699194
943077
654993
486952
663218
311754
943076
943076
488259
235138
484435
943076
293711
316801
552363
587829
486950
943075
699191
244430
831074
585005
699188
943071
587826
291918
699185
587826
943069
699185
624070
69300
699183
699183
654982
699183
943065
552356
552356
161538
831062
654982
699183
943065
654982
699183
480115
584999
278097
480113
943065
943065
492163
654981
486940
699180
654981
943065
943065
480113
943064
552349
699178
699178
584998
943063
386328
386328
324475
435102
386326
699175
483383
654976
943062
831058
209885
654974
486934
386324
699172
943060
699171
654973
552341
943060
497579
699171
386320
663199
699169
943059
394776
943058
943058
293687
493922
699167
943057
943057
943057
943057
394774
394774
166501
663197
943056
699165
569215
584992
663196
699165
831048
487372
699163
654967
1
490622
943055
699163
943055
202606
386318
943055
943055
311728
943055
569215
943055
480102
486928
943055
407995
540328
654966
699161
584992
943055
699160
943055
654966
495263
386313
39410
278075
633839
943054
943054
654965
552328
654965
699155
663195
266512
943053
654964
140202
943053
291886
654963
654963
386309
943052
633836
654963
943052
633836
699152
943051
166491
209867
943049
654961
943048
943048
943046
943046
943046
663185
540318
943042
943042
654957
557442
161518
943042
483365
654956
663181
654955
699145
831033
654953
654952
552311
552311
552311
943039
699142
247084
587789
654952
293659
187317
633818
495487
663177
24300
831030
699139
584973
943038
943038
831030
943037
943037
943037
552309
181585
831029
943036
699138
486910
584970
943036
587785
486909
552307
699136
699136
407968
943035
699136
552307
699135
552307
943034
552306
943034
943034
699134
386285
191332
386285
943033
943033
943033
633811
552304
831025
831025
943033
132680
394739
663170
943032
587782
699128
831021
480082
943028
663169
678744
486902
587777
943025
89039
494266
663165
483347
943023
943022
831016
394733
326092
584955
624008
943022
654936
552293
943022
654936
122046
943022
699120
654936
386274
311682
943021
943021
943021
943021
654935
699118
202571
943019
943019
699117
943019
699117
699117
699117
386270
587770
315199
654932
699115
654932
663158
699114
943017
943016
654931
453038
557409
492934
943015
140175
943015
654931
663156
516603
831008
654930
831008
831008
699109
943012
552279
315190
699108
663152
633787
247055
943008
943008
483331
699108
699108
831003
654924
699106
699105
831003
496143
699105
552274
943008
943008
68433
699104
386252
654921
663149
293618
486880
699103
699103
699103
495448
654920
699102
315185
943005
663147
943005
943004
654918
699098
486879
633776
699097
394702
699096
493864
943000
699096
942999
394702
699096
699096
830992
654915
942998
830992
394701
942998
623978
942997
942997
654911
942997
623976
36677
830989
663138
476427
942995
187281
315177
830987
493055
68427
51816
386242
942994
654908
699091
386241
942993
942993
663135
654907
654906
699089
942992
587743
225879
654905
480038
315170
942992
654903
484808
587741
942990
942990
699087
663132
942990
942989
699085
699085
663131
663131
699084
386238
654899
611689
394694
315169
161476
557380
623969
202541
942987
942987
942987
315167
663128
192088
386235
678700
942986
315167
942985
699081
699081
584913
552252
942981
623963
654892
942979
699077
122018
699077
942977
654890
699075
699075
587727
386231
633751
699073
942974
699073
654888
654887
587724
663120
942973
486846
654885
830972
942973
942973
942971
654884
452999
699068
394680
942970
942970
942970
942970
663116
244322
942968
654882
495414
663115
699066
654881
386222
942966
942966
315154
315154
942965
386221
654878
942964
654877
552238
830962
315154
699064
699064
830961
654875
699064
942963
699063
394675
315153
942963
942963
654875
942963
483283
654874
496968
654873
942962
587709
942962
942961
623945
942961
132636
633739
654872
654872
942959
623942
587708
654872
699056
557359
699056
942957
584897
663106
386212
942956
942955
699055
830953
394667
699055
584895
386212
942954
486831
552228
654868
494753
483278
942953
942953
942952
386208
942952
942951
699050
663100
942951
942951
587703
654866
317861
386207
251963
942951
942951
699048
633727
942950
699045
830942
942947
489466
654863
663096
315141
699045
633720
699041
942945
654862
587698
830940
209783
153097
830939
479996
315137
654862
386197
699039
654862
51803
942943
699037
587698
942943
830937
942942
39460
654860
699037
663085
663085
942937
942936
699036
654854
486815
942936
942936
942936
942936
496071
181513
386192
830932
942936
552210
942935
942935
942935
235008
699034
942935
942935
699034
496943
494732
587685
663080
315128
942931
699031
192051
942931
654846
386187
587682
942929
654846
654846
942927
942927
121982
942927
654845
699028
14494
699027
942927
699027
699027
942927
386183
699027
942927
552203
587680
552203
654844
942926
830921
209771
942926
552203
557335
942925
654844
699027
830920
942924
942924
830919
942924
830919
699026
315124
699023
334332
942922
495361
587669
654833
942921
235000
654831
663065
830914
830914
654829
942920
654829
699019
654829
496922
315120
552195
699018
699017
110240
654828
654828
483238
942916
830910
942916
569059
830910
942915
663063
830909
654827
699011
699011
134279
699010
699010
699010
654826
663062
663062
942914
699007
654825
699007
663061
942914
654825
654824
942914
942914
942914
496915
942914
386163
482153
654821
654818
654818
830906
699005
942910
830906
569054
654817
699005
942906
121969
663051
699003
496908
699003
402058
552177
830899
942902
584843
496906
942901
698999
942901
386158
483223
483222
942901
654814
251921
654813
942899
496904
495115
479947
654813
698996
483220
698996
698996
654812
584840
698996
942897
663044
654810
181485
315098
315098
942896
386155
654810
942895
942895
698996
942895
654807
315094
942893
698993
324299
942893
654806
698993
830890
942892
942892
698993
654805
698993
942891
552168
942890
698992
663038
942890
830887
663038
942890
830887
698989
942890
942890
698986
942890
611590
386144
654802
942890
942890
402108
654802
402106
293516
494688
654798
942888
552158
942888
557291
654798
654798
942888
942888
654798
698982
654797
698981
830881
540154
942888
633664
663034
380887
654795
942887
105785
584825
654795
663033
830879
698980
698980
942887
698980
654795
698980
942887
654795
654795
496518
380886
698979
942886
587629
654794
942886
110219
140088
698978
942886
698977
698977
654792
942882
654790
445084
698976
87419
494680
698974
479925
209731
698974
516461
315077
698974
494135
202464
334284
654785
161402
698973
584816
486743
698973
587619
942877
698973
654784
244245
942877
830869
830869
552146
830868
161402
654784
942874
654784
942874
654784
663021
471710
557275
830866
942870
68385
698965
386125
654780
654780
386125
942868
942867
486738
386124
654778
486738
942867
698963
698963
552136
40313
103428
654776
663016
654775
251893
663016
942867
698962
654775
654775
942866
386120
942865
552134
830857
698961
496167
552133
251893
490363
830856
161398
654772
654772
942863
942863
698958
486730
942862
654772
654772
942862
654772
942860
942857
552131
942855
402078
698953
324263
698953
942855
552128
698952
402076
942854
386114
942854
492919
942853
654769
698950
942852
942850
942850
663002
386111
654767
315063
633630
552125
552125
587602
942850
386111
942850
315063
587601
202453
830841
942845
386109
942845
698948
698948
654764
654764
942845
942844
191205
942844
386109
942843
654762
662995
830836
161390
830836
942842
587596
698943
334258
386106
654759
698943
654759
942842
315059
942841
65396
942841
942841
942841
654757
830832
654757
942839
625596
942838
486716
698939
698939
698939
654755
386104
942838
654754
625593
552115
386104
662986
942834
633613
830826
698938
540108
497123
316560
483158
942832
830824
942832
698935
942830
103417
698933
942829
942829
140072
654749
587584
315055
166348
698933
654749
698932
386102
662981
942828
315053
82739
698930
587583
830817
386100
662980
698927
654748
698927
407770
45259
942825
587583
654748
698926
552107
654748
654748
315051
552106
942825
315051
942824
942824
830813
662975
698923
402052
202440
654744
496128
698923
698923
654741
698923
654741
830810
942820
698923
942820
678545
942820
654740
942819
662969
654738
830805
103410
654737
662969
698918
942819
662969
662969
942818
496826
654736
587570
161377
942815
654735
654735
942815
942814
698912
315040
587567
942812
134543
625567
654730
942812
496117
942811
698908
662963
698908
942810
662961
496378
633577
942809
942809
540087
942809
484803
654728
386085
611507
662959
654728
942805
698904
234926
662957
830788
293458
654728
830786
315031
315031
942799
942799
654725
942798
830784
402029
942797
654724
654724
942796
942796
479863
698896
942795
486684
942791
488113
