698893
654721
942790
698893
587555
830780
942790
654721
495953
625553
698893
654721
942790
662947
654721
942790
623778
942790
486683
662947
552074
315025
942790
942790
942790
698893
698893
698893
942790
942790
942790
386070
698893
39492
654721
942790
625553
654721
698893
654721
587555
942790
315025
942790
942790
830780
830780
492576
552074
315025
662947
587555
942790
654721
227849
654721
662947
516397
255739
698893
662947
654721
654721
830780
698893
654721
587555
402023
942790
698893
484794
587555
557206
315025
654721
552074
698893
552074
942790
830780
654721
942790
552074
82731
698893
402023
698893
461279
942790
315025
654721
942790
942790
942790
625553
698893
942790
495230
552074
496811
942790
942790
698893
654721
487560
654721
402023
942790
698893
315025
654721
942790
942790
654721
942790
386070
698893
942790
942790
552074
942790
662947
942790
698893
625553
121921
486683
942790
434826
942790
942790
942790
568933
654721
942790
942790
942790
942790
587555
315025
698893
698893
942790
654721
68368
698893
942790
654721
654721
698893
229448
942790
467800
484794
552074
942790
494046
386070
830780
942790
386070
552074
942790
698893
698893
171970
662947
830780
654721
662947
942790
654721
557206
540077
942790
402023
698893
625553
654721
484794
942790
942790
611492
315025
942790
497316
654721
494593
942790
942790
942790
654721
942790
315025
386070
698893
211406
202423
942790
654721
633561
654721
654721
484794
478089
942790
654721
698893
496811
654721
654721
698893
942790
942790
140056
654721
698893
386070
654721
942790
654721
698893
315025
486683
942790
942790
315025
830780
654721
942790
654721
942790
587555
698893
374476
698893
386070
359012
654721
484794
698893
698893
552074
942790
315025
497316
942790
486683
942790
830780
386070
552074
698893
698893
552074
654721
942790
552074
698893
625553
494593
654721
82731
698893
234918
698893
552074
654721
698893
698893
134878
633561
444949
942790
942790
654721
942790
24268
654721
633561
698893
625553
942790
698893
942790
166330
662947
654721
625553
654721
942790
587555
315025
386070
654721
698893
202423
942790
402023
662947
654721
698893
942790
942790
633561
942790
654721
654721
698893
942790
698893
484794
557206
662947
698893
654721
552074
942790
244197
552074
942790
654721
942790
942790
654721
540077
386070
662947
662947
830780
942790
486683
698893
698893
633561
315025
942790
698893
942790
134878
552074
484794
942790
552074
942790
942790
134878
942790
486683
942790
942790
662947
942790
315025
568933
942790
698893
568933
479861
654721
698893
402023
181432
662947
386070
654721
587555
654721
698893
487115
496878
209684
484794
698893
315025
654721
698893
654721
942790
942790
698893
942790
315025
587555
942790
494679
654721
942790
698893
234918
315025
496811
234918
324221
942790
942790
587555
942790
662947
244197
121895
698893
654721
625553
359408
698893
830780
698893
654721
654721
557206
311485
324221
407736
942790
942790
402023
633561
633561
942790
942790
942790
654721
942790
654721
942790
942790
942790
625553
942790
386070
625553
552074
166330
654721
942790
698893
51770
633561
552074
654721
942790
156508
315025
587555
942790
662947
255739
552074
698893
942790
654721
942790
830780
552074
698893
942790
942790
552074
625553
698893
486683
942790
496811
942790
484794
625553
698893
552074
315025
698893
942790
698893
654721
654721
942790
698893
698893
654721
654721
698893
654721
496364
830780
633561
552074
830780
255739
552074
625553
654721
830780
942790
654721
942790
654721
654721
662947
662947
942790
942790
942790
386070
386070
942790
942790
552074
698893
654721
386070
942790
942790
654721
698893
386070
942790
315025
386070
942790
698893
654721
698893
830780
121895
654721
484794
698893
654721
493653
654721
496811
942790
325013
587555
654721
698893
830780
942790
942790
654721
315025
654721
942790
942790
552074
698893
942790
942790
654721
654721
255739
698893
942790
552074
830780
830780
654721
942790
698893
942790
830780
942790
484794
942790
662947
698893
942790
654721
48460
942790
942790
633561
654721
386070
942790
698893
942790
494029
654721
942790
315025
698893
587555
698893
942790
654721
51770
698893
698893
516397
942790
552074
587555
386070
942790
942790
942790
662947
662947
942790
315025
654721
552074
654721
942790
698893
698893
942790
942790
942790
486683
552074
698893
942790
625553
698893
654721
942790
654721
698893
942790
662947
942790
654721
830780
654721
830780
315025
942790
942790
942790
255739
698893
830780
540077
386070
698893
625553
942790
315025
698893
633561
698893
698893
654721
942790
496811
316528
654721
942790
552074
698893
942790
191176
654721
633561
942790
662947
654721
942790
698893
486683
654721
698893
942790
491885
942790
942790
552074
942790
633561
830780
654721
698893
540077
209684
698893
315025
942790
654721
654721
942790
654721
654721
942790
942790
942790
552074
698893
654721
942790
623778
654721
942790
942790
552074
942790
942790
698893
698893
830780
830780
654721
942790
942790
654721
942790
942790
942790
654721
402023
654721
942790
942790
942790
654721
315025
698893
493653
386070
942790
662947
654721
654721
698893
654721
255739
830780
942790
942790
492718
942790
654721
654721
830780
830780
830780
229448
654721
698893
662947
698893
185447
942790
698893
662947
166330
942790
942790
942790
942790
698893
942790
654721
942790
942790
105756
942790
698893
654721
942790
698893
942790
942790
654721
678516
490285
654721
156508
942790
654721
698893
552074
315025
654721
698893
552074
698893
942790
830780
654721
942790
942790
942790
402023
942790
698893
654721
942790
942790
496811
942790
942790
234918
386070
402023
942790
942790
496811
654721
830780
830780
698893
942790
698893
587555
654721
40296
942790
251850
315025
315025
654721
654721
587555
234918
698893
942790
402023
552074
557206
654721
942790
171970
540077
942790
698893
386070
479797
698893
698893
942790
942790
471636
698893
942790
187157
654721
495230
830780
698893
386070
494593
698893
496811
654721
386070
255739
654721
942790
942790
698893
942790
625553
942790
942790
942790
942790
654721
662947
942790
244197
942790
942790
654721
942790
587555
244197
402023
654721
698893
698893
942790
654721
942790
942790
942790
698893
654721
698893
942790
552074
942790
698893
942790
698893
942790
942790
402023
315025
587555
552074
633561
942790
942790
386070
291662
678516
698893
942790
942790
942790
491096
587555
407736
625553
942790
494494
315025
662947
942790
140056
185447
414309
698893
942790
698893
942790
942790
486683
654721
552074
698893
654721
654721
942790
244197
830780
830780
625553
484794
942790
830780
942790
698893
654721
662947
942790
484794
654721
662947
540077
942790
698893
552074
698893
479861
942790
942790
587555
942790
942790
587555
942790
830780
654721
942790
654721
662947
830780
662947
654721
158438
386070
942790
698893
942790
229448
698893
402023
942790
633561
654721
496811
942790
625553
942790
830780
698893
942790
942790
830780
654721
402023
942790
662947
830780
492855
662947
942790
698893
698893
315025
942790
698893
698893
942790
654721
234918
698893
654721
654721
587555
255739
698893
654721
552074
497316
654721
625553
662947
486683
942790
334223
662947
161366
698893
698893
654721
942790
942790
942790
402023
552074
698893
942790
698893
654721
654721
830780
942790
587555
662947
386070
942790
611492
698893
316528
187157
698893
942790
552074
315025
942790
942790
698893
654721
315025
698893
942790
486683
698893
552074
386070
552074
654721
942790
625553
654721
698893
942790
654721
698893
942790
698893
654721
942790
587555
942790
942790
942790
830780
942790
654721
662947
209684
698893
552074
315025
181432
623778
654721
698893
552074
942790
255739
484794
942790
942790
698893
942790
654721
479861
830780
386070
942790
625553
654721
587555
654721
698893
654721
942790
497076
654721
698893
942790
698893
942790
654721
496439
185447
552074
654721
654721
662947
942790
516397
698893
486683
654721
662947
942790
587555
662947
830780
625553
315025
942790
166330
557206
942790
662947
698893
698893
374476
830780
698893
662947
654721
496811
698893
942790
942790
942790
698893
942790
942790
68368
654721
942790
654721
202423
942790
662947
698893
942790
654721
698893
181432
942790
662947
942790
654721
386070
830780
942790
698893
698893
698893
942790
187157
942790
662947
830780
662947
662947
942790
942790
234918
698893
229448
942790
654721
654721
698893
484794
654721
654721
942790
698893
942790
654721
654721
942790
315025
698893
942790
942790
698893
82731
552074
942790
496811
942790
654721
942790
698893
654721
942790
662947
698893
161366
830780
698893
942790
942790
654721
942790
654721
552074
386070
830780
662947
316528
623778
654721
942790
942790
479861
494593
386070
202423
557206
662947
625553
654721
942790
698893
654721
315025
402023
830780
587555
654721
552074
315025
496811
698893
402023
942790
229448
552074
662947
698893
315025
698893
942790
654721
202423
698893
942790
185447
386070
942790
830780
698893
662947
386070
942790
654721
654721
662947
407736
540077
234918
698893
942790
942790
386070
496439
386070
942790
496811
698893
315025
654721
654721
942790
654721
698893
654721
386070
161366
942790
942790
942790
942790
698893
654721
654721
489322
654721
193052
942790
496364
540077
87399
611492
830780
830780
315025
654721
479861
662947
942790
942790
698893
156508
402023
942790
494593
315025
496811
942790
942790
654721
380807
654721
315025
942790
587555
942790
552074
942790
678516
942790
662947
484794
662947
942790
487560
698893
942790
830780
698893
942790
942790
654721
662947
371148
698893
315025
45254
698893
698893
654721
386070
493653
942790
494593
698893
654721
633561
654721
698893
625553
698893
386070
316528
698893
698893
552074
942790
134536
942790
315025
942790
496439
496811
942790
315025
942790
625553
255739
552074
942790
942790
552074
662947
654721
698893
633561
654721
698893
942790
654721
830780
623778
335642
698893
633561
698893
942790
698893
552074
654721
654721
942790
942790
315025
633561
386070
942790
552074
942790
86873
611492
942790
698893
484794
830780
654721
942790
830780
654721
830780
552074
942790
540077
386070
698893
82731
830780
654721
103404
942790
698893
611492
942790
698893
698893
698893
386070
402023
484794
698893
484794
662947
698893
942790
486683
662947
662947
654721
540077
698893
830780
662947
942790
227849
255739
698893
698893
830780
662947
654721
942790
625553
942790
698893
942790
942790
654721
540077
654721
942790
552074
830780
654721
942790
698893
654721
942790
942790
654721
625553
552074
291662
386070
830780
942790
105756
942790
942790
830780
140056
654721
255739
942790
654721
255739
654721
662947
191176
698893
386070
654721
830780
942790
489237
942790
942790
402023
227849
516397
942790
662947
654721
942790
942790
654721
654721
386070
830780
484794
496364
698893
942790
942790
942790
662947
654721
698893
830780
942790
654721
942790
698893
942790
654721
654721
496811
662947
698893
386070
134878
315025
484794
698893
662947
202423
942790
942790
662947
654721
942790
625553
698893
698893
942790
654721
486683
698893
698893
654721
315025
654721
552074
698893
942790
942790
942790
386070
654721
942790
698893
633561
662947
494593
698893
942790
942790
942790
633561
386070
494593
942790
587555
698893
654721
552074
942790
234918
698893
315025
662947
552074
698893
942790
830780
942790
654721
488244
105756
942790
255739
633561
698893
633561
315025
698893
625553
942790
486683
942790
315025
456514
662947
495160
486683
255739
587555
942790
942790
662947
402023
698893
654721
315025
698893
942790
942790
698893
942790
942790
942790
662947
942790
698893
942790
698893
654721
161366
830780
552074
942790
654721
942790
942790
654721
161366
587555
942790
29191
386070
830780
654721
386070
698893
495230
942790
496811
315025
942790
830780
654721
161366
557206
386070
654721
698893
255739
386070
942790
698893
557206
942790
654721
830780
386070
942790
486683
942790
654721
654721
484794
315025
315025
830780
229448
315025
654721
942790
942790
587555
654721
315025
625553
942790
942790
942790
942790
662947
698893
486683
552074
654721
552074
942790
552074
209684
654721
662947
654721
386070
654721
942790
662947
942790
654721
942790
654721
315025
654721
698893
486683
942790
654721
315025
486683
625553
623778
942790
654721
942790
698893
942790
386070
942790
698893
830780
830780
181432
942790
315025
496811
552074
486683
942790
698893
698893
830780
315025
698893
698893
698893
942790
386070
942790
698893
82731
654721
486683
698893
662947
654721
698893
698893
698893
654721
698893
830780
942790
698893
942790
698893
315025
698893
698893
625553
698893
540077
942790
942790
698893
552074
942790
209684
942790
942790
942790
633561
942790
830780
942790
662947
568933
942790
662947
830780
654721
552074
202423
315025
942790
698893
479861
654721
386070
942790
654721
484794
202423
552074
494593
942790
942790
516397
654721
587555
654721
552074
484794
618
698893
698893
171970
654721
698893
698893
942790
552074
134536
830780
698893
552074
662947
698893
654721
552074
942790
942790
678516
942790
698893
942790
161366
633561
830780
156508
654721
942790
830780
315025
654721
386070
633561
698893
698893
552074
942790
386070
830780
552074
662947
552074
698893
942790
552074
654721
315025
654721
386070
386070
386070
315025
654721
942790
315025
698893
654721
386070
315025
662947
654721
654721
942790
654721
494593
386070
830780
209684
552074
698893
942790
654721
654721
698893
484359
161366
386070
698893
698893
942790
315025
402023
698893
623778
942790
698893
191962
942790
654721
830780
255739
942790
662947
698893
830780
202423
942790
121895
830780
315025
484794
942790
654721
830780
942790
625553
942790
625553
516397
830780
654721
587555
662947
942790
698893
662947
654721
654721
386070
654721
662947
942790
698893
698893
484794
492718
654721
942790
654721
942790
662947
942790
654721
698893
386070
654721
942790
698893
484794
654721
942790
654721
662947
654721
557206
662947
830780
293451
234918
830780
942790
698893
121895
654721
552074
293451
830780
698893
698893
698893
386070
587555
315025
654721
698893
68368
830780
654721
82731
942790
942790
134536
495889
633561
830780
942790
587555
698893
486683
587555
942790
830780
166330
698893
698893
494166
654721
633561
386070
625553
942790
654721
698893
633561
552074
386070
942790
386070
942790
942790
654721
654721
625553
830780
942790
654721
698893
315025
540077
611492
611492
698893
830780
497076
942790
942790
942790
386070
942790
386070
315025
386070
495230
942790
654721
942790
654721
942790
315025
386070
587555
315025
654721
402023
942790
386070
654721
662947
942790
654721
552074
942790
479861
942790
486683
662947
698893
492718
209684
830780
942790
942790
942790
315025
942790
942790
942790
942790
654721
942790
942790
662947
662947
386070
942790
942790
540077
830780
386070
654721
386070
587555
654721
654721
830780
654721
662947
654721
698893
698893
942790
942790
633561
587555
662947
662947
942790
830780
255739
942790
255739
386070
698893
698893
161366
942790
654721
698893
698893
830780
942790
654721
386070
496811
255739
942790
942790
654721
380807
654721
654721
482037
942790
315025
552074
134878
942790
654721
698893
633561
315025
942790
698893
654721
942790
654721
386070
633561
552074
386070
942790
942790
315025
698893
654721
654721
229448
698893
662947
942790
234918
942790
516397
662947
830780
334223
662947
486683
942790
484794
698893
662947
587555
402023
942790
942790
830780
662947
942790
942790
942790
662947
633561
134878
654721
386070
698893
942790
486683
324221
662947
654721
87399
552074
552074
942790
942790
942790
134878
255739
942790
942790
654721
830780
486683
942790
942790
654721
942790
698893
942790
942790
698893
698893
654721
654721
654721
698893
386070
942790
633561
496811
654721
698893
633561
942790
942790
654721
587555
942790
942790
662947
654721
830780
654721
830780
484794
942790
698893
654721
942790
484794
181432
654721
459562
654721
698893
654721
698893
103404
942790
942790
942790
942790
495230
552074
698893
654721
209684
654721
942790
698893
493653
402023
654721
698893
266290
942790
698893
942790
552074
698893
552074
698893
654721
830780
698893
830780
942790
942790
830780
698893
942790
402023
587555
587555
942790
942790
830780
698893
386070
244197
202423
654721
202423
942790
202423
386070
633561
654721
386070
484794
698893
402023
633561
942790
942790
942790
654721
830780
942790
942790
121921
942790
662947
698893
698893
662947
942790
496811
552074
662947
587555
654721
633561
830780
316528
587555
227849
698893
830780
830780
698893
654721
402023
662947
654721
654721
496811
662947
485924
552074
134536
633561
942790
386070
654721
942790
698893
625553
654721
654721
942790
662947
623778
830780
942790
942790
315025
293451
654721
942790
942790
654721
654721
386070
402023
942790
187157
698893
942790
698893
386070
942790
484794
662947
698893
495011
830780
942790
386070
484794
942790
698893
315025
633561
552074
830780
698893
315025
942790
654721
698893
255739
698893
134536
486683
830780
36642
698893
662947
942790
386070
315025
496811
654721
654721
942790
942790
698893
494166
654721
654721
662947
121895
698893
402023
942790
942790
325884
698893
654721
942790
552074
244197
830780
942790
654721
654721
942790
587555
625553
942790
227849
942790
495953
654721
40296
942790
942790
633561
942790
315025
386070
698893
552074
662947
654721
830780
315025
942790
942790
942790
830780
209684
942790
552074
496364
315025
552074
942790
386070
654721
698893
942790
942790
552074
540077
386070
552074
654721
485763
698893
662947
386070
315025
386070
942790
698893
942790
942790
552074
698893
654721
654721
654721
698893
662947
942790
942790
2464
942790
698893
209684
315025
121895
496364
942790
654721
942790
698893
315025
87399
698893
654721
479861
698893
315025
654721
942790
552074
315025
402023
698893
386070
942790
202423
654721
830780
830780
587555
698893
698893
942790
654721
698893
942790
698893
942790
386070
587555
486683
315025
495011
315025
942790
942790
486683
633561
698893
552074
552074
942790
698893
662947
942790
134536
942790
942790
942790
552074
698893
315025
484794
654721
654721
942790
942790
698893
698893
942790
386070
698893
209684
942790
166330
402023
698893
942790
654721
942790
334223
191176
830780
942790
942790
227849
552074
942790
698893
698893
654721
654721
324221
942790
942790
942790
942790
316528
830780
830780
942790
662947
654721
698893
654721
654721
698893
698893
942790
942790
229448
942790
662947
486683
654721
698893
830780
698893
942790
484794
942790
698893
698893
552074
633561
942790
662947
662947
315025
942790
942790
654721
402023
486683
234918
486683
942790
698893
324221
942790
942790
830780
662947
452826
698893
587555
552074
654721
942790
942790
942790
654721
942790
698893
830780
244197
698893
654721
942790
662947
698893
942790
942790
114
942790
654721
633561
479861
654721
315025
942790
654721
552074
587555
942790
698893
698893
698893
633561
486683
386070
633561
484794
495889
386070
654721
942790
662947
698893
830780
625553
654721
386070
87399
942790
942790
402023
662947
942790
552074
942790
698893
516397
552074
291662
942790
830780
698893
942790
942790
486683
942790
315025
386070
830780
698893
942790
942790
698893
486683
942790
942790
942790
654721
698893
587555
942790
654721
315025
654721
587555
625553
654721
942790
654721
942790
654721
654721
942790
942790
942790
587555
654721
698893
484794
315025
662947
654721
315025
662947
654721
552074
942790
698893
942790
39431
202423
654721
654721
161366
540077
942790
942790
942790
942790
255739
942790
662947
942790
942790
484794
698893
942790
698893
386070
654721
942790
491836
654721
698893
662947
830780
698893
698893
942790
654721
552074
698893
942790
942790
942790
552074
552074
942790
942790
662947
654721
484794
942790
698893
942790
662947
698893
942790
942790
552074
942790
698893
552074
654721
654721
942790
654721
662947
698893
654721
942790
942790
486683
942790
942790
486683
209684
942790
830780
698893
942790
662947
315025
942790
678516
942790
830780
942790
359408
698893
386070
516397
698893
662947
942790
830780
623778
942790
489322
654721
625553
942790
496811
654721
484794
315025
552074
942790
134878
942790
654721
698893
942790
496364
486683
496811
662947
161366
493503
698893
830780
830780
662947
483131
552074
942790
315025
552074
654721
654721
698893
942790
625553
552074
942790
698893
654721
516397
662947
315025
654721
830780
942790
654721
698893
315025
654721
942790
942790
654721
942790
698893
698893
942790
552074
234918
942790
552074
654721
386070
698893
942790
698893
255739
209684
654721
942790
698893
830780
156508
557206
698893
942790
654721
654721
255739
942790
315025
942790
698893
315025
698893
698893
698893
552074
654721
698893
662947
942790
654721
486683
654721
698893
654721
942790
488153
51770
386070
942790
662947
942790
552074
484794
698893
633561
698893
662947
942790
494046
942790
229448
942790
698893
105756
402023
942790
216276
587555
495230
942790
698893
386070
496811
942790
420843
942790
654721
315025
942790
654721
654721
942790
942790
698893
698893
654721
698893
830780
497076
698893
942790
698893
698893
698893
315025
587555
942790
662947
942790
942790
552074
830780
315025
540077
662947
654721
942790
942790
315025
698893
386070
654721
698893
830780
654721
552074
495953
942790
942790
830780
698893
654721
942790
552074
552074
662947
654721
698893
654721
654721
496811
942790
244197
654721
662947
662947
942790
587555
662947
942790
486683
654721
234918
552074
942790
495925
654721
698893
552074
942790
654721
654721
654721
830780
376750
830780
315025
942790
633561
654721
698893
654721
654721
402023
662947
402023
654721
552074
654721
698893
552074
942790
654721
942790
654721
942790
698893
942790
942790
942790
654721
942790
662947
654721
830780
942790
209684
942790
942790
698893
386070
942790
942790
444949
316528
942790
662947
830780
161366
86873
698893
942790
942790
698893
315025
942790
942790
942790
942790
568933
386070
830780
830780
293451
540077
552074
830780
698893
942790
698893
698893
255739
496364
942790
633561
698893
386070
584737
830780
942790
552074
654721
315025
486683
161366
698893
486683
654721
202423
654721
698893
942790
942790
942790
942790
698893
830780
654721
386070
386070
486683
654721
623778
315025
552074
942790
625553
942790
654721
386070
942790
654721
942790
942790
496811
942790
830780
942790
557206
942790
654721
557206
830780
654721
942790
386070
623778
654721
662947
942790
654721
942790
698893
942790
654721
202423
698893
623778
698893
942790
484794
830780
386070
654721
942790
942790
654721
623778
654721
496811
494221
830780
942790
698893
654721
654721
121921
942790
830780
202423
662947
698893
698893
942790
942790
654721
942790
662947
402023
698893
698893
942790
942790
386070
698893
698893
942790
654721
161366
540077
698893
654721
942790
486683
315025
830780
698893
654721
830780
654721
698893
942790
552074
654721
942790
486683
662947
698893
942790
315025
662947
942790
625553
830780
942790
209684
830780
698893
662947
830780
698893
698893
942790
654721
698893
227849
402023
452826
830780
942790
942790
654721
698893
654721
942790
496811
315025
698893
386070
484794
698893
698893
698893
496364
942790
654721
942790
698893
625553
654721
654721
830780
662947
486683
402023
942790
654721
942790
942790
942790
830780
698893
479861
942790
654721
698893
830780
698893
698893
942790
315025
134536
386070
654721
942790
942790
484794
942790
698893
496364
698893
698893
315025
942790
830780
496439
386070
942790
82731
110191
662947
942790
662947
942790
654721
942790
942790
386070
698893
942790
295322
315025
187157
698893
698893
654721
654721
485674
942790
654721
662947
698893
654721
552074
662947
654721
942790
942790
654721
654721
654721
654721
830780
662947
51770
942790
942790
662947
698893
516397
315025
472002
552074
942790
359408
386070
255739
698893
552074
234918
386070
654721
654721
942790
480867
698893
193052
942790
386070
51770
830780
830780
942790
654721
654721
386070
495011
202423
942790
315025
654721
654721
698893
942790
587555
830780
654721
185447
942790
492855
662947
654721
662947
942790
698893
552074
942790
486683
625553
698893
654721
552074
942790
386070
942790
942790
942790
698893
698893
623778
496101
185447
942790
942790
489788
552074
698893
942790
698893
662947
654721
140056
484794
161366
662947
942790
942790
315025
654721
105756
490285
698893
662947
654721
942790
540077
942790
698893
654721
942790
942790
698893
942790
942790
486683
161366
181432
654721
662947
698893
942790
678516
662947
942790
698893
654721
698893
942790
662947
552074
942790
402023
121921
486683
942790
662947
942790
662947
698893
493653
244197
830780
654721
942790
654721
942790
496811
654721
662947
552074
484794
654721
654721
942790
698893
942790
633561
654721
587555
698893
654721
654721
942790
488026
484794
698893
654721
830780
386070
942790
386070
171970
698893
587555
654721
552074
942790
315025
698893
229448
625553
698893
698893
698893
654721
654721
698893
623778
698893
315025
315025
654721
942790
587555
942790
942790
942790
633561
654721
402023
229448
942790
942790
484794
942790
942790
484165
494046
386070
324221
654721
435102
698893
654721
654721
654721
942790
698893
51770
654721
386070
942790
654721
587555
121921
386070
942790
654721
942790
942790
698893
942790
315025
161366
698893
552074
942790
654721
698893
698893
134878
942790
698893
942790
484794
662947
942790
654721
209684
654721
110191
303420
662947
496364
552074
698893
698893
830780
942790
209684
484794
698893
654721
942790
830780
942790
315025
942790
654721
830780
552074
830780
942790
587555
496811
942790
942790
942790
942790
209684
654721
315025
698893
942790
698893
942790
942790
698893
942790
209684
942790
698893
134536
496811
942790
110191
552074
611492
438109
942790
496101
654721
386070
698893
942790
698893
830780
234918
698893
654721
552074
234918
623778
698893
654721
654721
161366
942790
557206
942790
587555
942790
942790
552074
942790
315025
654721
942790
830780
654721
625553
185447
942790
315025
830780
830780
698893
698893
490285
698893
654721
654721
654721
557206
698893
942790
662947
942790
942790
942790
830780
386070
654721
484794
86873
662947
493389
386070
315025
662947
942790
830780
942790
633561
654721
386070
386070
942790
516397
587555
654721
942790
662947
942790
698893
830780
654721
654721
386070
473928
942790
942790
942790
942790
942790
662947
479861
654721
386070
698893
942790
698893
942790
698893
942790
698893
478089
942790
942790
942790
82731
654721
830780
698893
698893
942790
662947
227849
484794
662947
942790
496811
662947
134878
654721
942790
942790
202423
654721
552074
942790
386070
181432
386070
942790
698893
942790
662947
623778
698893
830780
552074
654721
654721
830780
830780
552074
698893
587555
315025
698893
698893
830780
942790
942790
654721
662947
587555
830780
942790
495889
315025
386070
942790
942790
830780
942790
942790
633561
942790
156508
654721
942790
317725
552074
942790
942790
134536
202423
942790
495230
654721
654721
698893
942790
587555
942790
486683
942790
942790
234918
830780
587555
315025
942790
698893
942790
830780
698893
942790
587555
698893
662947
654721
623778
662947
140056
830780
654721
552074
942790
654721
625553
402023
494593
185447
654721
942790
678516
698893
654721
654721
185447
698893
654721
227849
552074
552074
830780
654721
552074
402023
830780
654721
830780
942790
654721
662947
942790
134536
698893
698893
942790
654721
942790
942790
662947
229448
587555
698893
484794
625553
942790
623778
942790
486683
698893
662947
942790
942790
942790
654721
625553
654721
244197
698893
654721
402023
654721
654721
942790
698893
942790
633561
698893
654721
374476
552074
386070
942790
942790
654721
516397
942790
698893
386070
942790
698893
654721
698893
493667
698893
484794
166330
229448
942790
698893
486683
942790
942790
654721
315025
552074
587555
227849
830780
484794
942790
942790
662947
830780
942790
552074
654721
698893
633561
402023
161366
486683
698893
942790
654721
942790
662947
654721
942790
486683
942790
698893
942790
662947
386070
654721
654721
830780
942790
315025
587555
942790
662947
942790
407736
942790
942790
654721
698893
942790
654721
942790
185447
942790
462786
315025
486683
386070
698893
452826
654721
942790
654721
698893
654721
654721
698893
942790
386070
654721
557206
942790
386070
942790
942790
386070
112655
942790
552074
662947
386070
942790
942790
484794
234918
654721
942790
698893
654721
942790
623778
654721
698893
654721
698893
315025
494593
830780
942790
830780
386070
24268
942790
633561
486683
698893
654721
654721
942790
315025
942790
942790
698893
654721
942790
654721
315025
654721
698893
942790
654721
315025
315025
386070
654721
315025
557206
698893
633561
371148
942790
496811
22219
623778
698893
942790
402023
496364
402023
942790
942790
654721
654721
942790
587555
678516
942790
380807
557206
486683
654721
552074
654721
942790
386070
698893
654721
486683
698893
942790
942790
698893
698893
942790
662947
654721
654721
255739
495230
698893
698893
492645
942790
698893
942790
942790
942790
942790
654721
654721
942790
654721
942790
414318
51770
484794
662947
830780
654721
942790
654721
698893
654721
698893
315025
942790
552074
134878
942790
942790
942790
386070
587555
942790
315025
942790
942790
654721
830780
552074
316528
942790
654721
654721
407736
942790
587555
486683
942790
255739
942790
654721
698893
625553
202423
942790
654721
942790
552074
942790
698893
654721
39492
830780
942790
402023
942790
486683
654721
654721
110191
486683
830780
698893
942790
380807
698893
942790
698893
698893
698893
623778
942790
942790
493653
486683
698893
486683
830780
496811
942790
294660
698893
698893
698893
942790
110191
386070
557206
552074
698893
293451
942790
654721
698893
698893
496811
698893
654721
698893
830780
39492
830780
486683
942790
229448
386070
698893
942790
942790
698893
698893
698893
312182
625553
942790
942790
402023
315025
654721
654721
386070
492718
654721
552074
386070
698893
386070
68368
942790
484794
942790
496101
830780
484794
552074
380807
698893
244197
698893
942790
698893
161366
662947
496364
654721
942790
698893
654721
698893
654721
633561
662947
552074
654721
830780
698893
698893
587555
486683
654721
942790
87399
662947
698893
662947
698893
942790
654721
830780
316528
662947
942790
698893
496811
552074
654721
234918
830780
942790
493459
654721
156508
698893
942790
830780
633561
942790
698893
552074
484794
942790
830780
942790
552074
654721
654721
698893
317725
942790
942790
662947
942790
942790
942790
942790
698893
110191
942790
552074
942790
156508
942790
633561
678516
942790
698893
552074
654721
654721
942790
698893
386070
942790
402023
166330
255739
678516
698893
540077
942790
662947
942790
654721
202423
202423
942790
942790
698893
942790
234918
942790
698893
942790
942790
315025
654721
830780
654721
942790
830780
698893
698893
698893
654721
654721
698893
942790
552074
494221
484794
654721
654721
942790
942790
662947
698893
698893
942790
486683
698893
315025
386070
942790
654721
244197
698893
942790
587555
386070
88934
552074
830780
698893
68368
121921
315025
942790
386070
698893
255739
386070
942790
557206
654721
662947
662947
830780
942790
255739
552074
386070
495230
654721
202423
496811
942790
654721
942790
942790
202423
698893
654721
678516
121921
662947
552074
830780
88934
942790
698893
942790
315025
942790
486683
942790
942790
830780
229448
662947
402023
698893
488113
386070
698893
830780
942790
386070
698893
82731
942790
662947
103404
552074
568933
830780
942790
942790
662947
317725
402023
251850
942790
942790
202423
486683
942790
386070
486683
234918
324221
942790
698893
942790
386070
942790
315025
654721
698893
654721
654721
830780
942790
942790
496811
552074
552074
386070
942790
187157
654721
698893
654721
942790
942790
386070
942790
942790
324221
552074
161366
698893
942790
830780
654721
587555
315025
229448
625553
654721
698893
698893
830780
584737
625553
315025
486683
662947
942790
654721
942790
654721
202423
698893
654721
315025
830780
942790
830780
942790
587555
698893
942790
315025
942790
942790
942790
191176
942790
654721
942790
587555
942790
540077
698893
552074
942790
611492
942790
830780
587555
625553
625553
402023
698893
942790
478089
315025
255739
121921
942790
698893
662947
654721
654721
698893
654721
942790
662947
654721
557206
942790
623778
698893
611492
942790
202423
830780
830780
830780
942790
662947
82731
830780
73
654721
496811
942790
654721
334223
942790
654721
698893
942790
623778
654721
17787
942790
830780
942790
255739
830780
698893
698893
32239
942790
227849
942790
830780
156508
325289
942790
698893
496811
942790
625553
942790
110191
942790
698893
942790
654721
255739
654721
942790
633561
625553
942790
942790
311485
942790
942790
315025
698893
315025
662947
942790
698893
587555
209684
495011
942790
654721
654721
161366
662947
942790
942790
942790
698893
633561
495230
452826
830780
830780
386070
383819
698893
698893
486683
394514
698893
654721
698893
654721
698893
698893
654721
942790
202423
942790
654721
698893
942790
486683
654721
662947
654721
654721
698893
552074
452826
654721
315025
662947
386070
587555
942790
942790
662947
698893
942790
402023
625553
942790
654721
698893
156508
495230
662947
455883
386070
402023
942790
587555
698893
386070
698893
662947
942790
654721
386070
654721
942790
587555
654721
654721
654721
942790
662947
633561
557206
942790
166330
255739
942790
540077
942790
942790
552074
698893
552074
830780
942790
587555
662947
942790
654721
942790
552074
698893
942790
698893
386070
557206
234918
654721
942790
942790
942790
698893
654721
134878
654721
386070
654721
698893
486683
587555
244197
942790
662947
942790
654721
227849
698893
830780
942790
698893
662947
122439
654721
552074
698893
386070
654721
625553
698893
942790
698893
942790
315025
698893
315025
698893
662947
255739
942790
942790
942790
942790
942790
942790
662947
830780
942790
654721
942790
359408
654721
486683
654721
662947
315025
494593
654721
495925
830780
698893
552074
486683
830780
698893
830780
830780
552074
552074
484794
942790
315025
315025
698893
334223
654721
698893
942790
662947
654721
942790
698893
942790
315025
625553
662947
654721
698893
625553
191176
552074
942790
209684
82731
698893
161366
942790
654721
942790
662947
166330
402023
698893
698893
633561
942790
942790
552074
942790
942790
51770
942790
698893
830780
557206
118372
316528
654721
255739
386070
402023
484794
830780
587555
830780
654721
486683
698893
942790
698893
942790
486683
654721
229448
662947
942790
486683
484794
830780
496811
942790
942790
134536
942790
942790
942790
942790
386070
942790
942790
830780
698893
654721
484794
830780
698893
386070
698893
484794
942790
633561
942790
654721
166330
654721
942790
698893
484712
625553
698893
698893
654721
315025
486683
316528
830780
942790
698893
625553
484794
587555
496811
486683
830780
698893
386070
496811
654721
830780
166330
698893
654721
386070
698893
654721
942790
698893
662947
552074
654721
540077
698893
698893
654721
633561
942790
654721
191176
942790
654721
315025
171970
942790
315025
552074
662947
942790
830780
654721
942790
202423
698893
698893
942790
654721
698893
698893
315025
830780
830780
698893
698893
662947
942790
166330
134536
633561
552074
662947
315025
654721
654721
830780
654721
942790
942790
654721
942790
942790
698893
698893
698893
587555
654721
552074
654721
830780
942790
587555
496811
942790
140056
830780
662947
465223
942790
698893
830780
942790
662947
486683
942790
662947
942790
662947
552074
315025
942790
698893
540077
654721
386070
942790
386070
654721
698893
942790
942790
698893
662947
110191
568933
942790
315025
942790
386070
698893
386070
830780
942790
942790
315025
698893
486683
830780
495011
942790
134536
698893
830780
942790
942790
496811
315025
496811
654721
698893
324221
942790
942790
225595
493653
386070
830780
552074
942790
830780
830780
942790
942790
942790
698893
942790
134878
942790
830780
942790
662947
942790
698893
654721
552074
942790
654721
662947
698893
494593
654721
942790
140056
552074
654721
830780
942790
386070
234918
942790
484794
486683
48460
942790
402023
181432
942790
495953
234918
496811
625553
698893
698893
255739
698893
698893
830780
942790
830780
552074
942790
942790
942790
698893
255739
611492
227849
942790
402023
942790
942790
654721
386070
654721
942790
88934
942790
830780
942790
942790
654721
698893
942790
698893
942790
654721
698893
942790
942790
942790
698893
942790
386070
494221
386070
654721
942790
486683
942790
942790
698893
654721
698893
654721
552074
698893
654721
654721
161366
698893
830780
65384
654721
662947
942790
942790
942790
540077
698893
698893
625553
942790
942790
942790
654721
479861
496811
654721
942790
315025
698893
942790
698893
830780
654721
942790
552074
45254
942790
942790
654721
698893
386070
587555
698893
229448
698893
496811
654721
830780
942790
678516
386070
698893
495313
942790
654721
386070
942790
942790
698893
698893
654721
942790
654721
386070
698893
568933
698893
654721
942790
654721
486683
654721
698893
942790
942790
496364
156508
492893
494593
402023
830780
407736
552074
698893
698893
654721
942790
633561
698893
540077
942790
625553
654721
942790
495011
158438
942790
830780
942790
942790
654721
698893
942790
185447
698893
654721
942790
942790
698893
552074
942790
662947
315025
698893
654721
830780
942790
181432
942790
942790
698893
552074
402023
942790
698893
942790
625553
698893
698893
654721
942790
942790
662947
277852
942790
942790
654721
625553
698893
942790
484794
830780
662947
942790
494221
489395
494593
654721
654721
698893
662947
942790
698893
402023
698893
830780
942790
552074
942790
942790
121921
698893
654721
698893
88934
662947
386070
103404
654721
662947
830780
942790
234918
496364
698893
662947
942790
359408
654721
402023
625553
496364
654721
82731
942790
654721
484794
698893
698893
942790
698893
662947
654721
234918
662947
494046
386070
698893
942790
942790
942790
698893
698893
484794
654721
315025
654721
698893
942790
698893
942790
625553
942790
942790
942790
654721
942790
315025
486683
654721
516397
942790
942790
386070
698893
942790
698893
315025
698893
654721
494221
386070
496811
942790
161366
654721
315025
386070
484794
942790
654721
942790
654721
654721
698893
942790
654721
633561
386070
134536
662947
698893
568933
698893
698893
315025
830780
654721
942790
698893
942790
625553
942790
654721
134536
552074
654721
552074
315025
611492
486683
698893
830780
654721
698893
161366
496364
386070
324221
942790
942790
698893
942790
654721
698893
942790
662947
698893
654721
552074
942790
359408
942790
662947
942790
202423
487560
662947
402023
402023
386070
654721
244197
698893
698893
698893
552074
625553
942790
942790
134536
486683
698893
942790
654721
830780
942790
493389
698893
654721
942790
234918
942790
698893
942790
698893
942790
654721
484794
942790
552074
315025
942790
942790
942790
942790
185447
698893
611492
492718
277852
942790
698893
942790
942790
134878
110191
156508
402023
662947
484712
662947
698893
633561
942790
495889
494593
587555
942790
942790
552074
830780
492718
654721
942790
698893
662947
486683
51770
698893
625553
68368
942790
942790
202423
402023
486683
611492
587555
140056
698893
942790
942790
698893
662947
466093
552074
486683
942790
942790
830780
625553
662947
662947
88934
662947
942790
698893
942790
492911
662947
484794
402023
552074
698893
654721
587555
698893
434826
486683
386070
942790
942790
942790
654721
402023
552074
942790
698893
552074
698893
654721
654721
662947
942790
830780
942790
942790
315025
662947
495889
662947
942790
654721
942790
654721
315025
654721
942790
654721
662947
316528
698893
942790
654721
552074
662947
552074
698893
486683
942790
374476
698893
698893
662947
234918
466315
942790
315025
654721
678516
698893
942790
698893
698893
552074
698893
654721
587555
402023
942790
662947
51770
633561
552074
486683
552074
557206
633561
654721
557206
698893
698893
484794
587555
654721
654721
942790
315025
633561
633561
654721
942790
633561
611492
552074
386070
495230
942790
830780
942790
315025
830780
698893
492855
491885
255739
315025
495889
942790
942790
654721
625553
942790
942790
315025
516397
698893
942790
662947
942790
942790
402023
942790
552074
698893
942790
32239
942790
315025
942790
552074
277852
942790
942790
942790
942790
407736
662947
654721
386070
552074
654721
557206
662947
942790
654721
942790
698893
654721
942790
337514
654721
181432
662947
830780
654721
486683
830780
315025
698893
942790
654721
942790
942790
830780
654721
625553
830780
942790
633561
315025
942790
315025
942790
942790
227849
830780
662947
386070
654721
654721
625553
942790
942790
942790
942790
698893
662947
698893
654721
654721
662947
662947
552074
662947
654721
698893
552074
568933
625553
662947
942790
698893
698893
942790
698893
654721
942790
830780
942790
386070
698893
654721
654721
942790
662947
698893
698893
830780
698893
662947
662947
942790
830780
830780
402023
942790
662947
552074
942790
942790
942790
942790
942790
654721
830780
625553
185447
654721
830780
486683
942790
698893
202423
654721
662947
942790
698893
942790
698893
942790
654721
942790
942790
315025
698893
654721
942790
134878
654721
625553
942790
486683
633561
698893
698893
942790
942790
654721
312182
552074
181432
445001
942790
942790
587555
678516
540077
484165
942790
698893
698893
942790
552074
942790
942790
654721
587555
479861
315025
942790
942790
552074
698893
698893
942790
484794
486683
698893
654721
698893
942790
942790
552074
161366
496811
698893
942790
386070
625553
942790
942790
698893
942790
552074
654721
698893
942790
552074
486683
942790
552074
315025
654721
486683
312182
552074
698893
386070
942790
662947
942790
625553
942790
698893
496439
315025
942790
654721
662947
103404
654721
698893
942790
497076
942790
587555
942790
654721
654721
552074
662947
317725
698893
942790
698893
496811
942790
625553
386070
386070
134536
942790
698893
110191
386070
134878
494593
942790
698893
654721
830780
942790
479861
402023
662947
830780
315025
698893
942790
51770
698893
942790
698893
654721
347868
68368
698893
277852
654721
315025
654721
633561
134878
255739
830780
942790
698893
495230
552074
942790
830780
662947
234918
654721
414309
662947
654721
552074
587555
234918
942790
654721
654721
654721
830780
244197
654721
942790
654721
662947
552074
496364
698893
181432
698893
942790
698893
830780
552074
662947
698893
830780
317725
942790
698893
830780
942790
942790
942790
662947
698893
942790
662947
654721
942790
662947
495889
698893
587555
380807
654721
942790
654721
698893
698893
654721
654721
654721
662947
227849
316528
103404
942790
698893
942790
698893
662947
654721
496364
496811
698893
662947
489120
698893
830780
698893
662947
942790
942790
654721
315025
942790
830780
942790
942790
654721
698893
654721
698893
654721
587555
830780
942790
475134
942790
698893
698893
402023
942790
202423
568933
698893
654721
942790
942790
942790
942790
552074
698893
587555
662947
942790
134536
698893
698893
654721
942790
942790
942790
942790
255739
698893
185447
654721
942790
942790
942790
942790
315025
654721
633561
830780
942790
942790
942790
698893
312182
942790
942790
698893
209684
942790
942790
654721
678516
386070
942790
552074
698893
654721
166330
698893
942790
698893
654721
654721
662947
654721
486683
516397
654721
942790
654721
698893
315025
625553
698893
654721
942790
386070
492855
654721
698893
942790
698893
698893
942790
654721
662947
942790
654721
315025
315025
654721
625553
654721
830780
185447
942790
654721
654721
662947
386070
587555
484794
552074
654721
698893
942790
942790
134878
698893
942790
654721
942790
942790
698893
942790
830780
698893
942790
698893
51770
698893
662947
942790
654721
830780
552074
698893
654721
942790
386070
942790
942790
698893
255739
698893
942790
942790
552074
942790
662947
698893
587555
698893
202423
942790
202423
402023
654721
317725
942790
315025
942790
830780
698893
494166
698893
942790
698893
552074
386070
623778
486683
552074
497076
662947
315025
698893
315025
698893
255739
662947
552074
315025
942790
942790
942790
244197
662947
121921
698893
942790
654721
654721
698893
942790
942790
134536
942790
698893
942790
942790
698893
942790
698893
654721
662947
315025
830780
662947
552074
830780
654721
662947
633561
698893
698893
698893
698893
552074
654721
662947
662947
315025
942790
315025
623778
611492
830780
654721
486683
552074
386070
942790
942790
654721
402023
625553
942790
315025
662947
830780
386070
942790
942790
611492
830780
942790
698893
587555
942790
662947
942790
234918
315025
625553
662947
942790
654721
698893
552074
942790
654721
698893
495230
386070
315025
942790
698893
654721
942790
942790
386070
698893
662947
942790
654721
36642
402023
315025
698893
942790
942790
227849
942790
552074
540077
209684
942790
484794
654721
315025
830780
942790
942790
942790
662947
698893
698893
698893
486683
698893
698893
698893
402023
110191
942790
140056
654721
654721
315025
315025
942790
942790
552074
698893
552074
942790
698893
942790
103404
942790
654721
698893
942790
942790
486683
830780
942790
942790
942790
402023
942790
654721
942790
830780
312182
386070
942790
942790
942790
662947
654721
698893
942790
942790
942790
662947
386070
587555
942790
486683
942790
942790
552074
942790
587555
386070
654721
698893
698893
654721
698893
698893
134878
654721
452826
942790
654721
830780
654721
698893
698893
568933
402023
654721
552074
698893
942790
830780
830780
830780
486683
698893
654721
698893
552074
942790
698893
698893
830780
698893
494593
255739
942790
698893
942790
654721
698893
698893
496811
496811
633561
662947
698893
552074
654721
942790
942790
942790
942790
698893
830780
484794
86873
662947
942790
315025
942790
698893
654721
942790
698893
552074
654721
942790
662947
662947
678516
942790
830780
654721
698893
942790
942790
942790
662947
625553
484794
315025
185447
654721
942790
140056
942790
942790
942790
633561
557206
140056
662947
315025
942790
654721
942790
495953
315025
662947
386070
476909
698893
830780
386070
942790
185447
654721
486683
698893
552074
552074
942790
386070
662947
942790
633561
654721
8923
830780
942790
698893
484794
698893
830780
942790
830780
315025
552074
244197
654721
942790
654721
942790
497076
484605
942790
942790
209684
386070
654721
386070
942790
942790
402023
654721
698893
662947
9342
698893
830780
486683
654721
552074
315025
316528
698893
540077
654721
654721
552074
654721
698893
698893
942790
654721
654721
654721
698893
942790
51770
830780
317725
625553
942790
698893
662947
830780
516397
942790
552074
942790
698893
587555
698893
698893
942790
942790
662947
386070
942790
942790
625553
654721
942790
830780
942790
942790
654721
654721
942790
386070
654721
552074
942790
587555
942790
633561
698893
942790
698893
942790
942790
942790
830780
654721
654721
698893
698893
942790
234918
942790
654721
942790
942790
698893
942790
386070
942790
662947
407736
484794
942790
587555
830780
486683
552074
698893
654721
654721
51770
315025
942790
654721
698893
662947
402023
654721
625553
698893
830780
698893
255739
830780
942790
942790
315025
587555
484794
587555
386070
942790
654721
633561
386070
552074
484794
942790
698893
479861
942790
942790
662947
942790
386070
698893
698893
942790
942790
942790
942790
662947
654721
494593
244197
942790
942790
484794
942790
942790
698893
942790
402023
942790
587555
942790
698893
942790
662947
386070
654721
495230
942790
654721
386070
654721
654721
830780
82731
587555
367059
698893
315025
166330
830780
654721
698893
942790
830780
942790
315025
942790
315025
625553
942790
698893
654721
698893
942790
484794
942790
698893
942790
942790
942790
942790
625553
698893
495925
830780
698893
942790
942790
942790
698893
698893
654721
662947
484794
315025
942790
386070
942790
654721
654721
552074
316528
698893
654721
495953
552074
134536
227849
1680
698893
654721
654721
698893
662947
662947
698893
185447
386070
484794
942790
942790
942790
942790
662947
942790
698893
942790
698893
942790
484794
942790
552074
942790
698893
942790
479861
830780
166330
633561
587555
654721
654721
942790
942790
698893
662947
942790
386070
942790
830780
830780
662947
552074
552074
386070
942790
698893
552074
654721
942790
587555
698893
191176
662947
185447
552074
255739
830780
942790
315025
654721
654721
654721
942790
654721
479861
942790
662947
698893
942790
942790
698893
698893
587555
942790
386070
698893
654721
315025
942790
315025
540077
942790
625553
698893
496811
654721
662947
698893
479861
830780
662947
654721
942790
698893
830780
587555
942790
315025
830780
587555
315025
698893
402023
494046
315025
698893
942790
315025
942790
942790
316528
479861
185447
121895
662947
496811
830780
942790
830780
698893
374476
698893
830780
496364
698893
942790
654721
942790
830780
552074
654721
942790
497076
386070
942790
623778
698893
698893
942790
942790
315025
161366
315025
161366
625553
552074
484794
942790
633561
494166
625553
942790
654721
587555
942790
654721
134878
557206
942790
654721
654721
942790
942790
557206
698893
942790
698893
662947
552074
315025
587555
942790
942790
830780
830780
386070
698893
587555
88934
654721
942790
407736
830780
942790
662947
654721
942790
942790
698893
662947
470401
402023
942790
623778
654721
942790
654721
568933
633561
552074
698893
942790
698893
830780
942790
386070
552074
942790
698893
633561
942790
557206
942790
587555
654721
587555
51770
698893
942790
293451
654721
227849
315025
698893
625553
654721
698893
662947
407736
942790
386070
1344
625553
495011
698893
830780
452826
654721
942790
698893
942790
942790
496811
698893
698893
830780
942790
698893
654721
698893
830780
293451
942790
830780
698893
484794
166330
942790
484794
13594
568933
633561
494593
496364
386070
698893
654721
698893
654721
486683
540077
942790
552074
942790
552074
494593
942790
654721
830780
568933
654721
654721
698893
942790
942790
625553
698893
698893
255739
486683
698893
942790
942790
496811
386070
698893
315025
654721
244197
698893
942790
942790
698893
484794
654721
942790
942790
698893
942790
386070
698893
654721
479861
942790
496811
698893
942790
942790
386070
118372
315025
654721
830780
62200
698893
654721
942790
457213
484794
625553
121921
942790
623778
830780
942790
654721
587555
386070
110191
942790
654721
942790
121895
698893
662947
698893
698893
662947
942790
698893
698893
625553
662947
662947
552074
386070
698893
942790
942790
654721
654721
492849
942790
662947
654721
662947
654721
496364
452826
552074
486683
654721
496364
942790
830780
654721
181432
654721
942790
698893
942790
315025
486683
181432
486683
830780
942790
587555
942790
698893
234918
942790
315025
698893
662947
662947
662947
552074
654721
633561
698893
587555
942790
942790
942790
494593
654721
698893
698893
662947
484794
698893
830780
942790
942790
698893
654721
293451
654721
698893
386070
942790
698893
402023
698893
625553
942790
484794
552074
557206
654721
942790
942790
540077
625553
942790
942790
942790
698893
678516
484794
942790
315025
942790
654721
654721
698893
942790
942790
234918
830780
942790
654721
942790
698893
654721
698893
654721
942790
402023
698893
942790
486683
942790
654721
654721
552074
942790
552074
654721
662947
942790
942790
625553
654721
496811
942790
942790
698893
654721
229448
386070
386070
654721
698893
942790
942790
698893
830780
942790
495230
315025
654721
698893
386070
386070
202423
942790
654721
942790
386070
315025
1219
942790
942790
942790
942790
315025
698893
486683
654721
698893
942790
121921
698893
942790
698893
942790
698893
540077
166330
121895
484794
942790
402023
654721
942790
654721
494029
662947
830780
942790
942790
698893
942790
830780
662947
625553
662947
166330
662947
654721
625553
942790
942790
662947
662947
942790
942790
654721
315025
654721
698893
654721
185447
942790
698893
209684
654721
611492
654721
315025
662947
698893
662947
942790
698893
942790
625553
540077
942790
698893
654721
942790
698893
134536
315025
654721
654721
121921
942790
486683
942790
315025
830780
557206
654721
698893
234918
942790
191962
830780
386070
654721
494593
698893
625553
942790
315025
315025
942790
552074
654721
495953
484794
698893
654721
315025
654721
552074
552074
486683
654721
654721
830780
942790
552074
698893
654721
942790
942790
134878
484794
942790
942790
942790
830780
386070
587555
662947
495230
654721
698893
698893
662947
587555
942790
830780
654721
942790
942790
625553
830780
830780
625553
942790
654721
698893
942790
625553
315025
698893
633561
942790
654721
654721
654721
587555
698893
654721
654721
942790
942790
623778
315025
654721
698893
698893
625553
492849
386070
942790
662947
552074
698893
496811
552074
654721
662947
654721
496811
476223
496364
942790
654721
698893
134878
587555
654721
140056
386070
587555
315025
698893
654721
942790
830780
662947
698893
698893
654721
552074
942790
654721
552074
623778
494593
495230
942790
402023
315025
698893
494679
552074
942790
942790
942790
161366
942790
156508
942790
625553
698893
942790
495230
654721
942790
654721
552074
202423
942790
942790
654721
942790
698893
654721
942790
516397
698893
698893
698893
942790
942790
942790
654721
315025
479861
654721
557206
942790
830780
830780
633561
698893
494593
942790
386070
698893
942790
486683
484794
386070
654721
942790
942790
698893
698893
942790
942790
185447
386070
386070
942790
654721
698893
942790
942790
654721
942790
654721
654721
557206
942790
942790
830780
942790
942790
654721
942790
662947
942790
942790
654721
698893
942790
698893
13594
386070
698893
698893
625553
209684
830780
654721
942790
110191
698893
942790
698893
698893
942790
552074
698893
654721
698893
209684
552074
552074
654721
483131
942790
587555
698893
830780
662947
698893
654721
942790
698893
315025
103404
625553
942790
654721
942790
942790
654721
942790
942790
315025
698893
830780
654721
698893
486683
386070
662947
942790
552074
317725
654721
662947
552074
942790
402023
315025
234918
121895
698893
654721
552074
315025
623778
698893
315025
942790
942790
698893
698893
942790
698893
698893
191176
386070
227849
568933
830780
698893
942790
662947
942790
654721
654721
386070
587555
942790
495230
191962
662947
942790
568933
662947
942790
402023
942790
942790
654721
625553
678516
942790
942790
942790
942790
587555
830780
386070
662947
654721
662947
942790
942790
552074
942790
830780
698893
698893
402023
654721
654721
942790
654721
654721
234918
830780
698893
654721
942790
654721
942790
662947
942790
552074
386614
229448
494593
942790
830780
654721
611492
202423
386070
386070
942790
587555
623778
552074
191176
830780
942790
552074
654721
105756
496811
662947
103404
698893
654721
942790
654721
942790
353471
698893
654721
327590
495230
315025
654721
654721
654721
386070
623778
315025
698893
654721
654721
315025
698893
942790
654721
402023
587555
654721
942790
942790
942790
830780
552074
587555
830780
654721
315025
654721
942790
942790
662947
552074
942790
654721
654721
942790
633561
662947
698893
654721
942790
698893
942790
587555
662947
942790
942790
51770
698893
654721
942790
654721
552074
484794
698893
662947
315025
942790
654721
698893
486683
698893
942790
654721
698893
654721
698893
552074
942790
662947
654721
698893
698893
830780
698893
830780
698893
201863
633561
698893
654721
698893
942790
315025
830780
698893
654721
386070
698893
830780
942790
654721
625553
942790
830780
942790
654721
698893
105756
698893
48460
654721
484794
386070
942790
654721
386070
698893
662947
942790
386070
486683
698893
654721
654721
698893
942790
830780
698893
942790
662947
654721
698893
830780
625553
698893
654721
942790
654721
202423
942790
234918
942790
830780
625553
830780
633561
557206
942790
698893
830780
386070
942790
942790
9342
942790
568933
662947
654721
942790
698893
662947
654721
495230
552074
942790
830780
942790
654721
654721
942790
698893
942790
942790
654721
540077
654721
633561
552074
698893
830780
698893
698893
942790
633561
698893
942790
698893
654721
698893
552074
386070
486683
942790
654721
942790
830780
479861
552074
942790
942790
942790
654721
625553
386070
698893
698893
654721
386070
942790
942790
662947
493653
698893
633561
587555
187157
654721
654721
698893
942790
486683
942790
662947
942790
942790
698893
495230
552074
134536
698893
654721
698893
662947
662947
698893
103404
698893
662947
654721
662947
496811
942790
942790
654721
552074
209684
662947
830780
942790
633561
830780
698893
516397
830780
830780
830780
942790
942790
315025
315025
161366
830780
402023
698893
611492
495011
380807
830780
942790
552074
942790
654721
134536
942790
654721
698893
942790
654721
552074
698893
942790
633561
942790
942790
942790
654721
654721
654721
942790
654721
942790
830780
484794
698893
654721
662947
134878
402023
830780
942790
698893
698893
552074
552074
654721
942790
654721
698893
255739
698893
654721
625553
942790
36642
587555
942790
698893
942790
942790
191176
496364
654721
654721
552074
942790
698893
386070
633561
942790
654721
633561
830780
402023
492855
315025
486683
402023
477169
942790
633561
698893
662947
698893
654721
662947
942790
698893
82731
698893
942790
698893
315025
942790
452826
484794
386070
662947
185447
202423
830780
654721
625553
942790
36642
654721
698893
942790
942790
942790
830780
234918
942790
315025
654721
654721
654721
698893
654721
698893
942790
942790
552074
82731
386070
662947
698893
484794
255739
181432
942790
698893
942790
698893
942790
134536
654721
654721
942790
386070
479861
698893
552074
698893
654721
698893
185447
942790
942790
654721
698893
244197
942790
654721
942790
942790
698893
234918
496811
942790
698893
942790
486683
654721
486683
623778
942790
942790
942790
654721
315025
698893
105756
587555
587555
495230
654721
942790
185447
942790
315025
552074
516397
315025
496248
698893
654721
942790
402023
557206
380807
830780
654721
552074
830780
942790
942790
698893
942790
386614
484794
552074
654721
942790
662947
942790
942790
698893
942790
698893
552074
121895
942790
662947
942790
662947
830780
110191
484794
587555
587555
654721
654721
942790
654721
187157
942790
625553
654721
386070
654721
478391
161366
496364
654721
587555
942790
942790
315025
662947
654721
698893
698893
103404
654721
942790
942790
654721
662947
698893
942790
495173
698893
654721
654721
587555
37330
942790
942790
386070
942790
315025
942790
942790
942790
484794
68368
625553
942790
654721
942790
234918
942790
942790
234918
942790
486683
484794
625553
662947
698893
24268
654721
234918
654721
698893
315025
942790
587555
942790
315025
942790
492718
942790
942790
830780
568933
654721
234918
51770
654721
229448
14468
942790
698893
557206
830780
654721
495925
942790
942790
942790
662947
654721
654721
942790
484794
698893
942790
654721
942790
225710
678516
942790
698893
942790
942790
244197
552074
552074
698893
484794
942790
942790
315025
942790
402023
315025
698893
830780
830780
942790
633561
942790
942790
662947
654721
942790
942790
662947
402023
488026
654721
386070
942790
654721
654721
942790
484794
942790
942790
942790
654721
386070
386070
557206
942790
942790
315025
830780
830780
51770
654721
942790
942790
380807
471637
698893
942790
402023
942790
386070
552074
654721
118372
698893
942790
402023
698893
494494
942790
698893
494221
552074
942790
830780
171970
654721
942790
830780
654721
402023
227849
942790
552074
244197
942790
830780
698893
698893
487992
227849
654721
633561
486683
698893
552074
654721
698893
185447
942790
698893
942790
654721
654721
662947
830780
209684
942790
171970
654721
227849
942790
942790
678516
698893
493653
698893
386070
315025
942790
633561
82731
654721
386070
654721
942790
942790
942790
678516
942790
942790
587555
654721
698893
662947
698893
277852
662947
942790
942790
386070
227849
484794
552074
486683
540077
494593
942790
625553
698893
611492
654721
942790
698893
698893
942790
315025
698893
698893
698893
942790
496811
942790
552074
942790
942790
386070
942790
654721
479861
698893
654721
654721
942790
942790
942790
492855
568933
662947
942790
698893
698893
942790
698893
654721
386070
942790
698893
654721
830780
942790
942790
942790
942790
654721
830780
654721
161366
315025
315025
942790
830780
347868
496101
942790
315025
942790
698893
202423
830780
495011
654721
662947
552074
654721
942790
552074
540077
942790
942790
698893
942790
654721
942790
942790
942790
654721
698893
654721
830780
654721
255739
662947
654721
942790
654721
698893
698893
662947
942790
662947
942790
552074
698893
830780
942790
942790
698893
942790
698893
654721
87399
654721
698893
830780
698893
654721
942790
654721
942790
654721
386070
386070
654721
942790
584737
386070
495230
942790
942790
134536
662947
625553
698893
942790
654721
587555
942790
662947
552074
625553
633561
386070
568933
552074
942790
484794
830780
497076
315025
654721
479861
587555
386070
654721
654721
315025
490955
830780
698893
942790
654721
942790
942790
698893
942790
942790
654721
386070
654721
587555
942790
654721
942790
942790
662947
942790
698893
315025
942790
654721
942790
191176
315025
662947
942790
942790
830780
942790
942790
625553
68368
315025
942790
633561
552074
654721
386070
479861
489395
698893
82731
662947
654721
942790
587555
315025
942790
496811
942790
942790
315025
942790
486683
209684
587555
678516
315025
662947
830780
942790
942790
516397
942790
942790
942790
654721
942790
587555
698893
942790
587555
698893
942790
942790
552074
942790
494166
315025
942790
324221
662947
942790
654721
654721
654721
830780
654721
234918
654721
942790
942790
494593
492893
654721
496439
662947
654721
654721
202423
227849
552074
698893
110191
654721
227849
386614
557206
698893
942790
654721
552074
942790
234918
315025
698893
552074
255739
942790
625553
654721
830780
942790
552074
662947
568933
942790
942790
698893
654721
187157
161366
227849
202423
386070
942790
654721
140056
662947
942790
698893
942790
830780
942790
830780
654721
654721
486683
386070
830780
625553
654721
698893
942790
698893
371148
662947
662947
87399
662947
552074
552074
698893
942790
654721
493667
487471
654721
654721
942790
830780
486683
87399
942790
698893
633561
698893
942790
557206
552074
942790
942790
587555
623778
654721
654721
830780
698893
942790
484794
486683
662947
402023
234918
654721
942790
942790
942790
662947
942790
698893
464176
942790
942790
552074
942790
698893
942790
654721
942790
654721
942790
654721
255739
552074
654721
654721
552074
654721
942790
316528
662947
830780
942790
698893
698893
386070
830780
625553
486683
942790
830780
830780
255739
161366
134536
386070
942790
942790
942790
654721
942790
386070
698893
654721
496811
698893
942790
698893
830780
199785
557206
493389
654721
654721
484794
942790
942790
698893
830780
552074
830780
166330
662947
698893
386070
654721
830780
698893
255739
830780
587555
698893
942790
484794
654721
654721
942790
698893
662947
942790
698893
942790
161366
698893
587555
942790
698893
662947
698893
830780
698893
654721
540077
654721
654721
484794
654721
315025
386070
698893
942790
698893
633561
654721
654721
662947
654721
380807
698893
654721
654721
698893
402023
698893
662947
654721
486683
830780
942790
255739
587555
698893
386070
654721
552074
698893
830780
486683
654721
265930
380270
942790
942790
830780
244197
942790
552074
552074
494593
496811
698893
698893
484794
654721
587555
202423
315025
386070
942790
654721
942790
698893
942790
830780
942790
698893
386070
830780
942790
402023
698893
830780
830780
942790
486683
484794
552074
654721
654721
662947
942790
942790
698893
698893
315025
654721
244197
496811
161366
654721
654721
698893
654721
414309
830780
486683
942790
942790
942790
540077
942790
202423
654721
654721
942790
698893
386070
942790
654721
698893
942790
633561
134536
698893
191176
942790
942790
402023
698893
587555
654721
942790
942790
359408
402023
654721
654721
698893
654721
654721
654721
662947
540077
633561
662947
942790
552074
942790
698893
496811
87399
434826
942790
386070
942790
234918
942790
633561
654721
557206
654721
166330
942790
315025
335642
386070
942790
698893
698893
942790
654721
662947
654721
633561
51770
942790
942790
654721
942790
340239
587555
587555
942790
654721
324221
625553
315025
654721
942790
486683
625553
140056
698893
496248
312235
484794
315025
830780
698893
654721
654721
942790
654721
552074
698893
386070
625553
625553
654721
633561
654721
552074
662947
557206
191176
315025
654721
942790
698893
654721
557206
386070
942790
942790
654721
484794
942790
662947
486683
633561
698893
315025
698893
942790
315025
662947
942790
227849
698893
633561
830780
202423
942790
633561
698893
315025
942790
312182
942790
552074
662947
587555
698893
698893
654721
698893
662947
161366
942790
625553
654721
479861
181432
698893
552074
654721
830780
830780
654721
654721
516397
315025
202423
496811
698893
830780
698893
386070
161366
662947
633561
402023
654721
654721
942790
942790
942790
662947
698893
654721
654721
202423
942790
633561
942790
552074
386070
486683
942790
654721
698893
698893
942790
229448
386070
942790
654721
830780
654721
156508
698893
698893
698893
654721
942790
698893
942790
187157
68368
830780
654721
942790
830780
942790
830780
662947
942790
489788
654721
625553
662947
942790
494593
942790
229448
942790
654721
942790
830780
830780
942790
492718
662947
552074
386070
942790
698893
484359
830780
942790
402023
552074
698893
51770
698893
942790
103404
654721
698893
386070
698893
402023
830780
486683
633561
105756
202423
654721
678516
698893
698893
315025
654721
698893
496364
698893
654721
633561
587555
698893
552074
654721
698893
942790
633561
386070
942790
698893
386070
942790
255739
654721
662947
830780
942790
698893
698893
698893
654721
942790
587555
654721
942790
654721
654721
698893
654721
662947
942790
942790
830780
942790
654721
496811
942790
698893
402023
942790
654721
942790
942790
654721
490375
494593
698893
234918
698893
830780
698893
698893
942790
830780
552074
698893
496811
654721
65384
942790
490001
698893
187157
698893
830780
654721
625553
698893
552074
552074
698893
623778
654721
830780
654721
87399
166330
942790
942790
662947
234918
552074
942790
942790
479861
187157
654721
698893
942790
134878
386070
161366
496811
202423
698893
662947
942790
942790
698893
830780
942790
942790
633561
698893
552074
942790
942790
654721
380807
942790
234918
698893
386070
942790
654721
698893
698893
496248
942790
698893
633561
654721
830780
698893
698893
552074
484794
654721
698893
698893
315025
654721
662947
942790
540077
386070
942790
662947
654721
942790
942790
942790
942790
942790
486683
479861
654721
654721
654721
830780
315025
587555
942790
830780
552074
942790
654721
82731
654721
633561
654721
209684
698893
654721
317725
698893
830780
654721
654721
386070
315025
654721
654721
942790
698893
166330
402023
942790
942790
942790
486683
654721
698893
552074
234918
402023
698893
51770
202423
698893
134536
942790
552074
698893
134536
166330
552074
587555
386070
654721
166330
140056
654721
942790
942790
662947
942790
654721
654721
494593
942790
942790
493653
654721
402023
698893
698893
386070
386070
654721
698893
942790
698893
698893
662947
830780
698893
568933
942790
134536
942790
552074
942790
942790
386070
942790
942790
698893
625553
830780
202423
654721
942790
654721
942790
496811
654721
496811
662947
698893
82731
942790
662947
552074
496811
654721
942790
51770
484794
654721
698893
654721
942790
942790
654721
942790
386070
110191
942790
942790
654721
830780
654721
552074
654721
698893
461656
486683
698893
191176
830780
317725
315025
552074
942790
698893
161366
540077
942790
942790
654721
490285
942790
386070
678516
654721
654721
942790
255739
552074
942790
402023
942790
552074
654721
494679
654721
540077
662947
942790
942790
698893
654721
942790
698893
484794
830780
654721
315025
830780
698893
698893
662947
830780
315025
698893
481367
698893
496811
654721
654721
654721
942790
942790
402023
942790
654721
942790
587555
698893
386070
698893
698893
315025
495011
654721
942790
479861
654721
202423
315025
942790
830780
654721
662947
698893
587555
315025
654721
654721
942790
678516
942790
552074
484794
942790
942790
942790
633561
942790
654721
942790
698893
698893
654721
552074
654721
942790
255739
654721
698893
497076
166330
942790
654721
625553
942790
942790
942790
486683
386070
942790
587555
942790
698893
490285
402023
830780
654721
654721
121895
654721
698893
315025
654721
698893
654721
942790
942790
654721
587555
315025
234918
315025
654721
654721
698893
942790
698893
698893
698893
134878
662947
830780
830780
557206
386070
830780
942790
140056
654721
315025
698893
698893
654721
942790
185447
942790
942790
942790
942790
942790
476548
942790
662947
662947
386070
942790
698893
315025
481446
942790
654721
942790
942790
552074
654721
830780
486683
942790
654721
698893
942790
830780
942790
698893
942790
942790
942790
315025
654721
496364
942790
633561
942790
698893
386070
942790
407736
552074
942790
552074
654721
662947
942790
942790
495889
942790
698893
942790
662947
134878
698893
496811
662947
121895
698893
942790
942790
654721
698893
942790
625553
830780
698893
942790
654721
698893
654721
942790
654721
698893
662947
140056
698893
698893
552074
942790
942790
830780
698893
633561
552074
161366
698893
698893
484794
830780
662947
171970
557206
942790
484794
942790
654721
830780
698893
234918
486683
316528
698893
942790
654721
584737
300391
121895
698893
654721
623778
654721
552074
552074
587555
202423
830780
942790
654721
552074
662947
942790
698893
942790
654721
942790
830780
654721
698893
587555
654721
654721
185447
540077
942790
552074
625553
654721
484794
654721
942790
255739
315025
662947
698893
587555
552074
830780
654721
587555
698893
654721
654721
698893
942790
625553
275041
654721
698893
942790
552074
942790
942790
698893
942790
552074
698893
654721
942790
942790
315025
698893
942790
552074
698893
654721
386070
654721
942790
942790
496811
698893
654721
698893
654721
633561
942790
654721
654721
587555
486683
495479
942790
942790
830780
698893
698893
698893
654721
942790
942790
386070
942790
633561
942790
698893
654721
654721
698893
484794
942790
540077
654721
942790
654721
234918
662947
557206
386070
67012
942790
654721
654721
942790
942790
234918
633561
830780
698893
698893
942790
654721
402023
633561
830780
942790
315025
942790
942790
234918
386070
942790
698893
496811
495230
942790
942790
654721
942790
495011
315025
496364
830780
662947
552074
386070
942790
698893
698893
830780
942790
486683
942790
662947
698893
654721
315025
698893
830780
942790
698893
698893
654721
202423
942790
552074
568933
484794
552074
552074
830780
942790
654721
654721
698893
654721
402023
315025
942790
942790
623778
1
2
8
