957759
57337
123518
82040
97539
127336
41337
111352
11829
20377
13570
27208
8764
25787
23051
10297
9844
147358
13425
10081
6744
5607
19724
40994
11288
59510
16584
6606
10135
9412
4716
9403
22307
3235
4201
3682
940
3160
7358
2921
4326
3236
3226
10178
20764
11200
2661
4212
3909
1127
2629
109726
2109
3687
10523
2744
1674
29650
2223
3951
1470
6060
2094
2875
2813
10496
1949
5082
2071
6008
1884
13075
2584
1597
1097
1800
2787
1972
1822
5352
5791
3097
4453
11528
3173
134938
7034
1871
2605
6617
1208
1515
2055
1252
837
10008
6398
949
1083
4455
1273
1134
925
1201
4187
3614
1153
2657
815
5708
1019
1782
40304
2316
15700
24498
1523
7889
1538
434
1973
15815
2321
943
5355
9843
1107
476
1076
1021
998
2047
3123
11171
4963
14313
451
4172
7097
14911
1499
2315
6631
782
754
1126
1941
65262
1586
1003
1470
552
827
1115
773
2743
839
824
485
1976
1476
39422
242
60869
671
411
2369
2370
44909
254
15330
1527
524
1245
947
1028
1027
1902
3991
194
885
1179
362
143
148
724
375
703
925
3930
1279
1405
307
9115
2070
646
241
536
915
705
4839
1578
428
1134
23826
1155
1532
782
319
3497
705
374
596
736
546
1715
5502
397
822
906
1062
575
78149
587
940
375
1390
523
1669
656
1628
583665
929
678
523
329
117
1219
2363
4101
4333
1830
772
309
5628
4006
3613
1617
4051
585
1008
374
690
195
749
4318
1242
183
1011
266
1880
14478
2757
992
3252
742
313
2786
1055
1046
516
830
754
4658
691
1048
1021
1340
1656
1270
598
377
710
1176
478
1435
702
314
1690
642
1493
2842
1221
1347
737
2274
3376
489
1594
6037
1443
702
243
391
556
1882
302
660
2718
549
456
148
1002
158
4692
1677
98745
750
641
193240
147
1974
4457
410
2201
695
526
3365
545
20801
1430
1440
299
904
908
2255
978
357
3907
283
581
405
1383
291
1427
448
378
499
851
305
598
305
293
617
833
1064
587
358
410
2307
520
1692
1230
207
498
945
5573
713
297
6593
441
327
560
817
714
3041
941
496
296
487
2629
602
5715
263
269
471
531
145
368
17904
23966
2586
370
230
582
301
4326
319
390
169
676
164
1581
486
685
690
447
538
853
418
173
3564
456
257
1874
15227
236
647
331
1447
2950
145
292
194
2290
2371
449
391
656
388
210
626
69
24771
794
443
548
123
1664
327
748
381
321
266
227
4040
1627
113
460
347
6627
1678
430
360
230
175
549
744
4137
301
325
477
73
316
341
378
375
283
172
220
1094
255
184
542
977
224
881
2102
1801
311
631
465
1104
2284
419
125
227
622
362
254
284
445
1131
23
162
491
1560
1077
261
419
494
423
886
1595
678
5968
2156
1126
1079
549
414
385
716
1324
231
159
359
179
591
1977
1163
849
187
111
2597
611
1202
539
1197
347
122
143
602
357
196
297
685
264
215
254
273
818
1453
195
258
145
195
166
878
367
81
131
115
600
441
245
332
5000
684
700
711
1475
2161
1523
2279
848
230
14083
207
100
888
430
166
372
1600
548
535
145
691
530
214
300
563
1161
332
463
419
640
312
99
6549
422
149
101
468
173
69
6580
626
83
137
784
59
2136
290
458
302
333
149
335
472
60
232
246
196
236
302
115
96
699
2278
8644
512
321
249
2868
3656
304
337
261
547
60
247
268
1157
1113
168
3950
117
4978
1263
194
183
902
303
304
131
237
219
939
268
119
243
235
126
179
673
224
464
2104
263
481
165
145
275
338
609
1610
293
64
28233
151
213
1029
161
411
513
642
139
431
531
557
2025
148
127
297
534
302
257
155
126
218
62
367
637
362
695
189
242
1154
575
139
420
187
263
497
145
250
214
18058
231
4126
603
661
281
748
349
49
817
408
206
373
165
1616
1764
160
159
121
167
1008
297
217
455
5818
327
2410
276
8591
696
231
483
233
232
465
221
80
397
914
142
831
192
199
316
649
259
848
221
82
149
583
204
146
1029
202
577
504
125
183
585
399
277
1844
184
1652
213
124
386
113
469
207
250
219
77
190
262
178
131
567
739
258
41
3456
86
116
107
862
275
104
300
133
270
353
190
377
235
350
247
5518
1005
278
139
71
991
222
356
99
292
387
170
96
291
334
250
201
851
2302
152
410
190
266
20364
1779
1715
152
599
297
207
741
2508
266
83
1030
937
180
137
597
127
591
179
409
227
203
316
306
133
451
303
190
217
1479
167
428
447
96
102
2352
214
285
139
79
516
500
2042
137
87
93
266
367
1100
391
198
107
356
788
649
110
184
2530
183
202
190
112
1197
83
1357
237
54
3225
128
84
150
678
193
3788
801
149
209
178
816
516
167
201
135
202
328
179
608
47
287
168
62
142
127
252
118
71
138
179
167
64
172
850
1734
243
79
411
826
210
64
2846
138
384
334
181
218
5925
1394
866
633
349
105
607
189
284
70
181
7050
167
1727
190
51
94
81
6630
711
201
216
88
79
57
164
515
179
234
386
223
152
265
69
503
53
272
990
192
441
289
279
149
409
33
171
225
3624
81
144088
162
3033
299
618
366
241
621
167
51
119
215
137
67
327
202
212
238
118
349
205
156
111
2569
181
164
3449
237
124
113
2794
82
127
475
598
142
101
73
113
190
239
787
89
221
253
263
262
101
826
17
119
171
112
37
62
149
47
435
25
206
345
160
117
102
209
165
110
4020
1488
596
154
174
519
224
2282
54
262
23
131
93
642
91
85
238
2376
623
647
146
180
296
829
236
326
615
163
740
244
264
3746
221
218
169
21596
1240
249
308
108
21750
310
65
186
104
2086
177
114
988
284
101
267
179
57
107
180
192
73
1693
231
670
300
571
265
147
85
243
292
436
1732
460
71
112
119
324
103
55
640
120
427
360
249
75
1033
1596
414
321
82
2290
121
29761
115
121
1107
56
253
1284
78
250
47
89
1649
34
139
67
251
118
308
168
766
46
65
215
369
133
277
84
164
1015
148
114745
316
126
548
471
98
343
516
47
100
425
269
135
163
153
289
140
246
170
75
532
72
54
536
581
154
197
111
181
322
878
83
24
428
544
107
306
4533
99
191
2835
33
75
99
108
3204
153
217
340
174
453
21
59
83
1006
154
369
2402
111
5389
2275
1490
144
130
220
945
787
153
178
231
1064
110
254
844
162
150
101
367
545
486
457
5202
3347
93
807
324
2361
498
614
149
124
239
147
41
2151
116
171
55
567
49
3135
191
1999
574
76
133
59
1176
67
116
91
318
75
55
139
232
71
139
246
359
257
144
214
391
327
232
110
210
518
38
186
1064
6222
52
234
88
86
282
228
81
109
160
1375
545
68
558
78
1900
125
1856
477
312
248
157
77
102
236
141
6164
96
72
34
156
31
132
8390
167
809
432
869
161
163
36
264
240
302
1216
274
1834
116
154
169
327
83
235
107
130
88
611
2613
30
326
45
110
211
1029
148
214
133
56
87
374
236
138
218
54
608
212
33
218
107
121
129
97
38
9158
564
56
158
301
111
282
29
396
655
147
21
217
519
96
34
84
185
72
2341
69
31007
193
181
131
127
1316
32
330
21
145
74
78
962
119
174
162
116
326
194
103
586
54
139
111
218
184
81
141
126
119
133
64
189
140
312
75
184
95
170
142
21
110
936
85
141
357
34
153
160
2063
297
360
46
1920
85
517
727
251
1700
93
64
211
381
81
195
939
188
417
99
116
98
183
133
226
1819
69
678
184
85
139
146
156
969
237
31
52
92
113
261
148
1401
81
26
101
76
361
155
403
257
172
207
108
567
270
198
44
73
231
663
227
696
59
365
67
273
266
145
118
163
297
423
122
535
74
168
116
35
79
139
341
85
463
21
244
219
221
64
146
81
337
112
54
155
292
40
219
100
160
229
677
90
63
262
235
143
103
30
623
238
900
62
206
202
52
85
224
137
238
682
405
261
278
340
47
325
113
173
40
115
102
90
221
89
153
1137
69
42
501
90
108
141
72
62
67
79
320
2496
27
5625
136
1148
197
258
249
61
422
311
108
460
642
2673
657
178
96
2763
165
50
1400
97
384
136
325
351
773
278
544
113
99
53
97
35
543
879
1342
111
86
150
127
876
560
3605
13
164
198
38
115
145
336
124
32
1932
56
348
114
118
930
71
104
174
146
39
118
639
439
40
340
66
455
243
183
82
80
80
201
118
624
315
79
391
1332
226
239
177
37
40
1621
38546
97
120
406
5537
415
182
39
559
79
82
1377
65
108
156
132
1250
198
68
65
36
103
253
108
32
204
77
1157
57
98
654
116
125
78
342
113
65
77
652
108
71
648
33
136
77
528
97
115
24
190
92
417
88
208
118
208
290
168
393
1733
98
61
40
60
307
122
210
139
81
70
2477
85
97
88
338
215
94
333
174
62
81
93
375
69
85
64
26
104
1838
346
219
98
58
212
215
37
146
109
82
112
158
109
162
359
224
103
83
96
5716
606
53
135
67
53
80
57
40
123
158
670
752
129
317
97
451
1218
374
66
130
542
218
1835
130
372
1181
125
489
398
491
264
614
236
234
408
48
64
67
23
202
76
134
423
1349
128
125
49
329
61
275
54
833
149
298
365
924
351
204
228
218
20
62
361
59
27
112
151
100
43
210
112
181
77
68
99
58
23
1058
834
244
280
398
252
121
638
260
135
410
151
68
192
905
280
258
45
256
127
42
104
3587
89
82
1654
127
475
196
135
171
50
71
201
3636
213
108
609
116
101
43
54
58
81
1233
1093
331
128
264
162
5430
62
376
135
117
75
134
158
177
41
37
139
181
219
186
51
52
50
1688
323
80
189
136
417
152
306
53
100
122
187
46
66
138
245
53
290
527
147
76
153
119
54
1396
69
43
436
129
161
60
147
47
163
1413
92
539
132
706
111
163
114
140
200
101
60
212
108
127
95
650
292
151
366
73
58
188
171
43
1811
15
56
2273
99
157
223
138
51
435
218
127
336
313
68
106
83
243
805
2515
69
194
138
63
111
164
156
86
84
208
192
295
183
92
257
3351
86
94
348
242
85
204
79
69
136
1357
40
222
234
47
331
119
90
102
272
167
162
72
556
39
63
100
93
626
22
229
91
80
69
93
208
89
173
70
36
317
166
34
102
4387
181
102
98
337
158
65
68
100
117
1388
40
34
46
685
54
222
194
1279
72
803
67
84
88
176
216
78
73
133
131
211
86
638
144
62
937
377
133
82
1505
1173
45
407
182
13
196
706
72
44
381
274
49
410
267
509
197
2004
68
45
536
1997
47
22
11
47
235
157
68
82
80
118
56
753
719
366
370
216
103
42
353
142
857
261
162
208
987
220
31
253
267
82
238
98
102
129
143
51
41
184
139
80
81
162
69
79
80
185
29758
239
110
613
40
156
150
726
96
21
180
119
6675
36
1565
69
193
48
125
86
67
109
224
85
91
444
55
158
110
79
32
76
46
70
203
52
175
525
312
232
73
79
455
1736
95
118
130
55
94
2916
306
78
86
368
201
199
491
735
948
328
34
108
1562
43
51
51
51
107
381
432
77
194
52
273
5131
77
41
74
1155
76
84
64
50
506
247
146
388
215
791
79
108
175
131
200
313
174
62
74
144
41
380
181
63
508
60
76
146
93
46
80
132
180
102
539
564
175
10
226
128
189
123
141
416
76
46
90
516
144
75
300
36
74
121
108
377
48
180
691
92
99
93
111
71
202
111
301
149
100
81
103
789
299
4302
104
184
186
119
108
93
59
1427
4293
176
85
33
336
63
98
1083
67
57
1874
185
100
42
27
107
187
122
132
492
210
94
175
186
38
283
25
80
107
136
18
73
105
460
269
105
117
33
135
185
49
19
171
55
73
53
138
634
84
208
141
123
97
96
38
78
303
192
52
132
110
284
72
784
198
141
216
719
128
141
106
73
106
100
3201
208
399
207
838
64
2777
1163
157
44
38
195
30
136
182
237
181
394
50
74
137
64
142
121
649
102
92
253
179
59
38
812
259
206
134
27
93
211
12
60
37
80
150
118
70
1433
118
1712
113
119
192
20
368
117
148
103
284
24
248
151
124
121
1565
55
1070
139
153
87
328
29
53
63
121
58
18
196
175
101
417
237
53
64
83
43
55
149
219
165
81
47
612
156
108
29
217
116
514
164
971
637
67
139
44
126
91
89
300
62
144
307
321
2975
397
54
152
62
211
74
203
883
70
50
53
123
23
98
215
48
49
96
16
67
270
69
116
27
64
66
85
58
37
59
2096
204
132
103
3352
230
357
281
92
72
178
115
40
131
96
2960
131
121
85
313
96
166
105
235
151
65
139
68
83
329
71
1361
199
786
132
55
42
76
440
164
25
143
90
434
339
235
59
145
357
33
77
97
249
325
122
706
174
1093
72
184
38
45
596
84
538
55
76
176
95
94
155
47
2579
48
60
541
106
110
81
60
6
294
257
257
46
183
90
604
97
95
176
47
153
118
44
67
30
82
91
1302
125
1047
258
102
120
71
326
283
69
158
79
2193
4373
332
336
27
53
118
227
85
104
62
115
490
181
186
47
141
70
21
85
841
395
24
72
13309
816
209
298
199
41
134
112
59
129
25
93
101
56
94
1351
21
107
199
231
33
64
198
190
89
72
184
63
159
26
223
60
59
600
909
335
106
94
102
22
44
77
239
208
142
95
701
49
27
30
71
186
75
154
40
543
29
15897
65
376
48
130
93
6
24
83
1866
29
30
85
127
36
100
95
39
221
167
46
329
114
100
1858
3
64
51
208
114
168
88
13
349
133
229
78
653
112
166
62
94
146
111
323
30
92
1694
99
303
679
42
44
149
107
194
71
43
284
562
102
116
77
83
286
265
61
539
429
378
174
486
94
58
21
27
75
184
83
690
80
82
63
214
1627
69
110
40
22
489
45
247
187
157
87
131
29
294
49
592
77
45
114
162
490
97
83
54
140
98
71
27
62
69
86
43
604
88
165
252
866
112
1247
60
108
4479
118
137
111
137
158
78
54
387
64
122
49
2376
148
100
301
68
133
45
16
221
219
50
81
79
248
1137
261
98
76
61
109
75
100
35380
526
57
26
42
67
677
158
122
52
33
528
82
501
95
65
186
87
64
170
36
59
195
306
44
119
253
139
105
69
153
117
193
447
946
105
57
75
313
84
55
65
203
122
281
131
106
40
210
148
274
84
67
48
294
626
92
4249
81
251
136
213
749
82
461
42
11704
82
164
76
287
157
189
278
94
206
132
478
80
64
60
163
44
129
41
35
681
157
145
80
68
140
59
245
762
194
373
218
32
302
102
85
20779
637
161
58
65
160
129
88
66
1324
81
193
40
74
264
100
219
249
72
161
60
213
162
79
122
265
580
195
58
545
102
122
1565
80
283
69
331
57
94
94
381
22
246
38
109
2301
210
72
62
106
157
54
141
554
86
159
50
78
118
518
393
46
290
148
98
235
67
235
299
191
64
35
226
99
52
242
104
140
367
178
378
133
1174
63
66
195
80
678
206
188
156
132
97
2780
49
39
47
51
32
178
50
125
155
54
84
70
91
153
54
55
69
79
131
83
522
280
113
90
150
58
81
1687
49
77
126
121
61
231
34
54
142
102
83
66
43
413
389
179
68
303
52
191
91
146
118
71
16
2116
185
69
832
6122
47
177
591
174
321
23
157
30
613
39
222
100
122
88
3870
474
66
80
71
101
672
39
89
20
99
227
108
93
43
693
108
123
99
258
151
71
151
116
1627
372
145
141
93
85
1847
400
533
37
76
48
25
52
2007
240
41
628
219
75
81
177
78
59
77
158
70
78
196
102
150
16
102
214
160
80
69
175
41
41
1049
144
97
129
40
61
141
1919
48
155
20
97
70
143
79
74
57
113
544
2158
227
368
82
243
25
8
36
136
159
174
80
529
89
1222
64
56
166
189
95
200
240
64
146
63
930
198
56
84
295
74
44
126
207
68
39
201
223
22
60
117
864
35
83
59
217
539
70
73
70
27
69
10
117
98
128
142
184
134
1479
246
47
87
85
87
62
41
153
20
80
839
200
98
112
85
864
89
213
70
136
62
41
201
80
367
134
50
106
1019
120
122
76
247
52
114
51
762
458
48
30
202
61
54
92
160
64
72
31
106
190
122
78
90
51
4690
130
70
206
79
413
29
40
84
1028
52
166
89
18
234
76
443
107
101
279
117
109
102
32
93
116
23
63
84
28914
1978
70
119
60
175
143
169
215
64
159
249
239
108
6
36002
37
92
93
313
75
3303
72
147
91
183
319
197
76
276
79
117
109
78
38
109
61
247
45
6639
77
96
411
49
1367
143
458
59
101
58
40
64
85
60
167
595
524
20
65
43
148
119
75
55
427
112
132
49
730
28
192
119
45
45
213
118
164
903
8
49
126
33
455
171
1642
89
166
143
52
46
34
102
86
242
23
238
74
1463
49
196
127
67
115
477
42
85
26
34
31
134
24
100
27
178
48
125
440
49
43
122
72
243
99
91
169
181
152
120
321
43
80
129
41
96
17724
114
659
77
59
66
87
35
74
136
39
152
33
309
52
352
225
99
68
106
29
717
587
298
173
1116
51
173
64
279
3439
25
227
145
102
168
126
75
744
78
138
72
61
28
594
74
111
98
25
205
175
236
43
323
160
102
51
59
104
51
2406
383
1622
70
110
173
103
55
105
98
77
56
139
67
356
422
607
114
86
61
95
151
59
1157
226
59
144
50
73
166
31
148
124
168
299
134
170
193
280
75
108
93
162
166
49
16
237
138
212
93
369
50
107
93
157
355
66
84
50
53
129
169
100
167
24
358
683
52
78
52
95
19
66
498
72
367
143
38
10621
57
1089
59
80
223
41
124
387
102
101
134
123
81
131
212
282
35
70
100
41
184
44
32
219
207
29
41
45
52
62
140
1959
206
380
680
169
104
18
369
58
36
373
142
99
141
154
547
14
122
94
67
112
18
47
21
66
79
127
78
177
105
96
247
538
178
545
35
23
45
45
630
45
33
21
680
118
10775
86
772
182
104
134
548
48
49
76
45
86
62
57
67
131
34
360
52
118
90
230
126
79
48
60
53
329
13415
31
62
69
1509
53
92
48
99
759
169
63
87
59
64
37
82
18
56
64
236
325
39
57
186
103
66
34
25
252
152
125
25
85
279
5596
101
496
148
967
200
91
63
162
37
27
75
39
229
523
133
1291
548
185
834
3283
17
99
104
81
67
51
35
51
183
135
249
152
65
87
131
124
83
67
246
62
313
156
52
67
43
3593
106
64
59
1048
192
46
34
181
57
52
65
29
419
40
70
45
84
155
165
84
869
24
53
53
1756
260
59
1247
85
109
685
145
61
321
203
147
360
128
147
188
203
389
664
87
1369
47
117
26
132
63
229
526
237
85
263
229
39
181
71
123
43
39
31
278
83
155
29
167
108
1606
84
42
97
139
1224
19
71
471
38
48
77
207
30
476
35
33
13
8861
119
58
167
159
75
105
83
143
21
90
620
160
49
77
64
2253
447
41
55
107
218
28
89
324
32
224
31
38
209
31
58
47
194
1082
76
40
318
149
59
65
99
141
37
2635
17
17
146
4398
112
30
71
205
80
82
42
94
42
364
50
40
60
34
73
60
24
34
48
417
136
303
54
259
59
87
197
47
40
175
88
133
34
5054
57
51
87
2131
58
45
58
25
321
44
74
182
281
69
28
44
29
110
36
41
76
26
1327
109
47
54
2955
509
638
26
17
37
685
32
221
96
113
154
294
1571
57
125
48
176
64
291
138
174
45
78
30
284
91
387
71
43
49
101
36
41
281
93
43
122
146
437
47
121
29
36
19
55
93
205
1850
298
53
205
580
75
70
203
33
75
120
59
112
126
60
37
202
32
6688
100
7
1019
3908
122
79
46
88
242
85
39
150
18
101
28
54
160
120
37
159
25
54
17
202
68
53
49
56
374
1120
21
109
2147
90
40
102
26
46
234
10
262
139
109
51
750
377
294
97
63
11
41
75
126
182
85
43
239
49
833
67
132
199
71
132
314
27
155
36296
109
663
119
112
221
401
191
96
3752
776
2149
1267
147
757
52
141
31
111
140
279
115
197
23
1701
52
158
277
105
124
21
90
43
16
55
105
423
18
290
77
66
149
39
58
68
586
944
87
29
67
42
43
100
398
47
272
848
59
390
62
23
94
176
185
63
126
208
64
152
55
878
208
19
61
84
128
329
53
130
89
217
170
141
195
339
91
67
26
23
188
376
115
96
151
82
40
146
222
58
68
28
57
202
346
310
20
20
131
111
66
27
63
76
64
258
151
82
53
77
7568
60
19
105
89
944
80
81
119
48
97
67
103
67
30
122
103
603
193
142
38
1340
40
137
89
108
806
57
316
113
579
16
106
57
24
36
45
517
178
26
32
801
157
15
149
42
88
138
66
1735
9491
230
764
59
149
28
71
68
83
122
148
169
71
3628
43
52
73
490
42
82
15
34
210
330687
143
32
136
94
64
237
42
58
120
39
350
18
279
325
85
32
109
13764
103
123
95
68
925
6209
138
318
317
46
54
184
276
383
107
171
36
36
42
133
76
191
194
36
138
170
94
27
10
165
1153
62
87
342
104
70
163
48
45
160
89
31
52
507
31
97
324
142
69
311
137
38
24
72
179
224
256
117
19
42
165
23
144
87
49
62
104
69
88
82
100
57
150
6973
88
122
5826
37
60
3514
115
55
29
665
16
230
70
95
38
32
96
76
2670
83
122
75
16
61
81
66
131
18
39
53
102
91
128
342
51
72
29
569
99
598
505
149
38
26
55
125
93
88
131
24
50
358
101
307
302
96
63
27
36
266
120
38
213
385
285
831
117
121
67
96
2235
43
65
10311
50
1677
234
120
72
68
37
63
99
123
484
51
32
44
105
65
73
228
61
22
197
227
89
2264
70
54
187
804
63
153
39
28
55
69
282
19
35
181
44
65
37
94
127
50
141
60
136
764
1003
35
51
140
267
75
45
156
113
1028
261
105
70
78
31
289
237
70
80
125
48
111
130
218
186
80
73
139
28
46
100
846
195
76
152
37
51
59
64
45
56
128
384
186
47
30
179
325
163
74
56
41
288
47
593
232
23
106
30
328
88
4942
380
636
89
75
56
106
4303
37
36
101
1233
87
142
102
49
347
49
272
242
114
46
87
32
51
111
145
102
120
82
19
54
37
50
332
21
241
190
49
113
106
157
354
45
135
369
113
121
51
237
907
354
238
332
101
108
618
27
59
173
75
510
65
58
18
78
154
203
333
116
34
305
107
1057
95038
54
20
80
78
825
81
101
203
246
251
33
88
159
79
65
38
3545
40
400
33
973
124
19
73
93
57
98
462
322
81
349
358
393
156
51
37
70
79
39
133
347
408
96
84
382
50
47
160
153
52
538
68
35
44
803
31
121
43
347
20
53
99
211
881
172
140
533
106
59
1109
176
57
115
45
127
43
76
50
50
138
386
113
694
27
182
67
61
63
258
102
325
98
44
70
22
920
33
1662
753
60
93
51
77
143
128
88
295
513
134
158
123
170
22
110
23
101
43
112
45
194
98
267
41
82
143
55
45
75
19
209
32
27
109
192
32
109
81
311
67
62
28
269
25
47
469
119
128
83
182
22
58
2205
44
40
171
143
404
90
230
38
76
39
221
41
109
28
88
43
83
120
93
64
17915
196
673
59
341
401
212
341
870
75
245
251
257
194
80
19
105
36
61
104
1310
33
54
32
95
44
55
30
47
528
112
72
169
6
100
79
257
102
69
211
35
187
32
56
155
86
274
134
122
151
26
61
446
12
111
482
1152
89
526
347
131
94
150
568
47
950
39
120
66
102
133
46
38
200
336
108
195
24
92
21
541
50
73
63
65
26
114
146
32
166
34
115
82
230
755
142
615
74
36
69
38
55
73
516
38
215
27
122
82
24
72
167
680
189
328
282
61
85
75
56
641
56
47
91
85
40
22
90
42
60
49
39
355
58
24
98
122
636
34
46
68
88
267
71
98
384
214
43
24
56
89
97
47
22
70
103
122
71
51
1040
41
93
58
123
175
211
19
181
39
69
81
61
70
159
17
18
70
41
122
54
30
36
13
44
63
194
167
190
85
63
88
95
34
104
113
25
140
62
752
224
47
27
386
1590
397
33
16
189
42
217
41
32
97
251
60
35
45
74
76
71
125
45
30
86
1719
223
33
663
30
51
77
104
145
93
29
38
37
87
271
20404
62
65
364
288
67
331
52
44
42
315
48
53
103
127
992
149
156
69
30
56
127
103
101
24
25
52
210
2268
165
186
116
216
26
58
119
126
402
87
18
326
181
99
83
13
392
115
54
82
15
133
32
52
334
46
53
62
125
580
644
58
84
354
53
57
101
68
99
197
9
90
28
9
978
149
22
108
643
163
1075
284
73
69
16
58
219
90
83
34
19
94
48
92
124
202
7875
112
107
114
26
106
53
296
208
27
5546
54
61
49
128
24
332
42
84
117
48
34
158
42
97
101
171
42
65209
139
53
93
32
571
186
93
26
48
131
725
60
552
239
53
760
187
133
39
160
15
98
1735
93
580
71
46
355
53
61
20
254
67
630
588
69
47
76
85
108
61
116
109
319
156
36
63
258
44
67
78
136
19
245
47
191
116
87
81
65
107
339
281
93
259
134
28
665
40
25
85
27
3737
580
15
35
109
27
38
127
80
80
141
24
418
105
1146
178
571
89
19
58
81
46
57
47
118
71
20
44
146
85
163
71
47
44
85
93
2545
107
57
50
63
48
163
42
53
83
297
207
19
519
29
45
1733
221
73
121
3243
173
46
19
34
85
61
195
55
77
44
69
29
86
275
276
478
51
820
26
127
93
50
126
44
630
61
150
68
88
131
94
21
52
59
63
102
61
757
71
149
437
57
74
130
38
64
77
189
57
122
94
84
28
37
48
604
259
182
139
150
167
78
49
47
35
34
54
30
88
113
80
33
76
151
52
648
70
48
287
1195
98
59
72
79
37
30
220
54
29
264
46
71
177
170
31
81
209
64
87
881
171
31
58
39
17
46
191
156
33
44
100
135
19
76
437
70
97
65
46
117
230
38
1783
433
92
43
76
83
42
506
73
64
527
78
72
131
99
55
213
72
37
45
236
71
67
60
32
71
57
310
25
164
513
110
76
146
85
33
96
33
66
123
131
288
64
89
51
22
56
34
120
43
1496
72
107
88
513
35
1851
118
37
29
29
301
72
39
93
49
91
34
166
92
94
106
1062
210
253
62
413
399
20
242
89
16
57
211
44
151
432
27
120
50
71
69
33
41
78
54
61
15
2366
86
50
47
50
41
406
197
20
163
33
42
37
29
83
387
30
17
104
124
67
39
2447
82
144
16
69
84
308
70
16
106
40
20
154
31
94
51
87
166
87
15
99
121
112
88
23
47
102
21
168
46
683
297
148
106
53
919
65
66
143
20
147
50
52
60
32
165
1025
449
18
29
268
61
38
169
34
19
655
45
13
313
62
52
413
133
41
148
124
44
732
50
118
68
33
217
335
24
24
119
86
34
18
25
35
96
86
59
61
86
221
47
35
117
29
189
16801
97
1179
30
18
247
63
23
329
36
55
143
33
37
80
84
58
134
83
12675
159
83
88
60
59
68
28
146
54
1241
95
87
53
1499
873
195
89
234
22
30
131
175
363
140
46
39
44
78
212
24
206
160
16
72
45
92
38
47
113
68
129
90
61
51
141
98
5976
114
95
1956
18
134
4984
760
382
26
19
144
520
15
25
45
46
268
63
30
43
117
45
82
36
44
70
46
18
185
51
51
311
32
46
29
85
51
19
149
66
95
49
73
52
59
104
11
106
55
85
52
34
91
446
272
205
104
104
224
121
508
42
111
63
81
162
13045
284
1795
227
550
68
416
33
819
120
148
50
183
263
78
202
112
1886
62
390
88
42
164
79
35
99
59
75
703
49
451
38
176
182
51
152
15313
228
51
446
37
162
52
194
395
23
106
80
31
137
170
48
20
82
339
110
128
466
2334
80
158
133
482
138
39
41
164
109
23
336
525
92
152
35
114
1231
60
34
60
36
92
24
97
68
170
137
178
54
60
82
208
104
67
170
121
45
37
166
47
50
57
28
87
53
155
322
74
21
127
15
87
62
476
886
6951
58
80
187
59
47
62
114
65
125
1166
23
39
104
133
155
135
17
62
2133
51
81
92
236
149
80
54
49
55
77
61
183
29
50
29
170
160
314
106
183
106
35
41
22
69
124
187
151
21
102
673
74
61
58
49
49
160
47
983
1215
106
24
124
115
94
69
32
47
342
422
130
961
26
153
37
139
165
48
46
66
371
67
132
189
27
170
490
36
886
36
1596
70
65
127
44
112
334
111
51
86
114
291
28
65
62
30
73
939
1859
295
57337
55
60
55
61
149
37
88
217
246
128
47
92
86
954
42
204
15
111
14
534
53
34
222
89
44
93
163
755
183
172
3288
121
47
571
183
346
30
122
119
77
60
52
38
57
430
1408
18
142
38
990
661
40
152
157
930
44
316
284
52
38
226
47
186
102
40
55
33
69
12172
112
119
281
131
2010
89
96
50
56
104
50
79
807
61
58
218
109
671
52
81
176
68
247
74
49
118
3469
151
93
53
57
826
61
150
102
41
14
671
373
47
255
3030
118
23
68
49
93
27
101
125
4900
145
62
83
90
78
427
44
101
81
57
21
43
79
31
82
64
155
98
66
135
42
151
75
32
17
23
72
80
298
64
247
16
162
56
26
158
43
20
37
45
3107
69
58
953
298
121
168
507
46
137
414
86
982
28
76
50
101
130
64
137
95
1608
21
41
26
24
100
87
9
35
111
149
55
82
732
345
138
379
100
84
23
415
59
131
63
51
168
102
783
52
129
81
58
83
158
162
18
47
273
28
61
58
55
76
106
35
45
363
48
90
40
81
132
295
59
504
112
1160
123
93
77
159
2142
128
244
116
1453
46
61
70
111
165
79
297
221
28
35
67
97
180
114
30
197
82
38
123
82
6842
28
67
81
76
22
528
65
121
83
231
271
96
71
316
127
59
116
147
148
94
187
91
57
78
123
15
59
95
706
64
47
51
72
170
43
69
114
191
34
90
291
187
378
24
122
281
122
30
42
106
59
32
299
139
119
94
58
50
160
90
83
33
21
538
27
59
47
118
151
54
125
37
242
14
86
54
16
446
47
42
92
57
39
226
724
80341
35
332
68
36
29
144
141
42
43
45
72
168
323
992
63
36
25
67
75
19
164
93
84
1646
111
349
117
59
301
33
47
78
40
114
24
30
25
45
41
8
83
95
99
89
90
131
42
106
250
27
44
289
79
39
52
100
41
77
62
1736
54
45
28
418
36
25
256
60
87
48
75
1580
67
30
46
47
50
142
46
320
122
81
89
546
374
90
32
78
65
122
50
110
70
142
139
43
161
84
35
71
114
64
38
128
255
73
1261
56
80
60
114
93
329
76
137
97
68
57
243
48
202
141
131
22
149
44
146
78
66
2406
80
62
123
50
97
65
95
692
111
100
64
39
135
845
34
85
1263
635
217
1954
399
3255
113
157
52
102
22
68
74
30
88
85
122
100
69
658
56
76
34
42
49
26
101
208
193
90
136
47
8
25
74
98
269
46
1357
87
1620
174
51
326
14
241
53
60
78
35
98
283
108
95
200
52
29
146
45
52
169
315
58
268
348
78
169
107
281
46
79
286
27
18
1349
45
97
45
69
51
54
60
213
125
304
56
31
266
300
29
19
147
13
144
104
43
112
63
459
46
207
611
260
128
39
103
15
54
58
21
107
47
26
30
150
311
51
83
203
83
34
366
34
147
16
18
18
2869
34
21
62
1153
57
114
41
78
29
39
17192
70
14
115
496
64
4457
14488
39
116
70
71
41
63
71
63
65
74
121
21
42
90
200
565
601
82
1627
598
388
1622
63
69
139
305
62
148
164
23
42
210
100
48
82
96
32
532
193
51
127
292
74
156
100
36
118
98
180
280
59
148
28
44
507
61
51
49
56
98
77
52
56
232
93
74
36
150
28
25
97
37
70
97
11
82
87
113
506
908
52
227
1343
561
36
63
26
277
98
39
96
120
44
58
386
237
191
485
127
32
1844
49
180
806
133
99
125
31
30
47
145
30
37
73
131
48
97
173
98
435
49
189
63
72
61
107
41
759
499
39
91
108
32
235
452
47
2091
56
100
37
5619
34
103
27
84
205
1131
275
189
119
118
277
64
80
99
39
137
221
113
74
71
167
22
74
93
29
95
45
409
101
743
2353
69
60
228
87
69
30
193
17
56
92
53
71
154
30
272
155
602
57
174
48
57
2762
119
83
124
353
25
825
102
59
75
75
106
81
126
68
46
30
68
41
26
47
59
92
2301
196
12
160
53
48
34
236
92
126
45
2069
101
160
85
108
21
56
146
55
68
97
252
24
125
29
53
67
237
134
40
40
347
2188
136
135
108
134
11
86
51
27
378
49
1471
83
109
215
141
134
67
348
122
52
57
20
38
112
51
390
442
37
1121
93
96
59
117
31
70
51
175
507
290
83
121
77
2016
108
114
194
1314
115
12
104
45
40
60
54
74
96
45
26
506
59
212
39
23
252
715
110
58
142
47
160
118
3477
178
454
535
141
158
67
162
767
106
879
1223
120
22
36
79
57
30
184
65
38
42
834
47
303
109
282
65
67
42
118
42
62
163
36
201
43
38
249
36
138
48
360
1416
37
60
232
79
62
53
34
68
23
37
40
63
81
1085
150
35
76
55
132
28
58
2098
26
233
58
109
63
78
77
76
51
667
79
52
263
589
32
63
91
228
55
72
50
97
4959
188
61
95
80
76
157
3399
101
104
132
37
108
364
984
48
25
42
80
109
72
23
68
25
39
184
273
26
42
127
120
36
128
47
51
39
36
112
202
317
58
42
325
33
143
30
124
41
57
50
55
72
19
67
21
69
27
91
56
116
119
54
424
2366
6
37
86
76
22
53
123
420
286
42
87
45
1272
58
1000
162
61
169
45
31
26
545
114
16
87
81
71
57
127
78
2300
127
107
439
599
49
86
17
18
82
396
62
155
55
94
1057
113
14
382
101
38
48
27
94
418
119
621
97
101
246
115
31
94
69
79
40
36
163
4050
56
133
216
76
138
90
126
1198
74
112
21
75
35
79
83
21
23
612
38
23
58
39
174
67
68
38
42
158
751
71
467
17
62
88
35
10
166
1303
185
31
193
90
136
269
64
331
589
269
80
38
23
601
136
629
413
67
212
25
52
109
80835
44
42
96
69
69
79
183
70
463
46
127
331
30
118
49
94
30
103
43
328
48
74
45
191
60
74
133
26
152
235
33
53
34
32
115
78
173
207
53
6
129
66
94
130
84
101
44
74
71
142
51
2271
972
28
27
86
63
33
66
16
939
91
1605
112
10
297
94
24230
67
60
113
94
426
71
54
210
494
52
53
514
492
35
96
305
82
41
119
313
580
1550
44
399
132
129
32
167
1545
166
87
41
142
620
2487
38
254
973
49
85
242
124
19
10
49
15
34
83
40
51
44
165
86
61
33
38
22
60
60
33
331
28
65
32
54
39
524
83
35
140
94
19
32
112
172
53
529
50
68
72
52
106
51
2376
927
80
167
331
23
672
822
107
103
2071
811
65
34
117
76
45
147
60
33
1899
3587
12962
279
106
60
96
18
308
37
73
101
93
28
237
48
38
78
49
255
103
47
1272
239
90
454
86
129
26
116
47
153
65
153
368
32
60
47
81
28
175
791
64
228
58
254
27
65
120
188
277
65
23
43
37
26
82
295
64
45
60
52
46
207
31
108
105
110
114
56
32
29
197
83
399
32
65
377
126
202
69
721
3425
504
294
90
310
62
123
148
87
149
119
128
64
183
94
82
49
1852
35
38
47
42
472
75
119
1827
83
18
16
32
60
541
71
58
222
250
50
31
154
199
6
1772
51
109
167
493
48
135
193
94
26
150
125
1534
106
96
40
151
14
190
119
25
305
32
59
169
85
260
20
88
61
39
183
42
49
39
41
34
118
76
28
86
116
116
144
33
88
146
108
57
79
93
3389
57
19
109
2159
4266
135
76
278
58
53
69
32
48
269
133
192
97
65
66
92
145
583
101
147
55
468
42
49
36
42
269
174
289
59
915
131
33
127
69
209
259
396
411
132
214
45
27
55
268
57
33
285
229
24
19
33
73
47
128
542
36
94
804
222
20
64
200
145
110
100
410
373
264
94
121
85
108
38
43
59
118
68
74
40
55
3575
47
9
242
70
584
13
23
613
71
64
128
48
99
70
48
66
405
73
138
1013
94
89
134
156
19
59
59
93
105
177
3947
26
131
53
154
60
13
55
125
128
104
96
118
33
36
264
91
19
156
130
53
50
664
483
283
48
24
18
27
30
16
104
19
242
22
146
76
93
113
23
25
61
35
64
1136
75
80
134
14
91
120
212
80
46
220
373
14701
376
86
111
71
50
24
61
1541
114
240
125
419
67
316
66
124
156
150
96
18
67
36
636
78
929
150
42
121
46
132
55
52
74
59
220
216
37
44
54
648
136
120
58
28
15
322
43
114
148
82
36
81
95
252
187
132
67
68
50
48
94
107
343
51
183
225
688
80
120
18
210
73
51
37
56
60
189
49
1179
107
24
79
419
104
70
27
152
52
89
48
485
78
261
61
52
857
44
91
47
160
203
69
1312
17
96
44
39
75
78
344
115
67
60
44
28
58
119
11
51
554
45
182
91
147
46
746
3810
706
4704
27
66
31
350
33
276
69
529
63
32
45
47
452
660
511
83
16
616
111
67
80
194
84
339
356
106
96
52
36
1941
499
92
33
35
91
75
27
24
55
56
94
81
55
300
67
64
43
109
95
130
652
249
177
34
28
179
44
60
57
82
281
53
537
111
56
80
210
39
201
105
156
64
425
665
12
194
29
58
573
113
94
61
34735
51
36
116
46
42
50
107
211
54
95
86
85
40
70
320
19
87
27
263
6
61
101
40
221
74
89
401
2340
37
311
51
48
360
113
100
54
152
33
46
103
61
30
38
411
65
130
66
27
75
242
47
43
56
39
63
40
127
12
77
48
108
35
160
35
187
41
247
109
119
142
331
49
50
121
52
62
739
60
70
36
85
81
173
124
92
43
173
185
53
50
52
40
237
29
100
43
869
74
3024
235
84
108
137
49
66
136
95
40
28
93
51
59
71
49
104
134
35
193
86
62
51
81
38
14
121
48
30
307
15
120
66
69
980
34
39
53
33
1226
261
144
183
20
32
86
27
85
149
43
103
268
46
80
40
75
179
30
21
54
87
145
35
66
26
60
20
107
476
56
47
304
55
128
78
66
133
62
68
78
228
34
95
108
52
15
58
86
294
52
114
103
40
54
123
47
51
116
161
31
242
139
41
47
46
117
22
43
53
1929
93
15
1394
42
167
99
26
627
84
68
3634
363
57
1112
49
111
86
94
103
369
69
34
68
93
54
48
238
115
35
290
183
35
127
11
148
135
603
64
121
43
167
95
222
116
13
13
35
61
103
46
96
52
143
317
15
276
22
75
43
72
42
96
67
169
86
46
132
64
80
33
768263
205
10
76
189
608
119
84
50
455
9
1304
79
81
115
30
86
40
551
76
72
65
65
40
336
118
374
17
56
24
708
190
143
40
32
77
401
63
202
133
120
122
100
34
48
145
28
1520
66
70
73
84
19
34
249
54
27
96
290
185
130
58
66
77
75
109
242
42
29
95
544
55
624
155
516
6647
248
76
26
73
186
28
17
206
508
71
76
972
121
429
30
81
47
88
89
215
18
35
72
51
56
26
66
139
1209
97
406
188
86
60
14
35
1057
209
784
101
63
1299
22
4415
142
42
12226
91
65
455
86
53
63
14
39
63
65
78
38
11
86
65
32
51
268
73
112
95
329
63
131
114
58
58
21
91
80
230
141
405
54
60
91
46
60
84
52
129
127
52
1322
57
1466
247
67
124
60
41
182
25
659
90
105
22
23
242
140
14
115
4
35
474
188
130
542
119
35
98
124
167
262
29
30
12
57
79
465
35
58
134
62
23
94
19
65
42
86
37
59
270
68
135
31
71
42
13
294
202
569
35
84
33
105
122
47
70
264
195
37
51
20
93
212
10
112
59
46
122
62
40
141
368
1040
1055
41
587
41
79
45
28
66
107
20
1022
58
174
109
70
71
85
113
138
298
144
31
181
56
71
43
655
87
40
328
107
36
101
43
123
62
775
39
62
111
95
24
251
38
13
79
840
24
76
249
84
150
30
69
18
195
22
19
286
205
607
10
86
1115
329
45
46
60
133
83
60
27
14
28
32
33
250
127
2943
98
146
77
42
48
36
101
25
215
76
18
73
46
399
136
4389
150
170
35
455
389
75
475
122
115
203
14
912
221
48
610
71
287
33
37
23
74
107
58
673
100
54
47
122
147
24
104
570
484
49
78
26
85
74
67
177
62
143
224
327
33
355
116
34
73
12
781
66
29
513
63
60
2032
240
90
27
143
35
73
121
203
61
79
28
45
94
1008
50
360
56
53
103
63
135
370
235
351
207
33
421
77
41
48
237
27
66
74
297
129
50
111
206
10
990
46
80
51
1736
15
40
138
60
42
26
55
67
20
147
56
398
74
78
164
34
73
45
41
74
38
68
71
24
162
104
36
89
117
442
72
214
64
197
151
146
34
156
179
253
135
79
110
2619
51
33
89
29
191
133
170
76
37
49
250
75
1373
65
58
94
14
43
183
31
3547
137
48
92
2017
57
97
452
182
91
24
45
74
77
40
21
514
34
60
144
31
56
65
29
73
83
71
697
98
85
20
97
36
76
76
110
37
81
50
86
119
28
30
16
318
117
59
30
38
1232
55
261
59
183
134
34
129
211
20
485
91
209
35
111
25
102
179
86
41
187
215
45
37
225
85
103
42
185
35
455
460
91
30
131
22
90
71
116
600
3330
138
16
77
242
25
137
64
61
70
90
147
385
1023
62
473
189
116
156
50
38
42
198
350
82
206
77
76
86
61
14
27
34
49
124
35
38
207
46
490
60
308
40
1078
32
25
360
210
92
189
18
98
43
172
94
62
408
90
150
57
134
536
41
30
76
39
41
596
55
61
189
43
892
88
383
109
58
30
22
546
38
53
79
31
219
3687
49
221
89
1711
57
63
57
33
63
45
141
78
124
296
49
81
92
157
89
385
23
57
95
253
1083
65
70
389
18
87
71
77
57
26
16
253
93
659
91
31
64
353
93
1496
30
42
221
55
263
39
76
97
70
146
57
551
55
233
40
503
38
33
250
341
75
100
64
119
36
73
65
71
50
188
111
50
46
46
79
66
45
91
109
46
23
209
61
63
46
39
129
344
48
1184
31
69
59
18
117
121
186
328
21
70
207
67
76
462
59
19
196
27
275
68
158
24
330
15
1859
222
123
26
102
54
186
54
46
440
51
14
50
46
1008
80
27
46
44
55
50
374
56
53
44
52
110
153
269
504
105
30
249
90
255
78
106
52
35
19
83
433
78
393
112
261
35
1030
90
43
229
134
107
81
51
92
61
97
173
68
356
237
93
78
69
97
55
22
72
53
521
1387
2094
82
32
41
26
37
106
82
40
652
37
74
179
270
64
224
97
17
32
89
41
92
26
84
115
78
61
57
116
330
92
41
56
65
64
30
69
63
70
32
105
26
104
104
183
48
5341
80
174
815
179
10628
67
385
17
52
59
41
87
1498
31
109
17
56
64
49
84
22
61
501
157
32
45905
34
88
455
162
56
108
32
205
1252
97
794
96
326
28
38
11
57
14
90
132
47
112
1604
40
110
185
60
81
140
80
79
157
55
66
171
113
125
16
148
793
201
38
80
431
78
269
91
94
38
410
261
69
74
48
58
23
336
86
48
132
9434
279
53
639
6
75
28
53
277
35
298
108
672
193
74
78
233
30
105
49
189
185
164
65
67
220
113
95
734
96
96
84
98
55
49
102
54
75
173
47
49
16
33
31
65
124
84
75
34
29
105
49
3520
49
53
67
440
260
64
105
57
48
75
24
85
183
645
50
289
40
42
131
297
40
131
893
62
29
874
83
158
47
149
468
64
19
112
6
47
93
15
311
54
38
135
624
40
186
29
57
212
226
56
111
79
74
1513
29
100
175
141
35
146
54
63
39
58
82
478
12
354
24
52
185
69
118
60
40
37
40
767
337
135
88
485
318
36
58
42
76
2718
50
75
147
491
133
48
69
60
67
73
283
436
28
270
54
42
1909
172
298
92
307
105
1002
188
37
23
96
40
54
135
420
3344
100
91
56
396
21
33
263
71
293
129
218
904
46
48
309
105
147
26
6867
84
43
142
75
98
146
72
48
74
302
40
464
139
25
40
106
855
55
24
55
173
54
150
23
55
143
72
157
36
32
76
62
43
274
62
27
135
41
82
43
125
24
160
89
18003
259
26
25
2374
25
28
49
61
58
287
89
47
54
44
30
389
62
230
39
77
22
113
21
14
326
38
45
33
39
238
60
227
26
58
114
105
65
40
61
157
90
110
8697
233
33
173
38
30
63
30
65
242
69
57
181
44
680
19
11
794
86
59
99
131
151
205
24
118
98
205
98
779
98
44
46
22
263
29
80
313
217
43
160
56
48
17
31
154
113
118
142
29
99
294
139
5
61
199
1711
194
552
155
82
466
19
24
161
481
136
112
70
14789
76
71
58
41
44
58
215
51
514
187
230
30
60
108
97
34
51
45
103
458
831
476
54
180
113
1183
383
51
40
81
63
126
65
106
188
30
134
34
91
17
637
47
155
55
60
106
283
31
69
157
41
29
311
241
67
42
55
126
61
122
55
227
346
61
47
100
3407
30
76
27
62
124
27
142
88
108
164
120
89
56
1249
65
74
104
113
17
261
1126
237
40
33
370
35
149
227
106
2781
76
17
51
139
72
120
59
82
186
38
246
23
58
220
2134
20
33
61
83
108
73
34
52
251
220
65
54
76
101
148
907
92
98
474
57
116
82
1389
182
57
21
360
76
225
68
22
268
316
24
27
81
406
951
90
104
18
188
78
73
159
91
244
178
160
31
59
145
188
57
117
39
29
541
259
72
318
23
113
78
165
84
30
60
92
832
41
78
68
96
22
47
188
347
75
45
43
196
62
27
325
182
46
120
280
221
109
37
61
172
50
70
55
59
788
111
25
219
102
76
258
28
223
103
110
19
79
16
142
135
84
66
304
38
50
105
36
71
2193
69
52
71
69
213
22
76
74
31
201
35
25
121
94
56
27
230
11
16
72
60
91
157
27
186
468
33
51
1878
124
96
12
92
96
65
87
