74
72
1876
1674
5165
71
4900
3578
1644
2951
1120
11447
71
3061
12377
6704
1177
14850
14124
73
5617
6067
10807
72
7024
19445
3447
4727
6036
20284
6180
15053
14675
12204
75
12087
73
3186
22879
3620
23027
7085
71
10777
13192
26224
3768
13202
28844
29278
6530
26895
8889
74
7084
32742
1208
73
31812
9497
20844
8800
72
15809
73
11303
12496
94
33120
22125
36321
14154
34867
23754
41264
31461
24916
24769
25731
47431
38910
22909
2835
30394
19505
39790
42196
49642
72
18052
55809
53688
47609
47984
28088
20436
46415
5542
32743
31753
1789
72
71
71
1482
16103
41587
6035
73
24422
36583
71
25701
27186
64392
25820
16916
65180
72
69629
36205
5279
9731
26835
36959
40627
37308
38503
73
798
75
23489
33994
28838
48889
72481
51711
17978
61660
2049
62678
5163
72189
87
65694
64277
71
25468
75
35595
2139
87608
55231
45762
70764
15464
75041
73
71
84553
34282
23871
33325
33062
74
88508
71
45773
104
60524
9615
4962
42487
8539
65731
34604
73
47201
70066
68115
82343
63579
39228
75
79084
72
38501
72
86035
78736
73
18037
72974
872
51361
74
31521
58836
110123
90020
110240
33441
49848
114137
19097
30733
103985
81207
100
73
120249
120595
50778
74
71
58108
34167
72829
94472
114211
37076
71
54995
8217
73
101
84845
72
12566
32743
75
2923
122602
53892
116467
103928
122721
42517
129382
2547
74
131271
94356
72
1999
16102
35855
106196
126733
73
20758
75562
76932
19478
44406
50574
132671
64831
56685
79317
79111
38183
113585
140321
68815
19593
71
142881
139679
50371
77369
33555
72
82400
118823
26951
127955
155187
106052
132699
73
9723
74
87519
72220
47142
123156
24945
51077
29773
118772
149251
94678
149396
12204
72
159141
127957
165368
100670
155041
856
6561
47259
153325
104596
72
144131
52464
62816
44583
166940
73
14443
72
92991
114517
73
148205
111549
137171
142297
119085
111636
167231
110733
167315
138052
81708
79577
72
71
16742
88392
20219
81499
154719
66809
17471
74
143083
7809
182358
163040
17003
118820
187504
74
71
150646
125047
167693
78326
198966
175287
4518
135140
34372
104394
99912
134936
72
194864
174712
73
91186
170168
81875
42022
100785
73
96916
22240
93251
172929
106952
78444
73
146373
17963
73
3649
73
39171
155565
24043
181047
171766
148495
183898
115940
118820
62823
71
72
88014
45250
190036
25440
102094
179739
112507
87055
175521
25468
135754
115592
71
78
119928
34021
233031
198577
110415
184393
148144
75
72
75765
108517
73
196264
71287
125252
72
203476
5308
105178
12115
68400
139331
71
119811
221279
21602
118357
48565
188756
156046
72
90515
221833
124626
8131
48159
75
170951
72
232801
234225
174241
124
129266
165019
73
72
149075
92031
3536
50137
207637
45863
151842
72
71
138517
74
159638
261106
101511
76437
135520
43187
2283
50485
105295
138108
40423
87172
167722
42632
104
72
264220
12292
257440
75271
209674
123533
73
80
37223
73
163448
2983
192275
177382
162284
205133
249462
96540
20640
211389
88683
238793
16182
48509
15426
115213
40772
213221
93921
246968
198765
203621
54406
69251
173571
245105
290400
73
262937
278648
66139
245396
98522
244001
291970
196001
88976
157572
293048
255751
45223
103896
283360
94
35215
33411
73
95404
77339
226198
74
73
160016
51665
147681
71
268813
86820
137089
73
241992
74
286631
73
92203
248363
10224
54471
91360
63696
318413
241004
258370
232682
71104
128794
72
36640
34603
82312
259679
49410
34778
222562
28174
139301
28406
248916
296799
71753
54736
32014
185555
206791
266807
67972
70742
95432
40333
72
159492
72
180671
157602
329645
317631
12058
72
292650
296424
72
120336
72
101118
254183
36977
71
163681
253919
41409
262211
58777
253543
169354
87229
74
281005
156727
180816
136653
227607
163213
73
270764
75
289119
295781
136507
75
69978
199405
46443
79551
331883
176045
72
215869
207115
154573
71
347020
96248
333304
315286
42545
73
316991
140408
32654
261135
75
72
72
276203
73
226990
291358
369846
65615
74
271695
301863
1411
310344
160482
208305
72
354300
112973
262706
46503
72
75
203942
239387
42843
103635
74
315936
266838
84173
134795
171536
331478
74
4205
42195
131329
72
284232
234253
72
75303
74
199753
198678
73
170896
195504
73
320395
332532
2748
359354
103899
72
265063
294125
123782
299969
185382
73
73
162632
59971
71
73905
252610
346692
90896
6035
244173
168015
189514
27427
391869
194314
290547
236350
226632
98632
174965
166647
391897
277365
144856
401674
44146
75
273144
363325
124117
102879
71
37571
73031
110560
161963
351485
201411
279781
139403
51738
72
234485
71
291505
136886
229831
176283
228844
72
207228
71
272568
63985
73
81114
386662
74
289381
103695
314926
152217
176685
207927
411098
72
100
425441
275943
23114
424624
71
208450
78416
338369
350096
263573
73
74
55928
27128
37746
426981
138631
82605
187097
323184
379972
171972
43447
161148
143345
191114
183172
238423
94
309339
160073
3890
138604
241369
352664
292591
151984
73
41935
116728
75
73
243790
72
144162
281179
254531
15609
327955
284496
108059
145264
104
265496
389878
240713
75
268286
24422
369754
20612
72
392335
135636
387790
118067
224461
44495
72
299011
272131
79170
334467
391605
201557
74
350532
298314
371093
103780
63104
301048
370953
235155
310966
236464
25296
131067
118794
90094
73
213443
191868
22559
236959
407754
90
284351
213078
378168
71
73
471054
37076
135839
206503
71
362590
363369
190035
346838
213420
435026
74
210402
126821
45280
151957
174936
382060
125223
324292
78416
155883
282519
368336
247718
60233
470849
194292
448132
248205
45976
323114
55405
71
265557
190212
162546
284241
270351
73
273645
138081
11883
382212
292868
51504
200598
459040
210264
93773
33730
210002
469047
75391
260795
70620
211413
73
72
183632
71
65964
74
71
255820
266351
345456
96394
257034
115273
72
374118
372871
122507
291883
43737
78211
52321
9150
65362
72
168422
256655
180322
305311
299156
384453
170107
14239
405346
262241
355754
166646
46910
71
73
341506
98602
267064
7673
23405
80857
72
256014
119722
244728
393351
98037
73
153645
72
365281
265268
380552
171448
74
378838
343420
72
188671
101
159840
347448
74166
279441
209236
57876
72
157980
74
141047
383661
73
81701
444064
186314
118754
99591
375695
387563
466895
346168
144561
395796
113883
72
280874
44931
310707
51738
103271
515854
317150
71
173891
515746
203529
73
139762
305120
161441
176510
413020
267068
405541
263460
278424
306068
94
79
214606
67972
75
407217
201031
388494
376202
197309
73
21630
18168
482515
299092
414874
74
309281
353813
154489
73
208392
486211
365528
73119
154097
554951
292751
244832
86
283434
451041
498435
251194
74
191224
351784
72
334510
166387
351897
559288
306342
73
277278
20662
342503
368595
142968
213872
93105
192336
255257
433878
353100
75
119332
530661
346932
117798
316483
18692
490138
297645
133861
202365
303094
73
73
429114
152096
191107
116045
126125
185260
54677
289413
474253
143078
38822
478533
72
40568
238023
277063
117976
226109
74
227185
457965
53630
56569
58429
77274
190459
199929
367354
203050
333107
74
227944
439985
109744
172634
523388
24596
339004
349889
337238
256539
151863
244580
400846
269820
27215
433236
352176
78292
281820
71
389413
545265
426278
177324
86656
360999
72
127506
297208
407267
71
73
281032
334583
197136
269027
296794
290023
79580
71
424386
376103
45133
595332
72
126711
84524
61046
91766
449383
73
359144
23638
54645
257813
518298
19186
72
75
94
375952
222065
293455
115
140482
90030
88683
21136
449391
95608
72
267609
210138
314846
117332
175607
409231
55805
158998
82881
118140
72
72
319624
75
372410
410774
298140
148261
93920
465760
74
242417
95984
278037
52910
273963
288393
229783
554459
481071
620844
384808
198569
351929
202715
227186
420116
298406
459660
448628
579329
71
321381
175929
37191
20932
48352
43536
435536
319100
7229
6181
70075
169616
354146
75
330546
153819
231718
489384
604784
415187
100
303955
214182
126896
316756
589338
442221
72
409352
71
73
71
243856
72
324725
458670
303877
181864
91562
73
439900
284794
194823
245726
369731
71
397689
234953
448766
197250
58249
72
40741
514284
345384
73
72
308534
78104
334356
231049
72
505993
393295
218778
386806
97318
71781
501425
385936
45368
467418
194198
28668
76846
159754
453580
546023
494909
35915
67504
516611
643204
117
216799
257147
72
602861
215035
73
466911
158384
74
74
25195
173773
395688
413528
74
72
515563
303944
1439
72
631378
156628
118932
510151
380176
72
34545
258791
18661
536013
277336
400915
48742
219634
208130
85400
470084
438254
300804
352511
244110
482858
73
392835
70807
363895
607137
509281
74
317204
78
307873
605778
268076
86
131678
476441
308346
366444
456365
139390
71
407163
284784
497714
181308
136219
345237
75
74
444319
659844
195536
148743
324320
74
154929
212932
141563
65364
73
459839
589051
443047
74
202966
72828
468204
438502
326116
319113
662680
507271
348553
74
251100
173164
442872
134923
382974
570120
2835
73
571917
577028
296334
227766
73
171737
258486
367426
548932
72
285773
638978
389678
282902
659646
235888
71
266923
674505
297500
263249
666579
130750
466658
230821
208230
241248
134654
71
77176
74
32562
514811
611095
526626
261862
191708
72
534386
500028
255376
26226
678410
167328
510617
499621
306777
73
216198
71
413396
102899
64893
433343
87
127723
79929
343088
43884
475920
71
267272
458709
675385
521759
152656
278726
73
376282
74
216392
371526
9035
48976
76530
89
211468
659081
72
73
588105
48568
374230
414856
494877
521992
652012
129636
524405
100
74
252741
79162
4639
541422
464452
72
73
680564
492492
36467
208785
105180
374101
465053
267594
417819
680615
73
22879
73
88224
656877
352826
335454
306406
377962
72
73
64800
452173
226692
72
485170
429427
232639
463318
81063
247045
613007
516113
612964
344019
613902
579524
609735
332173
71
126116
674070
434694
10846
72
119723
513829
64762
386406
85721
126
440045
562506
290460
179212
548004
183212
88481
74
355652
470675
434683
596558
595546
71
512262
386680
254131
680572
657305
321350
22153
71
278152
593665
687531
583190
72
209998
329761
466749
656077
692862
698228
22765
658956
160015
76349
101
74
438421
407810
128550
645094
231438
72
197933
74
415197
136188
162711
72
67740
82893
477048
36583
237687
73
72
578490
484108
28267
169090
583160
507650
85105
6820
76495
105470
379438
15854
248590
231022
162274
65964
299984
604456
357831
72
318262
203133
198706
72
74
488054
174444
416560
493720
398035
75
74
100523
251243
72
604392
96597
486812
73
5339
135142
119635
200246
25613
286858
71
482202
549423
591574
483444
71
72
447241
371482
463690
397840
425964
58634
168681
149279
73
75
93
388062
72
477925
121063
604116
491244
450465
292523
375184
517482
404874
73
88246
326536
444418
74
677800
487116
21191
702927
381497
465408
443241
546230
96
260698
587830
15642
668839
71
517714
203408
87
125173
45717
72
640251
139026
72
413338
651466
721524
600055
71
554230
604092
107
375532
416685
211374
431199
550441
466158
536934
71
609422
420697
170023
546541
583621
517734
282398
74
303055
250793
72
242355
71
72
29602
263345
647829
224814
86
103318
655458
81704
73
424501
103869
75
587953
201125
268506
671647
586666
391309
630011
268874
690026
598797
520084
559691
721931
136071
52808
72
310910
277338
404149
71
95607
503697
73
516543
642542
450502
432665
551293
101
262910
535086
223783
90509
347113
296054
24641
147012
82
612381
711051
493669
489605
445454
72
164116
447598
646788
293867
456135
221251
657306
297315
682352
643190
355622
444818
53949
154430
546210
441104
317802
82
649682
359948
42780
372901
461414
497182
527142
707648
741648
38370
364806
27507
283562
337372
173194
659364
71
224392
619540
72
108203
156902
321526
606291
427335
723022
475713
268360
94
170024
482196
497911
321142
424435
306721
350986
183373
71
578680
5165
711742
403707
71
238940
256506
421705
717356
72
31548
293542
268117
376772
292470
144334
609380
655844
508944
654367
491589
73
553967
365018
143841
423742
283381
295854
201965
281568
173861
117660
580822
64626
721836
343438
480070
72
519182
236346
657728
118736
115331
197694
87
667137
73
192100
147623
582324
733859
262470
162107
418138
676142
406993
208277
347853
258647
216138
317771
612738
73
652134
678921
231760
668207
38275
674258
637023
185147
210634
485127
343258
73
219738
71
260028
448069
711793
659137
476229
73
105643
580157
552732
581189
409119
94
682084
487210
675692
71
641466
426275
676447
413174
672490
393567
631342
569531
103
713902
719648
287956
79
360986
603425
94735
653451
489916
345955
374572
138051
73
583771
91856
745474
422522
629210
73
298040
518021
121389
641188
458658
572704
643480
93
74
492393
447694
251113
474375
78
640730
80129
668346
347689
295317
452215
587000
256275
166735
164050
548535
668432
155100
71
235570
605597
741712
114864
566412
101687
108182
505989
343178
746291
110764
602702
567629
74
632243
648506
449554
567509
293688
169440
556913
72
72
696898
72
118355
122631
340233
736680
406702
724206
74
566466
164405
86
262581
328319
221861
73
79811
31520
763149
390819
73
247289
567356
733346
74
418012
289411
682230
671654
663952
158969
672666
689777
71
266109
435349
354318
101
624722
102096
72
225878
73
89
471393
120016
578447
527192
74
284321
704586
645015
106169
452172
682134
417175
71
725171
69606
289355
401254
669844
345968
570432
71
152246
387621
480827
553008
75
250458
72
740284
99012
435372
288850
74
424499
659575
156002
94
404513
674624
74
149251
492112
510796
72
200129
141600
672753
175650
672688
339865
332149
442332
360135
575335
222823
563831
584608
447164
46203
499705
625728
71
737651
72
70270
442142
90
710466
343175
683036
401575
131
267884
297068
9935
474574
3853
75
604418
265092
303548
34864
433654
413074
286940
125456
59796
424841
73
510491
126998
736094
74
640389
546137
167578
340847
498840
74
606912
73
726742
584303
120362
697986
71
659051
613480
339868
214966
215957
148289
604244
540587
158473
73
204639
651131
511560
74
111577
406934
729908
412229
72
73
455880
398710
573962
341868
477087
72
648346
294360
6502
494966
429823
508332
343691
607967
74
368331
632417
119177
693316
539465
189250
707731
14591
511690
446367
74
362906
716153
305308
440150
16838
72
134649
391127
577000
436094
257644
71
178793
72
226632
403380
79
261105
74
700298
324979
684604
413600
128538
527276
78704
597072
74
540668
662978
645073
447975
650724
536361
104129
638482
72741
649794
136363
605254
442421
609072
537438
453970
593917
249063
67767
352371
620126
519261
302046
576484
64916
617975
140466
647118
499328
706428
158521
72
193034
704568
144916
226692
71
548578
645678
703520
218110
134096
83390
702388
62865
559713
475960
344814
616942
358440
661229
24450
437406
73
419341
29513
257926
682204
407771
565313
75
71
73
641736
634099
71
641184
15432
513553
350636
481146
597713
693864
379254
392593
74
441185
241849
73
321720
301481
547946
73
342327
73
73
93
109
372302
376341
566106
545080
625218
220493
590730
75
299597
71
609684
516739
100
130530
73
304018
72
637518
142067
559120
12611
638084
664138
71
103
245250
684408
468615
278278
556224
411576
683332
332900
613015
168961
287810
654189
102
622221
73
274586
633882
332523
71
119148
656444
28202
72
232567
38849
633066
640822
542752
233295
677484
173920
5278
73
158793
630492
499633
89
351628
417341
221367
274731
47548
530341
416004
406636
34990
71
74
562411
657622
71
579095
468308
188494
33994
150561
394723
71
451240
667768
34779
166988
73
326768
464948
377818
218558
597159
94503
593168
535525
232740
71
151461
72
349861
461597
268586
312020
156029
475669
417684
482040
525830
262095
121381
72
618717
623684
94
595786
71
437787
623146
426519
221920
213534
447169
609698
72
561125
287502
405969
636589
616899
431932
29424
609054
616531
653776
254004
73
652960
156582
91564
372702
203824
33033
73
619306
368159
72
75
67244
459250
5030
304848
279461
316788
328295
466673
648656
74
446311
647112
617256
73
457898
86
349968
256801
616324
612149
169820
75
72
39745
78
303720
587386
186313
73
247094
145700
75
639993
69572
100
564535
365803
607789
614506
641500
285728
603338
8371
640772
72
621520
420470
72
74
74
613460
613402
639172
639028
411538
638708
72
252785
638240
251204
534785
72
505065
79
70318
635796
611118
72
534062
633908
609422
112828
609928
75
566338
72
72
89556
115
72
609270
530026
373611
608892
608848
117
585273
75
629660
629308
74
94
164873
492521
237757
125366
595833
75
607684
350997
73
66291
97
403015
72
90604
45566
110704
417933
74
72275
83245
330142
81907
428614
406208
111666
192828
624424
574440
623900
481058
623636
605488
71
325456
159754
94
583062
413670
513861
262032
101
73
72
246338
620904
199611
71
284688
603714
281006
551719
71
11972
227302
71
471808
18981
580400
602390
602304
109251
108718
71
390228
455053
74
536316
73
615812
180668
280626
430274
75
614588
564832
238626
11012
600340
191345
277426
251533
287487
37025
103896
506114
183829
71
247258
285575
183262
609588
34020
167231
446069
488672
492022
257348
454484
597344
344801
606824
366237
401284
596820
480326
73
582746
144058
71
168190
505632
289641
94
70648
571457
290663
603708
282295
113666
595350
435532
500730
459328
316526
587960
263669
594362
601180
489709
310134
549233
128800
73
428930
72
73
593110
593038
236179
590484
592732
597020
73
364760
596176
75
350412
574422
591234
72
17760
590826
587193
105238
82
529124
589896
102
434905
591376
170837
72
73
583454
571239
588136
62616
414992
74
75
254258
71
351094
341104
587016
586972
486164
586608
526702
119308
375169
126649
94
75
505320
72
183433
160361
108
329597
12464
423579
585460
417866
583288
585372
154981
73
120769
479182
491364
360876
87
584732
35275
109
581572
79
581368
584426
581164
93
584194
118036
584122
369964
583758
273873
579740
208352
579012
583204
71
80743
444026
577936
73
582624
446652
576935
71
577412
568390
104220
581750
72
581402
28028
580906
90661
73
580252
580092
74
74
183342
571304
579394
105877
73
578696
280044
522992
78
82909
568248
568220
267045
117077
74
73
494610
257262
535021
242687
533578
71
71
263150
387800
393277
563828
575656
575642
522174
132
575584
566673
541014
569051
575002
574958
562080
574332
93
292258
560712
574042
511312
560308
123331
459284
382192
559404
573372
573242
167618
572994
241425
11157
431876
572704
539280
513800
80
430152
421919
572004
383751
251475
571540
74
493946
548444
79
554720
571074
570433
359579
90
570870
10274
555704
557246
51915
72
552540
552508
569954
569910
569706
569532
207929
516898
75
255284
71
568398
88918
548816
431288
311145
567772
165949
219242
322544
546952
567204
567162
86
380368
493902
89
101307
566856
420408
566696
545788
545500
536824
566362
412204
174403
370505
515328
566042
544424
280912
110
73
565664
565620
59244
495167
21017
543144
94
75
128694
130767
564892
499556
328847
63986
93281
564544
413688
541048
511181
444321
540468
163961
555989
198761
539420
414389
50925
93135
355030
71
9962
475853
5541
232502
393495
535668
362833
294240
510480
516124
71
560674
73
74
301309
211822
473378
71
532932
208307
384468
532756
74
508926
2399
559860
109713
531884
452498
531740
47579
72
558986
558812
558696
529528
72
529236
555299
558304
558186
72
558084
72
279550
221048
557518
390797
526824
514422
557052
71
94
200068
387277
459182
525164
524904
556136
383145
555962
555946
123272
74
287027
555670
523420
555380
242840
555162
522720
93
551611
522024
554724
554608
73
52612
520744
71
74
520276
290462
75
191986
551022
73
34400
553052
553024
72
527865
283332
86
168043
296013
295287
552092
551976
310426
73
551758
86
239396
515624
334949
243724
551204
551132
450381
477635
514256
336185
497142
514672
73
512540
549954
73
72
472996
152520
549212
510852
71
74
72
442615
548732
509920
360860
446356
404332
538942
226041
509076
116117
362062
508348
256789
537437
507884
545619
456458
507360
507188
507835
434149
546928
506108
103182
71
513872
546594
505644
434201
546318
73
526746
504628
504364
18604
72
307422
503784
391928
503144
545314
383102
74
71
75
226048
73
502212
5805
544776
122
53919
544470
72
188970
543990
47169
500000
8278
499624
540717
498896
543190
73
543074
543060
437116
498400
347186
72
542682
542580
542464
542434
497236
71
497092
303056
153632
542128
542114
73
94571
194272
71
527706
155945
540936
540790
445210
540732
405734
71880
540324
101511
258607
295501
492552
331639
539962
539946
492116
174413
124231
539554
422615
93
71
539336
312149
178535
398125
490952
490748
91887
492834
158330
538884
393711
64076
321526
180438
131
75
343492
538026
327749
423021
26277
150826
367932
350207
537706
471062
537590
537444
487358
486996
243276
486648
254793
453241
536820
72
96
75
145060
72
485308
347946
72
152783
246559
73
439528
136105
482470
535714
73846
535684
483420
535322
535162
482780
482576
482344
534884
72
376774
219126
534434
534070
352827
523866
533794
337789
395068
116
291516
398381
478996
71
74
533024
86
478388
205558
72711
73
186894
482514
210884
532296
456414
73
532004
476408
476380
72
324600
498886
475420
94
365837
340076
139400
73
530696
473848
145339
288314
11038
514660
74
329849
471812
471464
246619
72
114586
324697
72
39168
74
528878
470240
470096
469484
469340
48698
86
87
528324
7463
527860
527700
195185
527584
35193
182879
527466
527408
477373
527118
527104
30907
374826
466228
466196
432356
526638
465672
465644
73
262908
526420
526390
34835
130643
236368
525692
137874
438873
463228
525344
437316
390446
291712
167638
203447
462268
72
446485
465554
524500
129436
461108
524296
304947
331218
524208
227449
524106
524064
361588
15027
460348
523786
94
366213
458436
5718
134789
431453
523380
453765
72
86
507809
458604
522826
522710
358705
522638
327114
457672
522564
73
445506
522288
403912
457004
72
72
432171
522128
456424
484979
456364
75
456132
521808
455028
521226
454940
521212
407831
454824
521154
521124
74877
447147
151056
520892
152
498448
514529
424631
520442
86
453108
49495
175197
93
72
451740
340877
519482
75
428688
261217
72
206767
450748
519088
450576
488238
327508
518972
95
518900
518842
425651
518696
449528
449352
410873
518260
518244
448916
260680
213075
448744
259651
515402
517984
448132
354119
517634
211830
447580
517430
72
114200
74
517226
81
319576
515461
446736
517096
516688
444458
445428
246443
86
71
497089
444380
4320
95
257981
400226
294733
515350
381863
71
109481
364816
514652
441788
71
317631
78
514376
193538
514288
440916
427001
514084
440508
74
120944
439928
513648
191748
322837
439432
73
199509
494107
74
72
373425
416085
268990
513066
438356
438036
438008
196136
293656
437136
436612
73
277894
436320
511758
192740
73
511626
435564
89
511350
511248
435004
434786
510870
380369
395738
510724
505141
434538
396496
434350
510390
58017
175637
510230
510202
434030
123406
437445
73
509736
509678
267123
75
73
509328
433026
432982
43864
509052
432924
508994
238373
432678
110
99713
508383
102
166211
432284
149873
379428
71
75
177423
507483
507307
431351
271168
431630
386210
506291
466457
502509
244947
358436
167930
430960
260695
430918
335957
73
72
323660
158497
20169
72
430394
495796
73
504079
430102
430088
430058
203879
503235
75
502771
6329
429390
502247
429332
502159
429274
135429
283110
501431
180576
500819
71
72
500415
284024
74
428240
73
473911
74
427964
101
427906
72
470151
489214
195859
498175
497651
94
354739
426976
73
497299
426844
356871
35097
310992
156175
177929
426422
74
218643
75
425256
495731
73
495439
425812
494943
150846
72
40042
493547
424998
354914
368011
492791
74
169532
424430
279693
360896
491687
491511
375889
118
491279
423746
382138
73
489939
11417
489823
74
463184
423004
93
72
422830
259529
392931
488923
488895
86212
310065
112236
422378
480407
326416
488079
422176
76989
487495
421234
421826
487003
486739
179912
395258
486451
486303
94
421332
221038
234450
485867
485459
226488
281879
73
485023
328331
484735
71
71
158449
475177
484063
71
419848
483163
100
483103
419776
283127
482987
375332
146389
71
110588
225227
341930
482231
364591
78
419208
481883
419150
156650
87
418858
481067
393323
101
189566
418510
268870
417236
235825
43843
87
479439
479323
126765
357342
327856
478683
73
478507
347936
478131
73
333432
406210
417070
329584
473280
103
206964
416866
477139
86
163864
363734
126125
476471
416458
199842
476327
476239
416256
151982
416198
317540
351097
73
110494
415862
415804
379943
2431
450267
140815
179522
72
474435
73
415194
415164
415062
414858
369803
59994
141016
471935
414190
370339
414044
333776
471555
120711
1251
471119
470975
413710
252262
470655
314475
335996
71
413360
118617
309340
298286
344282
470015
413230
173279
413158
413114
140397
469663
412998
412924
412692
282112
389017
412618
468735
412590
468471
444493
412212
73
467687
467539
467307
333511
71
467103
390517
466551
411456
78
74
411252
74
102
411092
140
465619
411034
72
465243
410816
410714
73
72
112557
110589
410336
464167
410204
435649
410058
463351
240917
409754
463031
462303
461811
408982
461199
355969
408778
345467
408648
367578
408604
408590
293829
452603
408298
439402
134782
459775
197658
459483
371302
36654
23118
208450
407600
199783
458551
199316
387477
458231
389411
354496
454909
457883
457707
457651
457619
15926
457535
457299
262420
284669
157422
406640
316673
381015
380436
258604
356121
406422
456371
406292
406030
406000
345270
347802
237366
303987
405594
73
454479
454451
405390
63567
453723
201801
71
72
452907
404226
71
404168
404124
94209
32598
65421
71
403586
166851
403440
359374
298456
450291
450143
148175
65495
352348
73
449215
402816
449039
449011
72
343584
335890
402510
72
402438
448311
446763
202529
402278
44262
447731
402016
447295
401856
401798
401390
75
416653
429715
188586
445779
361255
445575
63929
445023
400546
400532
444443
400416
145936
400314
73
444123
400284
36725
443891
400154
443803
95635
114353
399978
399892
72
406790
431839
47752
407066
442291
399164
101
441619
82
73
398874
398758
441039
398670
140147
72
398176
297847
182827
362836
439091
438507
74
438451
157254
15607
397332
397318
72
437519
396938
94
396866
123
81998
161842
436819
436735
396518
396416
245833
436063
23489
270200
218438
396182
271714
396038
435395
71
71
288278
125369
395718
395616
434639
203436
425432
434375
434319
395324
408144
114062
433767
395048
433535
394960
394858
298382
71
115
432951
394684
71
432691
394568
226076
357148
432255
85
432079
431991
74
23489
394102
431699
82
393856
209443
430943
430887
393652
359441
393578
430363
73
73
313962
133016
317947
102026
392924
268435
71
428791
428675
73
9876
392110
372902
232485
127890
71
427395
427047
121755
426843
426551
391498
426495
426115
180337
386317
103
425767
74
390918
106341
390888
264880
10822
424427
71
424339
310107
424051
72
423847
265807
7337
389884
289645
423059
22734
26576
74
75
389434
422391
389390
238155
389172
421779
421695
421663
421403
420471
388458
82
17151
73
420035
294890
73936
388096
74
419511
78445
314485
387804
387746
418931
74
418551
387498
387484
73
296390
387310
252024
387164
107
159111
387048
281406
417563
249792
417067
87
386656
386598
416659
100727
72
224597
242391
386132
274969
386044
385914
106311
280505
385638
294281
385478
327394
255060
38645
385302
414071
385172
385128
385114
385026
413491
71
74
264974
73
384518
384488
412383
71
247157
384138
411803
45126
364015
411163
383368
383338
383280
383252
12537
409767
409735
209501
195999
275499
382918
196890
409183
382742
408863
75
408603
408515
71
79
408311
382364
407963
407847
72
407671
407467
381958
407411
75047
381696
406855
103
71
381418
406303
72
190069
378152
29986
405459
33113
101600
405227
405139
226413
405055
404967
404879
380618
5976
359274
404471
404355
380400
108
393424
380240
403859
403743
105557
74
86
379920
403103
402639
379498
73
82
243097
402375
379354
74
402055
379252
379222
379178
401883
379164
212929
379150
379018
72159
176135
378990
401215
378772
378714
400863
400807
378612
400575
378306
378262
400019
72
378146
115
254124
399731
268028
378000
328485
101133
377812
399147
93
359710
199126
249560
377462
377418
398363
377390
377360
79
353570
268577
360769
93
393606
74
376954
126
308854
376720
293015
72
333469
396531
316304
376386
376358
72828
396151
153370
396063
396035
376226
100
376080
376052
376022
72
389475
375878
368234
3274
72
375732
375702
394931
377017
375514
375456
394407
351866
375266
101
326179
348422
367111
393707
71
393619
375018
374874
374858
393127
393067
393039
374728
392979
374698
130
3077
188990
71
392659
392631
392487
374422
374320
374262
367898
374176
391875
374102
391411
273544
72
296389
373666
373622
364509
145994
390391
390187
389983
389955
363547
82
110
178070
252956
324834
373026
39405
94
111
193409
82
298064
388615
388267
71
372284
232126
28351
387687
387423
13191
1439
387335
371834
387075
327738
293890
386639
73
325445
73
101
386055
385999
385971
185702
157075
371106
104
371062
385535
385447
289741
385215
318780
385039
384979
271693
370438
370378
383556
310133
370292
370262
370146
73
370102
383643
294229
383379
369898
352493
372493
327708
269466
294588
369478
82
74
255348
369128
8677
381723
68786
381663
73
327001
381343
368866
381227
368822
368808
72
368662
331613
380735
380703
368518
72
380383
380327
380267
368314
368284
380035
368096
368052
160740
379219
72
367746
378959
158995
80
344757
378695
378611
367456
243030
131
378291
367354
74
319699
377823
377795
377735
377415
356624
366874
366844
366816
377011
94
178564
376719
366568
266992
87
376515
366438
79
366422
376339
366336
366320
115
376107
238296
366248
366234
123
375903
375615
375411
375295
71
374943
374855
307838
365536
320079
365332
243936
364609
238280
373955
46036
365114
85
373607
94
364968
373459
314899
245750
373255
373227
373171
373139
364794
364764
364706
372907
372851
372819
372703
72
364386
104
1578
72
203533
364124
363892
101281
75795
370987
363644
363586
241078
370639
89
260282
363382
370203
369939
363136
363120
115
21694
362990
369387
362816
362758
369011
368895
110
362640
320587
362612
368747
362598
362568
329688
368603
123
368543
248485
368255
368223
362278
72
367731
362058
186137
361914
73
104
361884
359788
259153
72
361710
366915
366887
366855
71
366655
268748
366451
64248
361302
231337
361230
34879
365867
182809
166283
361142
5628
365519
365343
360880
360852
365199
360778
360764
360720
183714
364819
364791
130
71
75
364499
360458
360416
364355
118
364267
360342
360314
360298
72
363803
238911
309219
363279
232818
359818
363163
359746
359732
199750
362815
362755
362435
54038
361939
361911
182034
361795
359120
359106
361619
358976
358960
258169
360951
358656
358612
358480
360487
360339
267932
186762
72
79
357986
71
357928
359295
359263
349891
266085
73
93
281140
223781
247620
358655
286158
336886
132151
358275
336785
71
355301
131941
357056
357607
86
357491
73
356866
72
356750
356967
356879
353098
222070
356488
356499
356444
356383
356198
72
159898
355483
71754
71
90
355702
90
102
74
61622
72
354055
354976
354960
354858
87753
354830
205677
251583
354626
75
352603
354510
188205
352515
284594
305393
73011
352311
354378
93
354306
4842
353972
351411
351235
353738
74
129176
353578
350623
81
350391
1993
353332
118
350131
350043
349927
302944
349779
140471
353040
73
349519
349403
167690
349315
349287
18227
352838
349171
352778
232062
348907
82886
343578
352502
352444
66894
348355
352372
352342
352314
34079
97411
342108
125
347891
347859
347775
197115
347715
352008
101
133
312683
351834
351760
346783
351616
346695
261594
346495
351470
351440
351398
346175
351266
95813
345971
351018
103
345359
345299
291064
345271
350786
350698
350684
344691
286958
344455
71
226522
350394
344255
259407
343847
73
350132
350044
212864
343583
349928
343235
349840
86
349782
342975
73
74
349550
73
349418
342303
349376
342247
349346
161267
342043
349230
349128
74
341751
349098
73
72
341343
73
341139
73
303986
97
340763
348604
73
340499
348474
348430
72
340239
340123
103460
339859
348138
339627
118335
339423
315899
347892
336386
95
347834
339191
107
347790
347746
346943
338727
263944
338579
176917
338495
156436
338203
347296
338115
115
337971
347208
227146
337795
337475
213843
74
346786
337067
336923
346640
336691
104438
78
346480
336399
62444
270318
346364
38647
346306
75
336481
335787
89
335583
345928
335351
335323
325381
345856
345798
72
345680
124
334827
334799
345622
334739
334711
334507
345478
101
103
345434
102
334363
78
181743
138
136
334159
165075
73
75
71
321426
344576
265626
75
344518
344502
344400
139606
344342
97890
332179
332123
315984
344080
344038
343994
86
157395
343906
331335
331307
331191
343818
343776
80
102
210384
343732
189434
343658
330695
330611
330579
343470
330463
127463
330319
343368
330175
343310
328335
73
329855
310284
73
329619
329535
329503
60175
328951
73
328835
342626
75
328603
342524
328515
105791
328487
328455
342422
110
251409
342378
342292
327963
342190
342176
327847
90602
73
342016
341986
327235
341840
327175
341738
145760
97
326799
326771
72
326683
238034
87
341506
181667
326507
341434
341418
265948
102
325983
341172
81
341070
325663
325575
298050
325139
325083
340764
340750
340720
324935
324791
324703
324615
340518
324499
340458
340400
324151
324123
43739
340168
312321
340124
323743
190695
179681
211801
339834
110996
323135
339776
106256
322899
322871
339644
73
339558
322611
74
322231
322203
339280
321999
339208
71
321767
321735
321651
321563
71
321155
325804
47752
73
96
338538
338496
320399
73
87
338378
320223
90
320107
104
319787
319759
72030
111376
337942
166807
319351
261414
319263
319235
203226
319147
337798
232252
232002
337622
318771
318739
185876
318567
232012
73
272208
73
337274
128478
82
110
337158
317811
219109
317663
83827
32829
74
330888
336764
316995
57177
336648
239930
316499
71
336400
316239
316179
336314
336284
316007
117360
292785
25697
336052
335978
335950
157891
152509
335818
266253
335732
335702
314727
335572
314667
314611
166589
335484
310748
281394
335426
314347
335296
314055
335252
73
335178
335164
67651
335120
207526
335062
86422
100
313475
313243
334772
313067
334728
312951
234944
334656
78
74
334538
308080
334524
304464
81
302471
74
153062
86358
312051
334204
119463
58554
150530
311787
334118
311759
86
333986
153587
333972
333942
333928
82
333898
311323
138
311119
333724
310943
94
208355
310711
80
167235
74
177616
333360
333332
266245
333258
314006
72
309723
333084
280817
309519
309491
309459
161724
198805
332896
235394
332838
152598
179536
110
309055
332678
238805
25973
79
245160
107
57993
332400
332358
308211
332284
308063
332240
332168
18050
307627
313761
331892
307307
331878
331818
331790
276054
79
331542
73
306407
306375
306291
331368
69337
86
331280
331238
252039
331178
146
331150
331136
234
118
71
86
305503
131
305447
330902
305271
330830
305183
330786
305067
330698
330656
118
330626
9013
304719
304631
330524
304575
329503
330394
304283
330320
304167
304135
73
303963
96
330176
330102
303731
303699
330074
126
303615
330030
329986
329942
74
265482
244802
303207
147540
329782
329724
112188
329666
329652
329638
329564
74
72
329318
302159
103
302131
302071
301895
297534
329142
115
329056
312786
96
72
65002
328808
301083
328706
300935
300791
300763
328518
300531
277147
300443
300383
73
300211
275417
300035
179841
111
250536
328182
328154
299775
328110
122
94
299539
277962
327906
299335
327862
175723
49701
21543
74
298871
75
98190
327572
28377
79
327498
139
327456
298375
71404
327398
102566
298143
327296
327280
114210
327222
74
280382
93
134394
297735
103
24624
327048
297503
71
102
135027
326932
297387
326918
297359
326888
121039
297011
84961
326670
326656
180623
18189
296631
296515
73
204696
296399
296283
326364
221864
64537
73
58282
300626
295963
295847
118649
295787
295375
47812
113993
295527
104
295439
102
254652
325870
325856
295235
325826
325812
325782
295091
69484
295031
294975
139
71
286159
103
39884
87
294683
325550
67563
324711
100
132
294419
325434
27090
325360
32428
294071
104
294043
325230
265584
293955
325186
293779
110793
293607
72
293491
288510
293403
324924
324910
195249
85104
6845
293171
324778
293055
324736
324706
1863
285454
324648
292675
151759
324502
292471
292383
292295
324314
238063
292123
129
324256
74
137120
323994
323978
323950
68787
290691
291191
291047
323746
290959
290899
323674
112424
100
75
323528
290551
71
80
108
290375
138
323382
290291
290259
290175
323310
77369
73352
289999
323222
53038
257116
323178
289823
179504
289707
323034
289503
322976
289475
87
72
104
289183
100
322800
289095
82
322714
315419
322598
322568
287926
73847
288339
322364
322306
75
250271
94
86736
287991
221054
96
287847
322146
271886
86
287671
103871
287615
322030
132
122
287411
321928
280444
287175
73
287003
321724
286975
286771
286711
286683
321550
132
321492
286507
192987
321390
286303
321360
31723
286159
321244
321158
285839
285779
86
285751
321098
321084
321040
285575
321012
130311
71
246964
285199
320822
285171
295244
320794
162
284967
73
284907
284879
272304
80
284791
221663
320546
275317
284295
284267
320298
320284
284095
284063
320226
320198
283919
320168
95
283775
320022
102
319994
319964
319920
283367
319892
95
283191
283163
319790
319776
283047
319746
282987
32334
211648
152
117515
319616
236187
282727
211657
277003
100
319528
76729
72
282495
282231
282203
282175
71
282055
319252
137876
281939
319194
281911
184466
281767
281735
187926
281591
319018
118422
319004
318976
318902
71
318888
281299
60872
318844
143
214472
272167
119318
281067
162797
73
280979
280895
121686
318582
72
81
318510
134588
280283
186663
280223
13569
318306
283287
190125
280051
318218
73
318160
318146
203533
279759
318074
318058
318044
318030
73
316900
279467
317942
317928
71
317856
317812
207499
279059
255809
88
71
278535
103
278419
317434
317404
317390
278275
223743
317346
309018
278187
278131
317288
268450
302924
317216
277927
104
317172
277867
317114
277751
193561
317070
109
270484
211351
89
277431
277375
316910
277315
316880
277227
316838
164129
151
85337
118
316764
92
316750
94
45136
9905
269185
316678
316648
316634
276791
316604
276703
117
276587
174325
276531
157979
316430
276355
304640
316240
289237
110
316110
275715
275571
275539
72
315906
315892
273410
139213
315834
219286
45456
275047
315718
274899
315658
274783
86
94
73
89250
74
274435
274407
315412
274319
78995
80831
56071
274027
74
273939
315194
315178
217401
273855
89
194610
273707
75
315004
71
273503
314960
278356
104
72
273271
273127
314758
197935
314670
314598
72
314582
272575
272543
272515
314480
272487
272455
272427
314422
272371
272339
314378
272283
272255
314350
314306
234806
272107
89
272051
101
71
103
115
271787
314118
271759
314000
271527
230182
313958
271439
271323
313826
313812
70298
271059
313754
271031
85
4800
313680
145
313622
270771
313564
270623
313536
313492
81
313448
313434
72
313404
270335
116
186089
313274
104
270015
269983
269955
313158
86
313098
313070
269635
94954
310589
269459
101
174238
269403
147
74
269287
269255
312852
269199
312822
260006
116
292406
312720
115
312662
268819
230633
312560
312546
312518
312458
268443
268415
268383
312400
312372
268239
268179
312314
268151
312284
268095
232733
312240
267975
82
312168
105878
215781
267803
312124
167
312096
267599
262406
72
267395
208355
267307
71
311862
311848
311818
267163
311776
267015
273614
311702
266899
266871
311644
311630
167962
266727
215184
311528
89
266495
311456
266435
179012
266407
311412
266347
73
311280
311252
265939
265883
271279
265767
311106
265679
265651
73703
310976
310960
115
102
265271
310858
199023
310844
265215
265127
310786
265095
310758
265039
310714
264835
264719
264691
34255
310524
264575
264515
310480
264487
221804
154
310452
149322
210
264371
264311
264283
264195
223049
310292
43827
103
115
73
124
97
152
257835
86
263583
263555
263467
309958
263439
263379
161
229835
246008
263295
309870
56161
309856
263235
309840
309826
184
309812
309782
263003
262915
262887
309652
262739
309594
309578
262683
262623
290690
262567
117
189598
262479
59798
262335
309390
71
103
248827
309258
309230
309216
199758
309114
80
261723
309084
259142
71
261459
308954
261431
261403
140
308896
308880
138
132
308838
132
261171
257254
308736
203191
93
308634
260791
260735
308590
308532
260559
286050
95
308416
308372
308358
308342
159117
308270
308256
308212
308182
253730
259831
308138
259687
308066
95
259571
201024
307994
225270
259423
259367
307906
259219
72
259075
73
307674
258871
258815
258783
307586
258695
93
234343
8101
73
307498
258495
258463
307398
307368
307354
258231
307338
258203
86
307266
118
307252
307222
307208
87
257823
52158
232276
257707
307062
307034
257535
257475
119717
257447
257415
257331
306888
257271
306858
188873
257215
257183
257155
227726
139
256979
72
306698
256923
281732
111
306656
306612
306598
256719
306510
256543
306496
94
133019
256455
306438
306422
256371
181
306378
306364
259902
253
152
306234
255963
306204
100
306160
306132
306118
306102
255699
306074
306044
73
97
305972
238821
255439
255379
305898
305870
220590
305812
305768
73
305738
255003
305724
305696
131
254855
305652
254827
305638
115
107825
254711
305578
254683
254595
305506
254535
182041
88248
137
254391
72
103
254187
93
73
254043
305244
254015
116
101362
253927
305186
253895
305172
305158
253811
305098
253723
87
253575
305012
304998
304982
304968
253431
93
253343
23027
253287
253255
304822
170108
110
96
72
304706
104
252907
304678
252879
252763
71
252675
304560
28363
304546
252587
252559
118
252531
304488
141249
304474
252443
304444
304430
79
252295
304372
139
304358
252239
252211
259087
142419
172
304256
304240
252007
251947
103140
283506
78
304110
251743
304096
304080
251687
122
154
251571
304008
117
303950
251395
303920
303906
119689
52232
251307
303878
303848
111
251191
303818
167
303804
303790
124
251015
250987
241396
303702
250899
303630
250695
303542
250611
218966
110
115
147
303426
250347
250319
125
303354
303324
250143
102
96
248428
86
249971
303194
249911
303178
303164
249855
174
244486
303136
234
249767
249735
303092
225162
303078
249651
283854
302990
249415
302918
249331
249271
302858
130
17906
138
246181
249155
302800
302786
302772
249067
302742
249011
302714
248923
94
302640
131649
148878
225482
77295
248487
302466
248455
108
132
248371
248339
302394
302378
248283
147
302336
132
248167
273280
190311
51475
248079
302262
248019
302234
302204
247935
302190
247847
302146
118
302132
302118
247699
161322
302058
247643
124
220667
302016
302000
301986
247467
301958
185868
247351
301898
301870
247263
247207
256993
105060
94
247031
247003
301724
246975
246943
115
127242
301638
246771
78
246595
246507
301478
103
301448
223359
301418
246363
301404
246247
301346
301332
246187
280086
246159
246131
246071
301258
246043
168
301216
245955
224
301158
301142
245811
138
173205
245723
301084
245663
9635
245607
245547
294734
245519
300982
236937
115
245431
300910
112678
300896
300866
245255
229017
146
182612
245171
168
300778
151
245023
86
244995
300720
242138
244935
102152
280160
244851
94
237228
193743
244703
300576
218
244587
244559
129642
244471
196
203506
101
244383
300416
244355
244327
244295
74
300328
244179
244151
244123
300284
244035
300212
243919
300182
243891
300154
243831
140
300110
243687
300066
243599
300022
243571
117
243367
299906
86
103
39820
103
299790
135228
72
243015
242987
172493
237716
188
299688
242899
242871
299658
299600
242695
299572
122
299542
152
73
299498
242523
242463
242435
299440
242407
299426
206
42793
218602
237818
147
155266
299354
299296
242115
299252
70151
241999
299222
299208
299194
299178
241883
299164
299120
79
299106
241707
299048
241563
299004
298990
298976
241475
176
115
298946
298932
124
298918
298902
241331
298874
211
241215
241183
66602
115
150515
241039
148787
298714
59854
298656
298640
298626
210
240747
298598
240719
129
161
240575
298466
298452
240427
240339
298394
298378
240283
151404
215707
240167
298278
298262
240051
239991
88
107
239875
298160
298074
263219
45612
298030
298016
239555
297986
239495
297958
239439
239411
297928
239379
239351
239295
239263
240
297826
297812
297782
142929
297754
239031
155
98341
238975
297710
297680
297666
104
238827
238799
88
238739
238711
144744
226326
238655
297536
238567
238535
52008
297478
297462
279826
238419
238391
140
171729
238335
297376
238275
238247
297346
238215
270
297318
238131
122224
297274
238071
125
224
297200
297128
237779
101
297098
161
45978
217
237635
249
297026
237575
297012
296938
94
237343
112994
237227
41439
159484
296794
296778
296764
237023
296736
236995
296720
174
296678
236879
296648
236791
296604
296590
296576
236675
236647
296546
236615
259603
83041
296518
217120
236355
296400
236327
296386
195577
296342
85351
90
236123
296284
236063
236035
296240
296226
235891
296154
296138
296124
78
296110
221002
3991
235715
296066
235655
210
168
235599
190
204931
225089
295994
235511
295978
210689
235423
295936
235395
295920
295906
232
295862
295848
235219
181308
235191
130
209431
295776
295746
234959
295702
180291
234899
295674
93
234755
234695
72
234667
295558
295542
234611
295528
101
26027
163533
295456
295440
234407
285150
295412
27324
166
234231
295338
234203
295324
234175
295310
159
234115
295252
226610
295238
233971
132
233911
295178
233883
233855
295092
221729
295062
295048
233619
295034
233591
233563
295004
233535
294990
233447
233387
233359
224815
116007
233299
222676
294800
233127
294786
233095
294772
233039
294742
232951
15585
81
294670
294656
232835
138
111
232747
232719
294582
138
232659
294554
169932
294538
232603
226
294510
277498
232515
294466
119
294452
147
232399
232371
221126
294394
232255
232223
83565
294306
166974
232107
104
294248
232019
294234
294218
231935
294190
294176
294160
231815
231787
294102
231671
294058
231643
294044
118
294016
231555
231527
231439
293942
148215
231379
293914
231295
293870
231263
293856
231235
293840
231207
293826
293782
231091
160
34285
293754
115
293724
143
293710
224
293680
230827
293638
183
230771
293608
230711
293578
230655
230623
293536
230595
102
230535
293492
230507
293478
200822
230451
173
230363
160
230335
230303
293332
95
293318
293274
72
18066
168893
229955
293200
124
293172
229867
293158
229839
293142
293114
229723
114
229663
293056
94
47005
293012
146
292998
174
182
229491
229459
292954
229431
292938
229403
233
229315
97180
229287
292866
95879
203
229199
292822
149264
292794
229111
292778
229055
292750
183
292720
228967
228935
292692
228879
292662
228819
228791
81
228735
292576
228675
292560
292532
228587
115874
228559
228531
152
228499
180
211
120507
292444
292416
228355
292400
222677
167046
292372
252
224371
228151
111
228123
292284
122383
272229
292256
292240
181
227947
101
292182
227891
292168
227859
227831
292138
227803
292124
292096
227715
292080
292052
88
292022
292008
227511
291964
227423
227367
227335
291892
227307
291878
179702
227251
291848
227219
177374
167
227135
144
227103
291776
227075
227015
100
226987
138057
14006
217475
69235
226871
291658
230619
291630
291616
73
291558
226639
291542
226611
226579
291514
189
291498
226523
175
291470
226463
291456
211
226319
99504
291368
226259
216654
291338
188
226175
291310
248
291296
226115
162000
249
291252
291238
225999
31267
225971
254
225939
291194
74654
314
225883
342
225795
291120
291092
225679
111
225619
291034
124
291018
225535
138689
89
154579
290946
225415
145
225387
290918
205
225331
193382
225299
290874
290844
225215
290816
225155
225127
290786
60740
108
290742
136
290728
168
202
196
202959
224863
290656
224835
290640
224775
224747
73
290510
224515
224455
224427
74
224371
290408
130
224311
266870
290364
222088
224195
224167
290306
224135
290292
166
198
224019
174828
166565
223963
260695
223935
181
209
276917
171525
269
289903
223787
223731
223699
290074
290058
223643
175
223615
203
223583
290016
225
253
173368
223495
289972
223467
341
190
223379
159
223351
258994
223323
223295
145
223263
223235
289840
223207
289826
289798
289782
223091
223059
223031
289724
222943
222915
289652
222827
222799
289622
189037
289608
222711
222655
289550
168
289536
289520
222567
247320
222535
289492
222479
289462
289448
289434
222391
271
289376
222275
289360
289318
79
222099
86
196311
289258
222043
289244
289230
153540
289216
221955
234
210
221895
289172
289142
221811
289128
289098
187390
289070
221663
289056
289040
221607
289026
221575
289012
221547
288998
221519
409
221491
437
173417
234
166
288910
221343
288896
155877
279120
221255
378
221227
288838
288822
288808
288794
221111
288778
288764
93
129120
288736
288720
288706
220935
288692
220907
288678
34538
288634
88
152346
220735
288590
288560
220647
220615
288532
220587
220531
288488
216901
288474
220471
155
58151
288430
220383
288416
220327
288372
146
248934
220239
288342
288314
220151
288298
220123
288284
159431
154820
288240
220007
288226
219975
288182
288168
104
146347
288138
219803
162
188
190
219743
288096
219715
288080
219687
288066
219655
306
219627
364
288022
219571
253479
219511
287978
219483
219455
287950
287936
298
287906
109
287878
287862
176092
287848
219219
224
40742
76205
219163
219135
210
219103
287776
219075
287760
298
219015
287732
287718
218959
218899
205490
287658
218843
218815
287630
218755
287600
218727
218695
218667
287558
218639
218611
102
137344
213599
287498
181103
218463
287456
218435
218407
253022
218375
130
213629
287382
218291
124197
287338
287324
287310
218143
218087
74094
218055
154
217999
287222
287208
287194
217911
217883
146
217855
217823
137
147031
287120
91512
287092
215345
287078
287062
217619
168
217563
217535
190195
172438
217447
62211
217415
130
217387
158
217359
190
217331
218953
217299
246
217271
286858
41978
217215
286830
286816
127598
286800
217127
286786
217095
217067
275
217039
286742
286728
216979
286714
216923
286684
54181
216863
286656
286640
286626
216775
60575
286598
208843
299
286554
216603
216575
216543
286496
182
286466
216455
286452
216399
286422
216339
286394
286378
216283
216255
286350
216195
286320
216167
286306
216135
226
286278
216079
286262
220
286234
215991
286218
276
286204
131670
215903
286176
215875
286160
215847
241
183177
269
215787
286118
329
215731
286088
212617
286
215643
286044
215615
286030
286016
218
286000
215527
285986
215495
285972
215467
285958
215439
285942
215411
215379
392
215351
285898
215295
285856
232
285840
215207
215175
285812
158
285782
215091
285768
215059
246
285738
215003
165
285710
214943
285696
214915
285680
214887
285666
134647
107387
214799
279058
214739
333
285578
285564
93
66954
285536
214595
285520
214535
217
285478
214479
285448
214419
285434
214391
234
214363
285404
217
249
285376
214275
285360
305
285346
214215
365
285318
214159
285302
214131
214099
63984
214071
285258
214015
285230
285200
285186
149722
285158
213839
129
213779
101
213751
213723
285084
213695
107
213635
253
116
285012
213547
284998
213519
284982
213491
5798
284954
284938
213403
284924
213375
9287
213343
213287
284866
241
284838
213199
162401
182
213139
284794
213111
213083
284750
213023
165
212995
43709
212935
284692
212907
201
104812
284662
284648
212819
284634
220
321
212763
172146
198341
284590
212703
284576
212675
284560
212615
284532
142274
187678
284502
38540
95315
212471
284458
284444
130
399
212383
284416
212355
284400
487
212295
515
284358
153
284342
284328
133
212151
173078
284284
137
17914
297
212035
284240
212007
284226
211975
211947
284198
211891
284168
271
284154
211831
239
284096
211715
284080
210
284066
173
211627
284038
211599
233
211571
284008
211539
283994
269
53864
211483
283964
325
283950
187322
111991
87442
211367
283906
211335
283892
211307
211279
283862
283848
283834
489
211163
283804
283790
211103
573
211075
283760
283746
372
210987
486
210959
283702
217
266884
210899
283674
210871
283658
283644
210815
283630
271
283600
218
283586
210695
210667
283
210639
315
162790
283528
210579
283514
210551
283498
283484
283470
210463
283456
202879
210407
283426
210375
283412
210347
283398
210319
210291
283368
283354
283338
210203
283324
210175
283310
234
283296
210115
283280
210087
473
283252
210027
261
283222
209971
283194
210635
209883
306
209855
283150
283136
92078
283106
209735
256898
283078
209679
151
283048
209619
33170
278
209563
282990
209503
175
139667
209447
10073
209415
282932
209387
282918
282902
209299
209271
282858
209243
56275
282816
101285
282800
209127
146
209095
282772
196
282742
209011
282728
256
30604
282698
208923
282684
208895
282670
193686
293
180
282626
208747
282582
208691
249655
207010
233
208631
282538
190093
282524
208575
282510
255
282496
283
282480
311
282466
208455
282452
208427
282438
208371
343
282394
208311
98169
208283
103019
208255
282350
187984
247312
208195
262
208135
208107
165
208079
197
208051
225
208019
207991
282218
207963
282204
167371
282190
207903
207875
191
668
282146
207815
196938
728
282118
756
307
207731
335
207699
282074
844
282058
872
207615
282030
207583
282016
207555
282000
207527
225408
207495
235211
207467
281958
207439
281942
207411
281928
281914
207351
207323
281884
207295
281870
207263
13410
207235
281840
959
281826
207175
281812
1019
207119
281782
207091
207059
281754
1135
78242
207003
281724
206975
281710
206943
281696
206915
281680
206887
281666
206855
281652
206827
206799
281622
281608
206739
186428
206711
281578
206683
281564
134593
206623
281536
206595
281520
206567
365
281492
706
206479
281462
202058
206419
281434
206391
102664
206363
281404
206335
277
206303
281376
186089
493
132000
206215
85570
206187
281318
581
281302
178966
281288
281274
349
281258
281244
206015
597
281200
205927
281186
125
281172
281158
205839
281128
205779
191693
281098
205723
281084
205695
281070
205663
348
269
281040
297
281026
329
281012
205519
280982
205491
280968
205459
364
205403
280924
205375
280910
205343
280896
111962
205287
280866
205255
280852
280838
156994
280822
201026
280808
205139
280794
205111
280778
205083
205055
280736
226
204967
280706
280692
204907
280678
204879
204851
232
280634
204791
280618
180
280604
277413
204703
280576
204675
408
204647
280546
204615
138269
204587
268025
204559
280502
204531
552
234243
280458
204443
280444
144630
240171
194901
280416
204355
204327
280386
204295
280372
204267
572
204239
244048
420
632
204179
660
90762
280298
508
155826
280270
387
280256
189787
808
204007
280226
159555
280212
203947
280182
203891
280168
203859
280154
203831
280138
115244
203775
280110
280096
203715
280080
201484
280066
215843
190427
280038
203599
139055
158666
280008
241
1017
279978
203483
279964
203455
279950
203423
279936
203395
279920
203367
203335
279892
203307
83853
203279
859
279848
203219
915
179039
279818
203163
279804
203135
1003
437
279776
203075
279760
493
279746
525
279732
202987
1147
202959
1179
202931
279688
202899
279674
669
196465
793
202815
279630
202783
279616
202755
279600
202727
279586
202695
184596
873
279558
202639
997
202579
279514
202551
279498
202523
240135
236847
504
116580
202435
279440
279426
202375
279412
202347
279398
138281
279382
202291
279368
432
279354
173235
279338
168514
279324
516
279310
202143
279296
202115
202087
66306
636
202027
279238
279222
201971
279208
439
471
201911
503
495
279164
201855
279150
201823
587
201795
279120
69861
201735
279092
201707
427
699
459
201651
279048
759
515
201591
547
815
279004
201535
875
278976
278960
278946
128893
450
201387
478
278902
239
538
201299
278874
201271
278858
201243
626
278830
201183
278816
219
278800
247
278786
201095
278772
201067
278758
335
278742
201011
858
200979
141671
200951
278698
200923
278684
479
278252
511
278656
539
278640
200807
278626
172129
278612
200747
278598
655
278582
200691
278568
191351
225109
49543
278538
200603
278524
200575
278510
200543
278496
859
278480
887
200455
1003
947
278438
200399
1063
200371
242142
200339
71963
200311
1151
1091
1179
1119
278350
1151
278336
278320
200167
1295
200135
278292
200107
1351
200079
1383
200051
278248
1035
278234
199991
139057
199963
278204
199935
1527
199903
1555
199875
225917
169657
1615
199815
278132
199787
278118
1295
278102
1323
278088
199699
271909
199671
278058
1411
1819
199615
278030
1471
1875
199555
1907
199527
277986
199495
277972
199467
277958
199439
2023
199411
2051
1675
277914
199351
199323
277884
199295
277870
277856
199235
7871
199207
1578
1333
1606
1361
1634
199119
277782
199091
277768
1449
261539
199003
198975
277710
198943
277696
198915
277680
198887
198855
277652
198827
198799
277622
1155
277608
1187
277594
198472
277578
198683
131303
198655
226113
198623
277536
123365
277520
143825
277492
198507
311
198479
277462
198451
277448
198419
277434
198391
277418
901
277404
198335
277390
961
277376
989
268085
198247
277346
1049
46938
67303
252788
198159
277302
198131
277288
198099
277274
165132
277258
198043
779
198015
277230
192675
247109
1309
277200
197927
265051
197895
197867
277158
197839
171914
197811
277128
197779
277114
1513
277098
1541
277084
197695
277070
197663
277056
197635
277040
197607
277026
197575
277012
1717
87227
197519
276982
197491
276968
197459
276954
197431
276938
1861
276924
197375
276910
1921
276896
197315
276880
197287
276866
197255
1287
197227
276838
197199
276822
2093
276808
276794
197111
205394
1417
276764
197055
1491
197023
276736
196995
276720
196967
187826
181009
276692
196907
276678
196879
276662
196851
276648
1681
276634
1709
276618
196763
276604
196735
276590
196703
276576
196675
276560
196647
274826
66995
196587
276518
196559
276502
196531
2015
196499
276474
196471
259866
196443
219582
196415
276430
196383
276416
117721
276400
196327
2219
196295
2247
196267
276358
195963
2307
196211
276328
276314
196151
276298
1002
2423
62238
276270
196063
276256
2511
196007
276226
100239
276212
195947
276198
195919
142823
21868
276168
195859
276154
126558
276138
195803
276124
195775
2771
749
276096
195715
276080
23206
2859
837
276052
195627
2915
195599
180961
195571
276008
953
3003
195511
275978
195483
275964
195455
275950
183155
275936
195395
275920
195367
271226
195335
275892
144493
275878
195279
25055
195251
275848
195219
3323
195191
275818
195163
275804
195135
275790
195103
275776
195075
275760
195047
3499
187053
275732
194987
275718
193236
172095
194931
150160
1593
275674
194871
3675
194843
275644
1677
1709
49998
194755
275600
194727
275586
194695
275572
1825
275558
194639
122685
194611
275528
194579
275514
163606
275498
136201
275484
194495
275470
2029
275456
194435
275440
57999
3121
130653
275412
194347
275398
2173
252215
194291
3237
194259
275354
194231
275014
194203
275324
194175
275310
2349
3381
194115
275280
194087
3441
194055
275252
2465
275238
193999
3529
193971
275208
3585
193911
275178
193883
275164
193855
275150
193823
275136
193795
3733
1925
275106
193735
275092
193707
275078
191251
275062
2041
275048
193619
275034
44757
275018
193563
275004
2157
274990
193503
90115
193475
274960
193447
274946
2277
274932
193387
274918
2333
274902
274888
193299
147883
1600
174838
1628
274844
1656
274830
193183
193155
274800
193127
274786
1776
3018
193067
274758
1832
3078
193011
271852
192979
274714
192951
156242
192923
274684
1976
274670
192863
274656
192835
274640
192807
3310
192775
274612
192747
274598
192719
3398
2180
274568
192659
274554
192631
274538
192603
274524
192575
274510
192543
274496
2356
274480
192487
274466
97046
274452
27768
274438
192399
3718
157234
274408
192339
203793
2560
3806
192283
274364
192255
256913
192223
274336
192195
3922
2704
274306
192135
274292
192107
274278
192079
168822
2820
274248
192019
274234
191991
274218
191963
274204
191935
4182
169467
274176
191875
4242
191847
274146
167969
274132
191787
4326
3112
274102
191731
274088
191699
274074
191671
274058
191643
274044
191615
274030
191583
274016
191555
274000
191527
48735
191495
273972
40102
273958
273942
2275
273928
2307
4734
191351
273898
191323
273884
191295
273870
2423
273856
191235
273840
191207
273826
191175
273812
191147
273798
130994
273782
191091
5026
2627
273754
191031
273738
191003
273724
190975
273710
190943
273696
190915
273680
190887
273666
190855
273652
190827
273638
2887
273622
190771
273608
92283
273594
190711
273578
190683
273564
190655
176800
190623
273536
190595
273520
190567
273506
190535
273492
190507
273478
190479
5638
190451
273448
190419
5694
3295
164700
190363
273404
3351
5782
3383
273376
3411
273360
190247
126451
190215
273332
190187
169373
190159
273302
190131
262338
190099
273274
190071
116496
190043
273244
190015
273230
189983
273216
189955
6162
189927
273186
3791
273172
189867
273158
3847
273142
189811
273128
189779
273114
158762
273098
189723
220237
169467
273070
182370
4051
144518
189607
273026
189575
4313
4139
272998
189519
272982
189491
272968
189459
129831
189431
4461
4283
4489
189375
272910
189343
272896
4371
272880
189287
272866
189255
272852
4459
272838
127183
272822
4515
272808
189139
272794
189111
4781
4603
272764
189055
272750
46162
4865
188995
4897
188967
272706
188935
272692
188907
272678
188879
5013
188851
272648
4867
272634
188791
272618
67568
272604
188735
272590
188703
272576
188675
272560
188647
5245
188615
272532
188587
272518
188559
185325
188531
5361
188499
272474
188471
210521
188443
272444
179862
272430
188383
272416
5331
5537
107205
18445
188295
5593
188267
272358
188239
272342
188211
5681
172027
272314
188151
272298
188123
272284
188095
5797
188063
265787
188035
265313
40952
272226
187975
272212
187947
116784
187919
272182
187891
272168
187859
6029
187831
6061
187803
272124
187775
272110
187743
272096
42262
6177
187687
272066
187655
272052
187627
272038
187599
107972
187571
272008
6147
271994
187511
271978
187483
239793
187455
271950
187423
271936
187395
271920
187367
271906
116253
271892
187307
271878
187279
6613
187251
271848
187219
271834
187191
271818
187163
271804
187135
271790
187103
271776
6611
271760
6639
143549
187015
271732
186987
271718
186959
271702
150055
271688
186899
245974
186871
271658
186843
210877
186815
227058
186783
271616
186755
271600
186727
7165
186695
271572
185715
271558
186639
7253
186611
271528
138144
271514
186551
271498
186523
271484
116171
271470
34045
271456
186435
270375
116957
7485
144355
271412
7339
7541
186319
271382
186291
271368
186259
271354
186231
271338
186203
271324
113525
80363
186143
271296
186115
271280
186087
271266
7631
167432
186027
271238
185999
271222
185971
271208
185939
271194
185911
157631
7803
271164
7831
271150
185823
8065
185795
83863
185767
8125
7951
271092
185707
271078
185679
257211
185651
8241
8067
8269
185591
271018
185563
271004
185535
8357
159461
270976
185475
238353
185447
270946
185415
8473
185387
270918
185359
270902
185331
270888
185299
270874
8415
8621
185243
84110
185215
184451
185183
8705
185155
270800
185127
270786
185095
270772
185067
270758
185039
270742
185011
8881
184979
270714
184951
270698
184923
270684
184895
270670
184863
262791
184835
9057
8879
270626
184775
9113
184747
98755
8967
270582
184691
270568
184659
270554
184631
270538
184603
230542
9111
270510
184543
9345
9171
270480
184487
270466
184455
9433
184427
270438
9287
270422
184371
270408
9347
270394
184311
270378
184283
270364
184255
245662
184223
270336
184195
197648
9519
268070
184135
270292
184107
270278
184079
9813
184051
270248
140079
9869
183991
270218
183963
9929
183935
134065
9783
185409
9811
270160
183847
270146
183815
270132
175199
270118
183759
130263
9955
191429
183699
270074
10015
270058
10043
270044
183615
100116
183583
270016
183555
262404
10159
269986
10191
175839
157075
269958
183439
10453
183411
108378
10307
10509
183351
269898
183323
269884
183295
269870
183263
269856
183235
269840
10479
269826
183175
269812
152566
269798
10567
269782
183091
10801
183059
269754
183031
269738
183003
269724
10711
269710
182943
269696
182915
269680
182887
269666
182855
269652
182827
219363
10887
246455
182771
269608
182739
11149
182711
269578
11003
269564
182655
269550
112457
125817
182595
269520
182567
269506
182535
269492
182507
269478
182479
11413
182451
269448
165482
269434
11295
269418
182363
269404
182335
269390
182303
269376
11411
269360
182247
269346
182215
269332
182187
269318
182159
156022
182131
145745
182099
269274
11615
269258
11643
269244
182015
269230
181983
11905
181955
269200
181927
269186
181895
269172
181867
269158
181839
269142
181811
269128
11907
269114
181751
269098
11963
12169
174393
269070
181663
12225
12051
269040
181607
269026
12111
269012
168827
118005
181519
268982
181491
268968
181459
245618
181431
217169
180320
12489
181375
12517
181343
268896
181315
